(lp0
(F0.09922222222222223
F0.105
F0.096
tp1
a(F0.8707777777777778
F0.862
F0.898
tp2
a(F0.9008888888888889
F0.886
F0.924
tp3
a(F0.9137777777777778
F0.89
F0.926
tp4
a(F0.9231111111111111
F0.903
F0.932
tp5
a(F0.9274444444444444
F0.907
F0.938
tp6
a(F0.9307777777777778
F0.912
F0.939
tp7
a(F0.9335555555555556
F0.912
F0.942
tp8
a(F0.9364444444444444
F0.908
F0.943
tp9
a(F0.9381111111111111
F0.911
F0.943
tp10
a(F0.94
F0.91
F0.941
tp11
a(F0.9401111111111111
F0.911
F0.941
tp12
a(F0.9406666666666667
F0.91
F0.944
tp13
a(F0.9421111111111111
F0.91
F0.945
tp14
a(F0.9436666666666667
F0.911
F0.946
tp15
a(F0.946
F0.911
F0.946
tp16
a(F0.947
F0.914
F0.946
tp17
a(F0.948
F0.915
F0.946
tp18
a(F0.9505555555555556
F0.915
F0.95
tp19
a(F0.9521111111111111
F0.92
F0.95
tp20
a(F0.9534444444444444
F0.925
F0.948
tp21
a(F0.9545555555555556
F0.926
F0.949
tp22
a(F0.9558888888888889
F0.927
F0.951
tp23
a(F0.9564444444444444
F0.926
F0.951
tp24
a(F0.9574444444444444
F0.927
F0.951
tp25
a(F0.9587777777777777
F0.928
F0.952
tp26
a(F0.9587777777777777
F0.927
F0.951
tp27
a(F0.9595555555555556
F0.926
F0.951
tp28
a(F0.96
F0.926
F0.952
tp29
a(F0.9606666666666667
F0.925
F0.952
tp30
a(F0.9612222222222222
F0.925
F0.951
tp31
a(F0.9621111111111111
F0.926
F0.953
tp32
a(F0.9622222222222222
F0.923
F0.953
tp33
a(F0.9625555555555556
F0.923
F0.95
tp34
a(F0.9631111111111111
F0.923
F0.952
tp35
a(F0.9637777777777777
F0.926
F0.952
tp36
a(F0.964
F0.926
F0.951
tp37
a(F0.9638888888888889
F0.926
F0.949
tp38
a(F0.9645555555555556
F0.926
F0.947
tp39
a(F0.965
F0.927
F0.947
tp40
a(F0.9651111111111111
F0.926
F0.949
tp41
a(F0.9651111111111111
F0.927
F0.95
tp42
a(F0.9658888888888889
F0.925
F0.948
tp43
a(F0.9658888888888889
F0.926
F0.948
tp44
a(F0.9661111111111111
F0.926
F0.947
tp45
a(F0.9662222222222222
F0.924
F0.948
tp46
a(F0.9664444444444444
F0.923
F0.948
tp47
a(F0.967
F0.926
F0.948
tp48
a(F0.9672222222222222
F0.926
F0.949
tp49
a(F0.9675555555555555
F0.927
F0.95
tp50
a(F0.9676666666666667
F0.928
F0.95
tp51
a(F0.9677777777777777
F0.929
F0.95
tp52
a(F0.9681111111111111
F0.927
F0.949
tp53
a(F0.9683333333333334
F0.927
F0.949
tp54
a(F0.9684444444444444
F0.927
F0.95
tp55
a(F0.9686666666666667
F0.927
F0.951
tp56
a(F0.9685555555555555
F0.926
F0.951
tp57
a(F0.9687777777777777
F0.926
F0.952
tp58
a(F0.9692222222222222
F0.924
F0.951
tp59
a(F0.9692222222222222
F0.924
F0.952
tp60
a(F0.9692222222222222
F0.926
F0.952
tp61
a(F0.9695555555555555
F0.924
F0.95
tp62
a(F0.9695555555555555
F0.924
F0.95
tp63
a(F0.9695555555555555
F0.923
F0.95
tp64
a(F0.9695555555555555
F0.924
F0.949
tp65
a(F0.9696666666666667
F0.923
F0.949
tp66
a(F0.9692222222222222
F0.924
F0.949
tp67
a(F0.9697777777777777
F0.924
F0.95
tp68
a(F0.97
F0.924
F0.949
tp69
a(F0.9708888888888889
F0.923
F0.95
tp70
a(F0.9707777777777777
F0.923
F0.949
tp71
a(F0.9706666666666667
F0.923
F0.947
tp72
a(F0.9704444444444444
F0.924
F0.946
tp73
a(F0.971
F0.923
F0.946
tp74
a(F0.9712222222222222
F0.924
F0.947
tp75
a(F0.9707777777777777
F0.921
F0.946
tp76
a(F0.9712222222222222
F0.921
F0.947
tp77
a(F0.9712222222222222
F0.919
F0.947
tp78
a(F0.9716666666666667
F0.919
F0.947
tp79
a(F0.9715555555555555
F0.92
F0.947
tp80
a(F0.9716666666666667
F0.921
F0.946
tp81
a(F0.9718888888888889
F0.921
F0.946
tp82
a(F0.9717777777777777
F0.922
F0.947
tp83
a(F0.9715555555555555
F0.926
F0.949
tp84
a(F0.9718888888888889
F0.923
F0.949
tp85
a(F0.9723333333333334
F0.922
F0.95
tp86
a(F0.972
F0.923
F0.948
tp87
a(F0.9722222222222222
F0.923
F0.95
tp88
a(F0.9716666666666667
F0.923
F0.951
tp89
a(F0.9722222222222222
F0.925
F0.952
tp90
a(F0.972
F0.923
F0.949
tp91
a(F0.9718888888888889
F0.924
F0.951
tp92
a(F0.9721111111111111
F0.923
F0.95
tp93
a(F0.9725555555555555
F0.926
F0.951
tp94
a(F0.9721111111111111
F0.924
F0.95
tp95
a(F0.9724444444444444
F0.925
F0.951
tp96
a(F0.9731111111111111
F0.923
F0.948
tp97
a(F0.9735555555555555
F0.924
F0.951
tp98
a(F0.9735555555555555
F0.925
F0.949
tp99
a(F0.9734444444444444
F0.924
F0.95
tp100
a(F0.9735555555555555
F0.925
F0.95
tp101
a.