(lp0
(F0.10055555555555555
F0.103
F0.094
tp1
a(F0.8753333333333333
F0.854
F0.896
tp2
a(F0.8941111111111111
F0.876
F0.905
tp3
a(F0.9008888888888889
F0.877
F0.91
tp4
a(F0.9056666666666666
F0.879
F0.916
tp5
a(F0.9095555555555556
F0.883
F0.913
tp6
a(F0.9121111111111111
F0.885
F0.919
tp7
a(F0.9141111111111111
F0.884
F0.913
tp8
a(F0.9126666666666666
F0.888
F0.912
tp9
a(F0.9206666666666666
F0.889
F0.917
tp10
a(F0.919
F0.889
F0.924
tp11
a(F0.9151111111111111
F0.884
F0.918
tp12
a(F0.9158888888888889
F0.885
F0.918
tp13
a(F0.9197777777777778
F0.887
F0.922
tp14
a(F0.9241111111111111
F0.894
F0.923
tp15
a(F0.9256666666666666
F0.891
F0.928
tp16
a(F0.9232222222222223
F0.89
F0.921
tp17
a(F0.9262222222222222
F0.893
F0.927
tp18
a(F0.9271111111111111
F0.891
F0.928
tp19
a(F0.93
F0.895
F0.929
tp20
a(F0.9301111111111111
F0.898
F0.93
tp21
a(F0.9281111111111111
F0.894
F0.927
tp22
a(F0.9285555555555556
F0.896
F0.928
tp23
a(F0.9261111111111111
F0.886
F0.922
tp24
a(F0.9327777777777778
F0.896
F0.925
tp25
a(F0.9335555555555556
F0.902
F0.926
tp26
a(F0.9294444444444444
F0.898
F0.926
tp27
a(F0.9315555555555556
F0.892
F0.929
tp28
a(F0.9294444444444444
F0.894
F0.925
tp29
a(F0.9317777777777778
F0.895
F0.93
tp30
a(F0.935
F0.904
F0.922
tp31
a(F0.9343333333333333
F0.898
F0.928
tp32
a(F0.9338888888888889
F0.895
F0.93
tp33
a(F0.9313333333333333
F0.902
F0.928
tp34
a(F0.9368888888888889
F0.908
F0.938
tp35
a(F0.937
F0.906
F0.93
tp36
a(F0.9348888888888889
F0.912
F0.929
tp37
a(F0.9358888888888889
F0.906
F0.924
tp38
a(F0.9347777777777778
F0.909
F0.927
tp39
a(F0.9336666666666666
F0.902
F0.928
tp40
a(F0.9351111111111111
F0.904
F0.923
tp41
a(F0.9361111111111111
F0.908
F0.926
tp42
a(F0.938
F0.904
F0.93
tp43
a(F0.9377777777777778
F0.903
F0.928
tp44
a(F0.9363333333333334
F0.902
F0.925
tp45
a(F0.9314444444444444
F0.905
F0.925
tp46
a(F0.9396666666666667
F0.908
F0.928
tp47
a(F0.9363333333333334
F0.899
F0.927
tp48
a(F0.9368888888888889
F0.907
F0.922
tp49
a(F0.9372222222222222
F0.9
F0.931
tp50
a(F0.9313333333333333
F0.905
F0.925
tp51
a(F0.9366666666666666
F0.908
F0.932
tp52
a(F0.9318888888888889
F0.897
F0.924
tp53
a(F0.9367777777777778
F0.905
F0.926
tp54
a(F0.94
F0.903
F0.931
tp55
a(F0.9391111111111111
F0.911
F0.931
tp56
a(F0.9347777777777778
F0.903
F0.926
tp57
a(F0.9422222222222222
F0.916
F0.936
tp58
a(F0.9357777777777778
F0.899
F0.933
tp59
a(F0.9401111111111111
F0.914
F0.93
tp60
a(F0.9365555555555556
F0.9
F0.927
tp61
a(F0.94
F0.911
F0.928
tp62
a(F0.9442222222222222
F0.912
F0.932
tp63
a(F0.9406666666666667
F0.907
F0.923
tp64
a(F0.9416666666666667
F0.91
F0.927
tp65
a(F0.9423333333333334
F0.908
F0.927
tp66
a(F0.9392222222222222
F0.904
F0.929
tp67
a(F0.9453333333333334
F0.914
F0.928
tp68
a(F0.9442222222222222
F0.915
F0.93
tp69
a(F0.9434444444444444
F0.913
F0.927
tp70
a(F0.9387777777777778
F0.911
F0.921
tp71
a(F0.9434444444444444
F0.914
F0.927
tp72
a(F0.942
F0.91
F0.93
tp73
a(F0.9433333333333334
F0.913
F0.926
tp74
a(F0.9428888888888889
F0.907
F0.924
tp75
a(F0.9438888888888889
F0.911
F0.926
tp76
a(F0.9431111111111111
F0.907
F0.929
tp77
a(F0.9442222222222222
F0.91
F0.925
tp78
a(F0.9436666666666667
F0.904
F0.927
tp79
a(F0.9436666666666667
F0.904
F0.927
tp80
a(F0.9402222222222222
F0.906
F0.925
tp81
a(F0.9441111111111111
F0.91
F0.927
tp82
a(F0.9411111111111111
F0.904
F0.922
tp83
a(F0.9398888888888889
F0.901
F0.925
tp84
a(F0.9447777777777778
F0.907
F0.93
tp85
a(F0.9398888888888889
F0.904
F0.927
tp86
a(F0.9443333333333334
F0.904
F0.924
tp87
a(F0.9438888888888889
F0.901
F0.923
tp88
a(F0.9447777777777778
F0.905
F0.928
tp89
a(F0.9443333333333334
F0.911
F0.922
tp90
a(F0.9456666666666667
F0.907
F0.925
tp91
a(F0.9446666666666667
F0.901
F0.926
tp92
a(F0.9447777777777778
F0.902
F0.926
tp93
a(F0.9456666666666667
F0.902
F0.922
tp94
a(F0.9427777777777778
F0.908
F0.925
tp95
a(F0.9438888888888889
F0.909
F0.924
tp96
a(F0.939
F0.901
F0.923
tp97
a(F0.9394444444444444
F0.903
F0.917
tp98
a(F0.9468888888888889
F0.907
F0.92
tp99
a(F0.9388888888888889
F0.904
F0.925
tp100
a(F0.9436666666666667
F0.903
F0.921
tp101
a.