(lp0
(F0.13011111111111112
F0.11
F0.138
tp1
a(F0.859
F0.847
F0.906
tp2
a(F0.8707777777777778
F0.863
F0.908
tp3
a(F0.8757777777777778
F0.869
F0.913
tp4
a(F0.8791111111111111
F0.868
F0.912
tp5
a(F0.8813333333333333
F0.867
F0.914
tp6
a(F0.8842222222222222
F0.866
F0.914
tp7
a(F0.8844444444444445
F0.866
F0.913
tp8
a(F0.8856666666666667
F0.867
F0.913
tp9
a(F0.8864444444444445
F0.868
F0.912
tp10
a(F0.8878888888888888
F0.868
F0.911
tp11
a(F0.8888888888888888
F0.869
F0.91
tp12
a(F0.8893333333333333
F0.867
F0.912
tp13
a(F0.8896666666666667
F0.869
F0.912
tp14
a(F0.8905555555555555
F0.869
F0.911
tp15
a(F0.891
F0.87
F0.911
tp16
a(F0.8916666666666667
F0.87
F0.911
tp17
a(F0.8921111111111111
F0.871
F0.911
tp18
a(F0.8922222222222222
F0.871
F0.912
tp19
a(F0.8926666666666667
F0.871
F0.912
tp20
a(F0.8931111111111111
F0.871
F0.915
tp21
a(F0.8936666666666667
F0.871
F0.915
tp22
a(F0.894
F0.871
F0.915
tp23
a(F0.8944444444444445
F0.871
F0.915
tp24
a(F0.8943333333333333
F0.87
F0.915
tp25
a(F0.8946666666666667
F0.87
F0.915
tp26
a(F0.8945555555555555
F0.869
F0.915
tp27
a(F0.8947777777777778
F0.868
F0.915
tp28
a(F0.8948888888888888
F0.87
F0.916
tp29
a(F0.8952222222222223
F0.871
F0.916
tp30
a(F0.8954444444444445
F0.872
F0.916
tp31
a(F0.8952222222222223
F0.873
F0.915
tp32
a(F0.8954444444444445
F0.874
F0.915
tp33
a(F0.8954444444444445
F0.874
F0.915
tp34
a(F0.8953333333333333
F0.874
F0.915
tp35
a(F0.8954444444444445
F0.874
F0.915
tp36
a(F0.8956666666666667
F0.874
F0.915
tp37
a(F0.8958888888888888
F0.874
F0.914
tp38
a(F0.8963333333333333
F0.875
F0.914
tp39
a(F0.8966666666666666
F0.876
F0.913
tp40
a(F0.897
F0.876
F0.913
tp41
a(F0.8968888888888888
F0.876
F0.911
tp42
a(F0.8971111111111111
F0.876
F0.911
tp43
a(F0.8973333333333333
F0.876
F0.911
tp44
a(F0.8975555555555556
F0.876
F0.911
tp45
a(F0.8976666666666666
F0.875
F0.911
tp46
a(F0.8977777777777778
F0.875
F0.912
tp47
a(F0.8978888888888888
F0.875
F0.911
tp48
a(F0.8981111111111111
F0.876
F0.912
tp49
a(F0.8982222222222223
F0.877
F0.912
tp50
a(F0.8981111111111111
F0.877
F0.912
tp51
a(F0.8984444444444445
F0.877
F0.912
tp52
a(F0.8985555555555556
F0.877
F0.912
tp53
a(F0.8988888888888888
F0.877
F0.913
tp54
a(F0.8988888888888888
F0.875
F0.914
tp55
a(F0.899
F0.875
F0.913
tp56
a(F0.899
F0.875
F0.912
tp57
a(F0.899
F0.875
F0.912
tp58
a(F0.8991111111111111
F0.874
F0.912
tp59
a(F0.8987777777777778
F0.874
F0.912
tp60
a(F0.8987777777777778
F0.874
F0.912
tp61
a(F0.8988888888888888
F0.875
F0.912
tp62
a(F0.8988888888888888
F0.876
F0.912
tp63
a(F0.8991111111111111
F0.876
F0.912
tp64
a(F0.899
F0.876
F0.912
tp65
a(F0.8991111111111111
F0.876
F0.912
tp66
a(F0.899
F0.876
F0.912
tp67
a(F0.8992222222222223
F0.876
F0.912
tp68
a(F0.8991111111111111
F0.876
F0.912
tp69
a(F0.8992222222222223
F0.876
F0.912
tp70
a(F0.8994444444444445
F0.876
F0.913
tp71
a(F0.8993333333333333
F0.876
F0.914
tp72
a(F0.8995555555555556
F0.875
F0.914
tp73
a(F0.8996666666666666
F0.875
F0.914
tp74
a(F0.8996666666666666
F0.875
F0.914
tp75
a(F0.8998888888888888
F0.875
F0.914
tp76
a(F0.9
F0.875
F0.914
tp77
a(F0.9
F0.875
F0.914
tp78
a(F0.9001111111111111
F0.875
F0.914
tp79
a(F0.9001111111111111
F0.876
F0.913
tp80
a(F0.9
F0.876
F0.913
tp81
a(F0.9002222222222223
F0.876
F0.913
tp82
a(F0.9004444444444445
F0.876
F0.913
tp83
a(F0.9005555555555556
F0.876
F0.912
tp84
a(F0.9005555555555556
F0.876
F0.912
tp85
a(F0.9007777777777778
F0.876
F0.912
tp86
a(F0.9007777777777778
F0.876
F0.912
tp87
a(F0.9008888888888889
F0.876
F0.912
tp88
a(F0.9008888888888889
F0.876
F0.912
tp89
a(F0.9008888888888889
F0.876
F0.912
tp90
a(F0.901
F0.876
F0.912
tp91
a(F0.901
F0.876
F0.912
tp92
a(F0.901
F0.876
F0.912
tp93
a(F0.9011111111111111
F0.876
F0.912
tp94
a(F0.9011111111111111
F0.876
F0.912
tp95
a(F0.901
F0.876
F0.912
tp96
a(F0.9011111111111111
F0.876
F0.912
tp97
a(F0.9012222222222223
F0.876
F0.912
tp98
a(F0.9014444444444445
F0.877
F0.912
tp99
a(F0.9015555555555556
F0.877
F0.912
tp100
a(F0.9015555555555556
F0.877
F0.912
tp101
a.