(lp0
(F0.11444444444444445
F0.09
F0.117
tp1
a(F0.858
F0.842
F0.899
tp2
a(F0.8952222222222223
F0.876
F0.92
tp3
a(F0.9141111111111111
F0.897
F0.933
tp4
a(F0.9223333333333333
F0.899
F0.938
tp5
a(F0.929
F0.902
F0.938
tp6
a(F0.9343333333333333
F0.909
F0.939
tp7
a(F0.9382222222222222
F0.91
F0.94
tp8
a(F0.9398888888888889
F0.912
F0.941
tp9
a(F0.9424444444444444
F0.914
F0.942
tp10
a(F0.9448888888888889
F0.916
F0.939
tp11
a(F0.9463333333333334
F0.918
F0.942
tp12
a(F0.9472222222222222
F0.917
F0.944
tp13
a(F0.949
F0.915
F0.943
tp14
a(F0.9493333333333334
F0.917
F0.944
tp15
a(F0.9514444444444444
F0.919
F0.944
tp16
a(F0.9526666666666667
F0.918
F0.944
tp17
a(F0.9534444444444444
F0.918
F0.942
tp18
a(F0.9542222222222222
F0.918
F0.943
tp19
a(F0.9546666666666667
F0.918
F0.943
tp20
a(F0.9563333333333334
F0.918
F0.944
tp21
a(F0.9577777777777777
F0.918
F0.944
tp22
a(F0.9582222222222222
F0.919
F0.944
tp23
a(F0.9585555555555556
F0.92
F0.944
tp24
a(F0.9592222222222222
F0.923
F0.944
tp25
a(F0.9596666666666667
F0.923
F0.943
tp26
a(F0.9596666666666667
F0.924
F0.942
tp27
a(F0.961
F0.926
F0.941
tp28
a(F0.9618888888888889
F0.925
F0.941
tp29
a(F0.9623333333333334
F0.926
F0.942
tp30
a(F0.9625555555555556
F0.924
F0.941
tp31
a(F0.9628888888888889
F0.925
F0.941
tp32
a(F0.9631111111111111
F0.923
F0.942
tp33
a(F0.9632222222222222
F0.922
F0.942
tp34
a(F0.9635555555555556
F0.922
F0.944
tp35
a(F0.9641111111111111
F0.923
F0.942
tp36
a(F0.9645555555555556
F0.921
F0.942
tp37
a(F0.9646666666666667
F0.92
F0.943
tp38
a(F0.9653333333333334
F0.917
F0.941
tp39
a(F0.9658888888888889
F0.916
F0.94
tp40
a(F0.9663333333333334
F0.915
F0.939
tp41
a(F0.9666666666666667
F0.915
F0.94
tp42
a(F0.9672222222222222
F0.916
F0.94
tp43
a(F0.9674444444444444
F0.915
F0.939
tp44
a(F0.9677777777777777
F0.914
F0.939
tp45
a(F0.9686666666666667
F0.915
F0.938
tp46
a(F0.9688888888888889
F0.915
F0.938
tp47
a(F0.9687777777777777
F0.915
F0.938
tp48
a(F0.9684444444444444
F0.918
F0.939
tp49
a(F0.9694444444444444
F0.918
F0.943
tp50
a(F0.9695555555555555
F0.919
F0.944
tp51
a(F0.9697777777777777
F0.92
F0.944
tp52
a(F0.97
F0.919
F0.947
tp53
a(F0.9704444444444444
F0.922
F0.947
tp54
a(F0.9706666666666667
F0.922
F0.947
tp55
a(F0.9706666666666667
F0.924
F0.946
tp56
a(F0.971
F0.925
F0.946
tp57
a(F0.9715555555555555
F0.926
F0.944
tp58
a(F0.9711111111111111
F0.926
F0.944
tp59
a(F0.9714444444444444
F0.926
F0.944
tp60
a(F0.9718888888888889
F0.925
F0.945
tp61
a(F0.9721111111111111
F0.923
F0.945
tp62
a(F0.9722222222222222
F0.923
F0.946
tp63
a(F0.9725555555555555
F0.923
F0.946
tp64
a(F0.9731111111111111
F0.925
F0.946
tp65
a(F0.9732222222222222
F0.925
F0.946
tp66
a(F0.9734444444444444
F0.925
F0.946
tp67
a(F0.9734444444444444
F0.926
F0.945
tp68
a(F0.9732222222222222
F0.926
F0.945
tp69
a(F0.9735555555555555
F0.926
F0.945
tp70
a(F0.9731111111111111
F0.926
F0.946
tp71
a(F0.9732222222222222
F0.927
F0.946
tp72
a(F0.9734444444444444
F0.927
F0.946
tp73
a(F0.9734444444444444
F0.927
F0.945
tp74
a(F0.9734444444444444
F0.926
F0.944
tp75
a(F0.9738888888888889
F0.929
F0.944
tp76
a(F0.974
F0.929
F0.945
tp77
a(F0.9742222222222222
F0.929
F0.945
tp78
a(F0.9743333333333334
F0.929
F0.946
tp79
a(F0.975
F0.928
F0.945
tp80
a(F0.9751111111111112
F0.928
F0.946
tp81
a(F0.9753333333333334
F0.928
F0.946
tp82
a(F0.9753333333333334
F0.928
F0.947
tp83
a(F0.9754444444444444
F0.929
F0.946
tp84
a(F0.9754444444444444
F0.929
F0.946
tp85
a(F0.9754444444444444
F0.929
F0.948
tp86
a(F0.9754444444444444
F0.929
F0.948
tp87
a(F0.9755555555555555
F0.93
F0.948
tp88
a(F0.9757777777777777
F0.928
F0.947
tp89
a(F0.976
F0.929
F0.947
tp90
a(F0.9757777777777777
F0.929
F0.947
tp91
a(F0.9757777777777777
F0.932
F0.947
tp92
a(F0.9756666666666667
F0.933
F0.948
tp93
a(F0.9758888888888889
F0.932
F0.948
tp94
a(F0.9763333333333334
F0.931
F0.948
tp95
a(F0.9758888888888889
F0.931
F0.947
tp96
a(F0.9765555555555555
F0.93
F0.948
tp97
a(F0.9763333333333334
F0.93
F0.947
tp98
a(F0.9766666666666667
F0.931
F0.947
tp99
a(F0.9766666666666667
F0.931
F0.947
tp100
a(F0.9766666666666667
F0.931
F0.947
tp101
a.