(lp0
(F0.10177777777777777
F0.114
F0.104
tp1
a(F0.8475555555555555
F0.832
F0.886
tp2
a(F0.8918888888888888
F0.876
F0.924
tp3
a(F0.9044444444444445
F0.885
F0.927
tp4
a(F0.9138888888888889
F0.896
F0.936
tp5
a(F0.9206666666666666
F0.904
F0.938
tp6
a(F0.9267777777777778
F0.908
F0.939
tp7
a(F0.9307777777777778
F0.908
F0.94
tp8
a(F0.9342222222222222
F0.907
F0.943
tp9
a(F0.9366666666666666
F0.908
F0.946
tp10
a(F0.9402222222222222
F0.91
F0.944
tp11
a(F0.9422222222222222
F0.912
F0.941
tp12
a(F0.9451111111111111
F0.909
F0.943
tp13
a(F0.9462222222222222
F0.911
F0.945
tp14
a(F0.9474444444444444
F0.915
F0.947
tp15
a(F0.9487777777777778
F0.915
F0.946
tp16
a(F0.9498888888888889
F0.919
F0.946
tp17
a(F0.9518888888888889
F0.921
F0.948
tp18
a(F0.9532222222222222
F0.924
F0.949
tp19
a(F0.9546666666666667
F0.924
F0.95
tp20
a(F0.9547777777777777
F0.925
F0.95
tp21
a(F0.9557777777777777
F0.925
F0.952
tp22
a(F0.957
F0.927
F0.953
tp23
a(F0.958
F0.929
F0.953
tp24
a(F0.9582222222222222
F0.93
F0.953
tp25
a(F0.9596666666666667
F0.93
F0.952
tp26
a(F0.9603333333333334
F0.933
F0.954
tp27
a(F0.961
F0.934
F0.954
tp28
a(F0.9612222222222222
F0.934
F0.954
tp29
a(F0.9617777777777777
F0.934
F0.955
tp30
a(F0.9627777777777777
F0.938
F0.956
tp31
a(F0.9643333333333334
F0.938
F0.958
tp32
a(F0.9648888888888889
F0.937
F0.959
tp33
a(F0.9654444444444444
F0.937
F0.959
tp34
a(F0.9655555555555555
F0.937
F0.959
tp35
a(F0.9653333333333334
F0.937
F0.958
tp36
a(F0.9652222222222222
F0.939
F0.957
tp37
a(F0.9656666666666667
F0.939
F0.957
tp38
a(F0.9661111111111111
F0.939
F0.956
tp39
a(F0.9662222222222222
F0.939
F0.955
tp40
a(F0.9658888888888889
F0.938
F0.955
tp41
a(F0.9657777777777777
F0.939
F0.955
tp42
a(F0.9657777777777777
F0.938
F0.954
tp43
a(F0.9654444444444444
F0.936
F0.954
tp44
a(F0.9655555555555555
F0.933
F0.951
tp45
a(F0.9653333333333334
F0.933
F0.95
tp46
a(F0.9656666666666667
F0.932
F0.951
tp47
a(F0.9658888888888889
F0.932
F0.951
tp48
a(F0.9662222222222222
F0.932
F0.951
tp49
a(F0.9665555555555555
F0.93
F0.951
tp50
a(F0.9673333333333334
F0.93
F0.952
tp51
a(F0.9676666666666667
F0.93
F0.952
tp52
a(F0.968
F0.932
F0.952
tp53
a(F0.9683333333333334
F0.932
F0.952
tp54
a(F0.9683333333333334
F0.932
F0.954
tp55
a(F0.9684444444444444
F0.932
F0.955
tp56
a(F0.9685555555555555
F0.932
F0.954
tp57
a(F0.9692222222222222
F0.932
F0.954
tp58
a(F0.9696666666666667
F0.933
F0.954
tp59
a(F0.97
F0.933
F0.954
tp60
a(F0.9701111111111111
F0.933
F0.954
tp61
a(F0.9703333333333334
F0.933
F0.954
tp62
a(F0.9704444444444444
F0.935
F0.954
tp63
a(F0.9705555555555555
F0.935
F0.955
tp64
a(F0.9707777777777777
F0.935
F0.955
tp65
a(F0.9706666666666667
F0.934
F0.955
tp66
a(F0.9712222222222222
F0.934
F0.957
tp67
a(F0.9707777777777777
F0.933
F0.958
tp68
a(F0.9703333333333334
F0.934
F0.956
tp69
a(F0.9716666666666667
F0.934
F0.958
tp70
a(F0.9715555555555555
F0.933
F0.958
tp71
a(F0.9713333333333334
F0.933
F0.957
tp72
a(F0.9718888888888889
F0.932
F0.957
tp73
a(F0.9715555555555555
F0.932
F0.956
tp74
a(F0.9713333333333334
F0.933
F0.956
tp75
a(F0.9714444444444444
F0.935
F0.955
tp76
a(F0.9717777777777777
F0.936
F0.955
tp77
a(F0.9718888888888889
F0.935
F0.956
tp78
a(F0.9723333333333334
F0.935
F0.955
tp79
a(F0.9724444444444444
F0.935
F0.955
tp80
a(F0.9728888888888889
F0.935
F0.955
tp81
a(F0.9731111111111111
F0.935
F0.956
tp82
a(F0.9731111111111111
F0.935
F0.956
tp83
a(F0.9734444444444444
F0.936
F0.955
tp84
a(F0.9737777777777777
F0.936
F0.956
tp85
a(F0.9738888888888889
F0.936
F0.957
tp86
a(F0.9738888888888889
F0.936
F0.957
tp87
a(F0.974
F0.934
F0.957
tp88
a(F0.974
F0.934
F0.957
tp89
a(F0.974
F0.934
F0.958
tp90
a(F0.974
F0.933
F0.958
tp91
a(F0.974
F0.932
F0.958
tp92
a(F0.974
F0.932
F0.958
tp93
a(F0.974
F0.931
F0.958
tp94
a(F0.9741111111111111
F0.931
F0.958
tp95
a(F0.9741111111111111
F0.93
F0.957
tp96
a(F0.9741111111111111
F0.929
F0.956
tp97
a(F0.974
F0.929
F0.956
tp98
a(F0.974
F0.928
F0.954
tp99
a(F0.974
F0.928
F0.954
tp100
a(F0.9742222222222222
F0.928
F0.953
tp101
a.