(lp0
(F0.10277777777777777
F0.091
F0.079
tp1
a(F0.8603333333333333
F0.851
F0.908
tp2
a(F0.8716666666666667
F0.864
F0.909
tp3
a(F0.8765555555555555
F0.869
F0.91
tp4
a(F0.8796666666666667
F0.868
F0.913
tp5
a(F0.8831111111111111
F0.866
F0.915
tp6
a(F0.8837777777777778
F0.866
F0.913
tp7
a(F0.885
F0.866
F0.913
tp8
a(F0.8858888888888888
F0.868
F0.912
tp9
a(F0.887
F0.868
F0.909
tp10
a(F0.8884444444444445
F0.87
F0.909
tp11
a(F0.8888888888888888
F0.87
F0.91
tp12
a(F0.8897777777777778
F0.87
F0.909
tp13
a(F0.8902222222222222
F0.87
F0.908
tp14
a(F0.8912222222222222
F0.872
F0.909
tp15
a(F0.8918888888888888
F0.872
F0.91
tp16
a(F0.8921111111111111
F0.87
F0.912
tp17
a(F0.8927777777777778
F0.87
F0.912
tp18
a(F0.8931111111111111
F0.87
F0.911
tp19
a(F0.8933333333333333
F0.87
F0.914
tp20
a(F0.8937777777777778
F0.87
F0.915
tp21
a(F0.894
F0.869
F0.915
tp22
a(F0.8943333333333333
F0.868
F0.915
tp23
a(F0.8948888888888888
F0.868
F0.915
tp24
a(F0.8948888888888888
F0.868
F0.914
tp25
a(F0.8953333333333333
F0.869
F0.915
tp26
a(F0.895
F0.869
F0.915
tp27
a(F0.8951111111111111
F0.87
F0.915
tp28
a(F0.8955555555555555
F0.872
F0.915
tp29
a(F0.8953333333333333
F0.872
F0.915
tp30
a(F0.8954444444444445
F0.873
F0.915
tp31
a(F0.8955555555555555
F0.873
F0.914
tp32
a(F0.896
F0.873
F0.914
tp33
a(F0.896
F0.874
F0.914
tp34
a(F0.8963333333333333
F0.874
F0.914
tp35
a(F0.8964444444444445
F0.874
F0.914
tp36
a(F0.8967777777777778
F0.875
F0.913
tp37
a(F0.8971111111111111
F0.875
F0.913
tp38
a(F0.8972222222222223
F0.874
F0.913
tp39
a(F0.8974444444444445
F0.874
F0.912
tp40
a(F0.8974444444444445
F0.874
F0.911
tp41
a(F0.8976666666666666
F0.874
F0.911
tp42
a(F0.8975555555555556
F0.874
F0.912
tp43
a(F0.8976666666666666
F0.873
F0.911
tp44
a(F0.8976666666666666
F0.873
F0.911
tp45
a(F0.8977777777777778
F0.873
F0.911
tp46
a(F0.8981111111111111
F0.874
F0.911
tp47
a(F0.8983333333333333
F0.874
F0.911
tp48
a(F0.8985555555555556
F0.874
F0.91
tp49
a(F0.8987777777777778
F0.874
F0.91
tp50
a(F0.8988888888888888
F0.874
F0.911
tp51
a(F0.8988888888888888
F0.874
F0.911
tp52
a(F0.8987777777777778
F0.874
F0.911
tp53
a(F0.8984444444444445
F0.874
F0.911
tp54
a(F0.8985555555555556
F0.874
F0.911
tp55
a(F0.8984444444444445
F0.874
F0.911
tp56
a(F0.8984444444444445
F0.874
F0.911
tp57
a(F0.8987777777777778
F0.874
F0.911
tp58
a(F0.8985555555555556
F0.874
F0.911
tp59
a(F0.8984444444444445
F0.874
F0.911
tp60
a(F0.8987777777777778
F0.874
F0.911
tp61
a(F0.8987777777777778
F0.874
F0.911
tp62
a(F0.8987777777777778
F0.874
F0.911
tp63
a(F0.8988888888888888
F0.874
F0.911
tp64
a(F0.899
F0.875
F0.912
tp65
a(F0.899
F0.874
F0.913
tp66
a(F0.899
F0.874
F0.913
tp67
a(F0.8991111111111111
F0.874
F0.912
tp68
a(F0.899
F0.874
F0.912
tp69
a(F0.899
F0.875
F0.913
tp70
a(F0.8991111111111111
F0.875
F0.913
tp71
a(F0.8994444444444445
F0.875
F0.913
tp72
a(F0.8995555555555556
F0.875
F0.913
tp73
a(F0.8995555555555556
F0.875
F0.913
tp74
a(F0.8996666666666666
F0.876
F0.913
tp75
a(F0.8998888888888888
F0.876
F0.913
tp76
a(F0.9
F0.876
F0.913
tp77
a(F0.9
F0.876
F0.913
tp78
a(F0.9
F0.876
F0.913
tp79
a(F0.8998888888888888
F0.876
F0.913
tp80
a(F0.9001111111111111
F0.876
F0.913
tp81
a(F0.9001111111111111
F0.876
F0.913
tp82
a(F0.9003333333333333
F0.876
F0.912
tp83
a(F0.9003333333333333
F0.876
F0.912
tp84
a(F0.9002222222222223
F0.876
F0.912
tp85
a(F0.9003333333333333
F0.876
F0.912
tp86
a(F0.9005555555555556
F0.876
F0.912
tp87
a(F0.9006666666666666
F0.877
F0.912
tp88
a(F0.9006666666666666
F0.877
F0.912
tp89
a(F0.9008888888888889
F0.877
F0.912
tp90
a(F0.901
F0.877
F0.912
tp91
a(F0.9008888888888889
F0.877
F0.912
tp92
a(F0.901
F0.877
F0.912
tp93
a(F0.9011111111111111
F0.877
F0.912
tp94
a(F0.9011111111111111
F0.877
F0.912
tp95
a(F0.9013333333333333
F0.877
F0.912
tp96
a(F0.9013333333333333
F0.877
F0.912
tp97
a(F0.9013333333333333
F0.877
F0.912
tp98
a(F0.9013333333333333
F0.877
F0.912
tp99
a(F0.9015555555555556
F0.878
F0.912
tp100
a(F0.9015555555555556
F0.878
F0.912
tp101
a.