(lp0
(F0.09811111111111111
F0.106
F0.087
tp1
a(F0.8848888888888888
F0.867
F0.912
tp2
a(F0.9128888888888889
F0.894
F0.92
tp3
a(F0.9248888888888889
F0.907
F0.929
tp4
a(F0.9332222222222222
F0.914
F0.934
tp5
a(F0.9386666666666666
F0.92
F0.938
tp6
a(F0.9407777777777778
F0.922
F0.94
tp7
a(F0.9421111111111111
F0.92
F0.944
tp8
a(F0.943
F0.922
F0.947
tp9
a(F0.9442222222222222
F0.923
F0.949
tp10
a(F0.9434444444444444
F0.91
F0.948
tp11
a(F0.9413333333333334
F0.912
F0.944
tp12
a(F0.9477777777777778
F0.923
F0.945
tp13
a(F0.9495555555555556
F0.924
F0.943
tp14
a(F0.9497777777777778
F0.92
F0.947
tp15
a(F0.9501111111111111
F0.925
F0.947
tp16
a(F0.948
F0.921
F0.947
tp17
a(F0.9452222222222222
F0.92
F0.948
tp18
a(F0.9571111111111111
F0.931
F0.948
tp19
a(F0.9517777777777777
F0.93
F0.947
tp20
a(F0.958
F0.936
F0.947
tp21
a(F0.9581111111111111
F0.935
F0.949
tp22
a(F0.9585555555555556
F0.934
F0.947
tp23
a(F0.9525555555555556
F0.919
F0.946
tp24
a(F0.9605555555555556
F0.934
F0.946
tp25
a(F0.9586666666666667
F0.932
F0.949
tp26
a(F0.9567777777777777
F0.928
F0.949
tp27
a(F0.9607777777777777
F0.934
F0.948
tp28
a(F0.9591111111111111
F0.929
F0.944
tp29
a(F0.9622222222222222
F0.935
F0.943
tp30
a(F0.962
F0.938
F0.94
tp31
a(F0.9617777777777777
F0.936
F0.942
tp32
a(F0.9638888888888889
F0.937
F0.944
tp33
a(F0.9634444444444444
F0.936
F0.95
tp34
a(F0.964
F0.936
F0.947
tp35
a(F0.965
F0.938
F0.939
tp36
a(F0.9642222222222222
F0.938
F0.941
tp37
a(F0.9647777777777777
F0.933
F0.94
tp38
a(F0.9628888888888889
F0.933
F0.937
tp39
a(F0.9637777777777777
F0.936
F0.951
tp40
a(F0.967
F0.936
F0.943
tp41
a(F0.9674444444444444
F0.933
F0.944
tp42
a(F0.9678888888888889
F0.931
F0.945
tp43
a(F0.9675555555555555
F0.934
F0.941
tp44
a(F0.9663333333333334
F0.931
F0.94
tp45
a(F0.9674444444444444
F0.933
F0.949
tp46
a(F0.9657777777777777
F0.933
F0.94
tp47
a(F0.9675555555555555
F0.931
F0.946
tp48
a(F0.9697777777777777
F0.928
F0.944
tp49
a(F0.967
F0.929
F0.941
tp50
a(F0.9682222222222222
F0.928
F0.939
tp51
a(F0.9668888888888889
F0.928
F0.938
tp52
a(F0.9665555555555555
F0.932
F0.939
tp53
a(F0.9686666666666667
F0.929
F0.942
tp54
a(F0.9687777777777777
F0.929
F0.942
tp55
a(F0.9681111111111111
F0.925
F0.949
tp56
a(F0.9685555555555555
F0.929
F0.945
tp57
a(F0.9697777777777777
F0.929
F0.944
tp58
a(F0.9704444444444444
F0.924
F0.945
tp59
a(F0.9697777777777777
F0.932
F0.939
tp60
a(F0.9733333333333334
F0.933
F0.947
tp61
a(F0.9724444444444444
F0.928
F0.942
tp62
a(F0.9657777777777777
F0.921
F0.94
tp63
a(F0.9713333333333334
F0.925
F0.944
tp64
a(F0.9711111111111111
F0.931
F0.936
tp65
a(F0.9723333333333334
F0.927
F0.941
tp66
a(F0.9717777777777777
F0.928
F0.944
tp67
a(F0.9725555555555555
F0.93
F0.941
tp68
a(F0.9712222222222222
F0.928
F0.942
tp69
a(F0.9725555555555555
F0.929
F0.942
tp70
a(F0.973
F0.927
F0.947
tp71
a(F0.9736666666666667
F0.924
F0.942
tp72
a(F0.9737777777777777
F0.929
F0.942
tp73
a(F0.9751111111111112
F0.933
F0.936
tp74
a(F0.9726666666666667
F0.925
F0.937
tp75
a(F0.9742222222222222
F0.923
F0.938
tp76
a(F0.9751111111111112
F0.923
F0.948
tp77
a(F0.9725555555555555
F0.925
F0.946
tp78
a(F0.976
F0.925
F0.943
tp79
a(F0.9714444444444444
F0.927
F0.944
tp80
a(F0.9738888888888889
F0.925
F0.949
tp81
a(F0.9768888888888889
F0.928
F0.941
tp82
a(F0.976
F0.927
F0.943
tp83
a(F0.9594444444444444
F0.914
F0.933
tp84
a(F0.976
F0.927
F0.946
tp85
a(F0.9764444444444444
F0.928
F0.942
tp86
a(F0.9765555555555555
F0.926
F0.945
tp87
a(F0.9745555555555555
F0.919
F0.94
tp88
a(F0.9762222222222222
F0.921
F0.939
tp89
a(F0.9776666666666667
F0.926
F0.938
tp90
a(F0.9777777777777777
F0.925
F0.944
tp91
a(F0.9761111111111112
F0.927
F0.939
tp92
a(F0.9757777777777777
F0.923
F0.943
tp93
a(F0.9766666666666667
F0.931
F0.942
tp94
a(F0.9744444444444444
F0.928
F0.94
tp95
a(F0.9762222222222222
F0.926
F0.936
tp96
a(F0.9766666666666667
F0.92
F0.941
tp97
a(F0.9773333333333334
F0.925
F0.943
tp98
a(F0.9771111111111112
F0.923
F0.942
tp99
a(F0.9774444444444444
F0.922
F0.938
tp100
a(F0.9761111111111112
F0.927
F0.942
tp101
a.