(lp0
(F0.10177777777777777
F0.114
F0.104
tp1
a(F0.8961111111111111
F0.888
F0.912
tp2
a(F0.9153333333333333
F0.903
F0.931
tp3
a(F0.9268888888888889
F0.912
F0.93
tp4
a(F0.9245555555555556
F0.904
F0.936
tp5
a(F0.9332222222222222
F0.911
F0.942
tp6
a(F0.9326666666666666
F0.902
F0.937
tp7
a(F0.9362222222222222
F0.907
F0.94
tp8
a(F0.9458888888888889
F0.916
F0.943
tp9
a(F0.9381111111111111
F0.906
F0.945
tp10
a(F0.9396666666666667
F0.901
F0.943
tp11
a(F0.9507777777777778
F0.91
F0.954
tp12
a(F0.9428888888888889
F0.903
F0.946
tp13
a(F0.9421111111111111
F0.913
F0.952
tp14
a(F0.9513333333333334
F0.914
F0.954
tp15
a(F0.9541111111111111
F0.919
F0.951
tp16
a(F0.9514444444444444
F0.916
F0.945
tp17
a(F0.9535555555555556
F0.918
F0.949
tp18
a(F0.9537777777777777
F0.916
F0.95
tp19
a(F0.9364444444444444
F0.901
F0.934
tp20
a(F0.9574444444444444
F0.927
F0.951
tp21
a(F0.9484444444444444
F0.919
F0.945
tp22
a(F0.9497777777777778
F0.914
F0.944
tp23
a(F0.9553333333333334
F0.918
F0.949
tp24
a(F0.9573333333333334
F0.913
F0.951
tp25
a(F0.9573333333333334
F0.915
F0.952
tp26
a(F0.9554444444444444
F0.91
F0.944
tp27
a(F0.9572222222222222
F0.919
F0.95
tp28
a(F0.9583333333333334
F0.921
F0.95
tp29
a(F0.9571111111111111
F0.912
F0.948
tp30
a(F0.9588888888888889
F0.92
F0.947
tp31
a(F0.9615555555555556
F0.922
F0.956
tp32
a(F0.9614444444444444
F0.913
F0.956
tp33
a(F0.9596666666666667
F0.915
F0.949
tp34
a(F0.9613333333333334
F0.92
F0.949
tp35
a(F0.9598888888888889
F0.922
F0.955
tp36
a(F0.9615555555555556
F0.92
F0.947
tp37
a(F0.9645555555555556
F0.919
F0.95
tp38
a(F0.9633333333333334
F0.92
F0.948
tp39
a(F0.9625555555555556
F0.92
F0.953
tp40
a(F0.9654444444444444
F0.931
F0.951
tp41
a(F0.9643333333333334
F0.923
F0.947
tp42
a(F0.9625555555555556
F0.919
F0.95
tp43
a(F0.9634444444444444
F0.922
F0.945
tp44
a(F0.9607777777777777
F0.918
F0.947
tp45
a(F0.9645555555555556
F0.922
F0.941
tp46
a(F0.9634444444444444
F0.922
F0.944
tp47
a(F0.9641111111111111
F0.922
F0.951
tp48
a(F0.9662222222222222
F0.924
F0.95
tp49
a(F0.9646666666666667
F0.927
F0.955
tp50
a(F0.9654444444444444
F0.925
F0.947
tp51
a(F0.9637777777777777
F0.925
F0.954
tp52
a(F0.9655555555555555
F0.921
F0.953
tp53
a(F0.9635555555555556
F0.921
F0.96
tp54
a(F0.9666666666666667
F0.92
F0.954
tp55
a(F0.9657777777777777
F0.924
F0.952
tp56
a(F0.9677777777777777
F0.931
F0.951
tp57
a(F0.9628888888888889
F0.923
F0.954
tp58
a(F0.9665555555555555
F0.928
F0.953
tp59
a(F0.969
F0.921
F0.95
tp60
a(F0.9676666666666667
F0.926
F0.95
tp61
a(F0.9703333333333334
F0.924
F0.95
tp62
a(F0.9663333333333334
F0.92
F0.955
tp63
a(F0.9693333333333334
F0.926
F0.955
tp64
a(F0.9664444444444444
F0.922
F0.956
tp65
a(F0.9667777777777777
F0.917
F0.949
tp66
a(F0.9677777777777777
F0.921
F0.949
tp67
a(F0.971
F0.925
F0.952
tp68
a(F0.969
F0.921
F0.951
tp69
a(F0.9712222222222222
F0.924
F0.952
tp70
a(F0.9706666666666667
F0.926
F0.955
tp71
a(F0.9682222222222222
F0.922
F0.952
tp72
a(F0.9685555555555555
F0.926
F0.952
tp73
a(F0.9731111111111111
F0.927
F0.953
tp74
a(F0.9698888888888889
F0.926
F0.955
tp75
a(F0.9717777777777777
F0.925
F0.958
tp76
a(F0.9704444444444444
F0.92
F0.951
tp77
a(F0.9712222222222222
F0.926
F0.952
tp78
a(F0.9717777777777777
F0.929
F0.956
tp79
a(F0.9725555555555555
F0.923
F0.959
tp80
a(F0.9703333333333334
F0.921
F0.949
tp81
a(F0.9717777777777777
F0.926
F0.955
tp82
a(F0.9725555555555555
F0.925
F0.952
tp83
a(F0.9678888888888889
F0.916
F0.95
tp84
a(F0.9734444444444444
F0.925
F0.952
tp85
a(F0.9747777777777777
F0.923
F0.958
tp86
a(F0.9673333333333334
F0.921
F0.95
tp87
a(F0.9735555555555555
F0.923
F0.953
tp88
a(F0.9728888888888889
F0.925
F0.954
tp89
a(F0.9717777777777777
F0.925
F0.953
tp90
a(F0.9716666666666667
F0.924
F0.954
tp91
a(F0.9653333333333334
F0.919
F0.948
tp92
a(F0.9696666666666667
F0.92
F0.949
tp93
a(F0.9685555555555555
F0.919
F0.953
tp94
a(F0.9673333333333334
F0.921
F0.949
tp95
a(F0.9715555555555555
F0.923
F0.957
tp96
a(F0.9701111111111111
F0.918
F0.955
tp97
a(F0.9717777777777777
F0.92
F0.949
tp98
a(F0.9748888888888889
F0.921
F0.956
tp99
a(F0.97
F0.924
F0.954
tp100
a(F0.974
F0.924
F0.955
tp101
a.