(lp0
(F0.09922222222222223
F0.105
F0.096
tp1
a(F0.8885555555555555
F0.866
F0.91
tp2
a(F0.9202222222222223
F0.899
F0.93
tp3
a(F0.9266666666666666
F0.911
F0.932
tp4
a(F0.9291111111111111
F0.908
F0.934
tp5
a(F0.9323333333333333
F0.913
F0.937
tp6
a(F0.9373333333333334
F0.915
F0.94
tp7
a(F0.9372222222222222
F0.91
F0.938
tp8
a(F0.9408888888888889
F0.915
F0.945
tp9
a(F0.9412222222222222
F0.917
F0.94
tp10
a(F0.9391111111111111
F0.91
F0.928
tp11
a(F0.941
F0.91
F0.943
tp12
a(F0.9426666666666667
F0.903
F0.939
tp13
a(F0.9487777777777778
F0.917
F0.944
tp14
a(F0.9495555555555556
F0.913
F0.937
tp15
a(F0.9458888888888889
F0.915
F0.945
tp16
a(F0.947
F0.925
F0.949
tp17
a(F0.9493333333333334
F0.916
F0.949
tp18
a(F0.9495555555555556
F0.905
F0.944
tp19
a(F0.9536666666666667
F0.92
F0.948
tp20
a(F0.9484444444444444
F0.907
F0.943
tp21
a(F0.9492222222222222
F0.915
F0.951
tp22
a(F0.947
F0.906
F0.944
tp23
a(F0.9607777777777777
F0.919
F0.953
tp24
a(F0.9591111111111111
F0.921
F0.944
tp25
a(F0.962
F0.918
F0.942
tp26
a(F0.9542222222222222
F0.914
F0.95
tp27
a(F0.9554444444444444
F0.911
F0.948
tp28
a(F0.9558888888888889
F0.913
F0.947
tp29
a(F0.9576666666666667
F0.921
F0.951
tp30
a(F0.9608888888888889
F0.921
F0.945
tp31
a(F0.9605555555555556
F0.915
F0.95
tp32
a(F0.9651111111111111
F0.924
F0.951
tp33
a(F0.9598888888888889
F0.919
F0.947
tp34
a(F0.9595555555555556
F0.915
F0.946
tp35
a(F0.9624444444444444
F0.919
F0.951
tp36
a(F0.9574444444444444
F0.909
F0.944
tp37
a(F0.9613333333333334
F0.916
F0.945
tp38
a(F0.9627777777777777
F0.927
F0.951
tp39
a(F0.9586666666666667
F0.909
F0.942
tp40
a(F0.9581111111111111
F0.912
F0.946
tp41
a(F0.9647777777777777
F0.925
F0.95
tp42
a(F0.9653333333333334
F0.924
F0.95
tp43
a(F0.9642222222222222
F0.921
F0.943
tp44
a(F0.9655555555555555
F0.922
F0.949
tp45
a(F0.9673333333333334
F0.926
F0.949
tp46
a(F0.9647777777777777
F0.929
F0.949
tp47
a(F0.9634444444444444
F0.922
F0.949
tp48
a(F0.9683333333333334
F0.933
F0.952
tp49
a(F0.9675555555555555
F0.931
F0.948
tp50
a(F0.9656666666666667
F0.924
F0.948
tp51
a(F0.9677777777777777
F0.924
F0.952
tp52
a(F0.9667777777777777
F0.929
F0.948
tp53
a(F0.9651111111111111
F0.923
F0.95
tp54
a(F0.9674444444444444
F0.924
F0.951
tp55
a(F0.9668888888888889
F0.924
F0.947
tp56
a(F0.9667777777777777
F0.922
F0.954
tp57
a(F0.9665555555555555
F0.924
F0.953
tp58
a(F0.9642222222222222
F0.92
F0.953
tp59
a(F0.9687777777777777
F0.921
F0.952
tp60
a(F0.9637777777777777
F0.917
F0.949
tp61
a(F0.97
F0.92
F0.953
tp62
a(F0.9626666666666667
F0.913
F0.949
tp63
a(F0.9694444444444444
F0.921
F0.958
tp64
a(F0.9655555555555555
F0.915
F0.952
tp65
a(F0.9661111111111111
F0.923
F0.955
tp66
a(F0.9707777777777777
F0.921
F0.953
tp67
a(F0.9721111111111111
F0.925
F0.951
tp68
a(F0.9686666666666667
F0.924
F0.953
tp69
a(F0.9704444444444444
F0.922
F0.951
tp70
a(F0.967
F0.918
F0.952
tp71
a(F0.9662222222222222
F0.921
F0.952
tp72
a(F0.9683333333333334
F0.915
F0.952
tp73
a(F0.9727777777777777
F0.926
F0.952
tp74
a(F0.968
F0.919
F0.951
tp75
a(F0.9716666666666667
F0.924
F0.952
tp76
a(F0.9617777777777777
F0.923
F0.946
tp77
a(F0.9674444444444444
F0.926
F0.945
tp78
a(F0.9713333333333334
F0.926
F0.946
tp79
a(F0.9712222222222222
F0.925
F0.948
tp80
a(F0.9704444444444444
F0.918
F0.944
tp81
a(F0.973
F0.929
F0.946
tp82
a(F0.9728888888888889
F0.931
F0.948
tp83
a(F0.9681111111111111
F0.917
F0.942
tp84
a(F0.9674444444444444
F0.922
F0.951
tp85
a(F0.9702222222222222
F0.921
F0.951
tp86
a(F0.9704444444444444
F0.921
F0.953
tp87
a(F0.9705555555555555
F0.923
F0.946
tp88
a(F0.9724444444444444
F0.924
F0.947
tp89
a(F0.9718888888888889
F0.926
F0.945
tp90
a(F0.9712222222222222
F0.921
F0.946
tp91
a(F0.9723333333333334
F0.926
F0.948
tp92
a(F0.9725555555555555
F0.92
F0.949
tp93
a(F0.9736666666666667
F0.92
F0.946
tp94
a(F0.9728888888888889
F0.922
F0.949
tp95
a(F0.9694444444444444
F0.913
F0.951
tp96
a(F0.9745555555555555
F0.917
F0.95
tp97
a(F0.9721111111111111
F0.92
F0.951
tp98
a(F0.9728888888888889
F0.92
F0.949
tp99
a(F0.9732222222222222
F0.919
F0.951
tp100
a(F0.9736666666666667
F0.923
F0.949
tp101
a.