(lp0
(F0.088
F0.116
F0.095
tp1
a(F0.8991111111111111
F0.869
F0.919
tp2
a(F0.9205555555555556
F0.899
F0.929
tp3
a(F0.9314444444444444
F0.908
F0.933
tp4
a(F0.9295555555555556
F0.905
F0.928
tp5
a(F0.9356666666666666
F0.909
F0.934
tp6
a(F0.9404444444444444
F0.929
F0.941
tp7
a(F0.9403333333333334
F0.92
F0.942
tp8
a(F0.939
F0.916
F0.937
tp9
a(F0.9423333333333334
F0.924
F0.936
tp10
a(F0.9421111111111111
F0.921
F0.941
tp11
a(F0.9477777777777778
F0.923
F0.936
tp12
a(F0.948
F0.923
F0.945
tp13
a(F0.9488888888888889
F0.927
F0.944
tp14
a(F0.9488888888888889
F0.927
F0.95
tp15
a(F0.9501111111111111
F0.919
F0.953
tp16
a(F0.9476666666666667
F0.914
F0.942
tp17
a(F0.9526666666666667
F0.92
F0.949
tp18
a(F0.9563333333333334
F0.92
F0.944
tp19
a(F0.9546666666666667
F0.917
F0.946
tp20
a(F0.9573333333333334
F0.921
F0.953
tp21
a(F0.9515555555555556
F0.922
F0.947
tp22
a(F0.951
F0.918
F0.942
tp23
a(F0.9576666666666667
F0.929
F0.95
tp24
a(F0.9566666666666667
F0.922
F0.956
tp25
a(F0.9567777777777777
F0.914
F0.952
tp26
a(F0.9573333333333334
F0.936
F0.954
tp27
a(F0.9548888888888889
F0.928
F0.948
tp28
a(F0.9615555555555556
F0.936
F0.954
tp29
a(F0.9607777777777777
F0.935
F0.954
tp30
a(F0.9594444444444444
F0.93
F0.952
tp31
a(F0.9608888888888889
F0.929
F0.953
tp32
a(F0.9602222222222222
F0.925
F0.956
tp33
a(F0.9607777777777777
F0.93
F0.952
tp34
a(F0.9637777777777777
F0.931
F0.952
tp35
a(F0.9606666666666667
F0.93
F0.949
tp36
a(F0.9612222222222222
F0.926
F0.951
tp37
a(F0.9627777777777777
F0.923
F0.952
tp38
a(F0.9605555555555556
F0.931
F0.947
tp39
a(F0.9597777777777777
F0.93
F0.945
tp40
a(F0.9636666666666667
F0.925
F0.953
tp41
a(F0.9627777777777777
F0.923
F0.95
tp42
a(F0.9616666666666667
F0.925
F0.952
tp43
a(F0.9621111111111111
F0.926
F0.948
tp44
a(F0.9647777777777777
F0.918
F0.949
tp45
a(F0.9605555555555556
F0.924
F0.944
tp46
a(F0.962
F0.919
F0.952
tp47
a(F0.9641111111111111
F0.924
F0.945
tp48
a(F0.9633333333333334
F0.923
F0.945
tp49
a(F0.962
F0.922
F0.951
tp50
a(F0.9646666666666667
F0.921
F0.955
tp51
a(F0.9627777777777777
F0.925
F0.945
tp52
a(F0.9642222222222222
F0.921
F0.947
tp53
a(F0.9654444444444444
F0.919
F0.952
tp54
a(F0.965
F0.925
F0.95
tp55
a(F0.9662222222222222
F0.928
F0.948
tp56
a(F0.9668888888888889
F0.927
F0.95
tp57
a(F0.9648888888888889
F0.926
F0.952
tp58
a(F0.9673333333333334
F0.926
F0.954
tp59
a(F0.967
F0.92
F0.95
tp60
a(F0.9662222222222222
F0.925
F0.948
tp61
a(F0.966
F0.921
F0.948
tp62
a(F0.9685555555555555
F0.93
F0.95
tp63
a(F0.9667777777777777
F0.919
F0.949
tp64
a(F0.9684444444444444
F0.921
F0.949
tp65
a(F0.9687777777777777
F0.92
F0.954
tp66
a(F0.9691111111111111
F0.923
F0.946
tp67
a(F0.9684444444444444
F0.92
F0.947
tp68
a(F0.9637777777777777
F0.926
F0.949
tp69
a(F0.9682222222222222
F0.92
F0.953
tp70
a(F0.9673333333333334
F0.928
F0.947
tp71
a(F0.9703333333333334
F0.92
F0.953
tp72
a(F0.9663333333333334
F0.923
F0.952
tp73
a(F0.9677777777777777
F0.92
F0.945
tp74
a(F0.9671111111111111
F0.917
F0.953
tp75
a(F0.9686666666666667
F0.922
F0.95
tp76
a(F0.9638888888888889
F0.915
F0.943
tp77
a(F0.968
F0.916
F0.953
tp78
a(F0.9708888888888889
F0.918
F0.95
tp79
a(F0.9684444444444444
F0.927
F0.949
tp80
a(F0.9697777777777777
F0.931
F0.949
tp81
a(F0.9652222222222222
F0.92
F0.95
tp82
a(F0.9728888888888889
F0.925
F0.953
tp83
a(F0.9693333333333334
F0.925
F0.947
tp84
a(F0.971
F0.923
F0.948
tp85
a(F0.9685555555555555
F0.92
F0.949
tp86
a(F0.9686666666666667
F0.92
F0.952
tp87
a(F0.9702222222222222
F0.924
F0.95
tp88
a(F0.9705555555555555
F0.923
F0.95
tp89
a(F0.9715555555555555
F0.923
F0.952
tp90
a(F0.9721111111111111
F0.918
F0.953
tp91
a(F0.9705555555555555
F0.921
F0.951
tp92
a(F0.9694444444444444
F0.92
F0.947
tp93
a(F0.9715555555555555
F0.918
F0.952
tp94
a(F0.973
F0.916
F0.945
tp95
a(F0.9732222222222222
F0.922
F0.951
tp96
a(F0.9724444444444444
F0.918
F0.949
tp97
a(F0.972
F0.918
F0.95
tp98
a(F0.9712222222222222
F0.921
F0.949
tp99
a(F0.9724444444444444
F0.918
F0.949
tp100
a(F0.972
F0.923
F0.951
tp101
a.