(lp0
(F0.10177777777777777
F0.097
F0.111
tp1
a(F0.8845555555555555
F0.872
F0.904
tp2
a(F0.907
F0.893
F0.913
tp3
a(F0.9207777777777778
F0.899
F0.927
tp4
a(F0.9288888888888889
F0.902
F0.932
tp5
a(F0.9323333333333333
F0.909
F0.937
tp6
a(F0.9361111111111111
F0.913
F0.944
tp7
a(F0.941
F0.913
F0.944
tp8
a(F0.9436666666666667
F0.922
F0.94
tp9
a(F0.9444444444444444
F0.924
F0.943
tp10
a(F0.9484444444444444
F0.921
F0.943
tp11
a(F0.9468888888888889
F0.922
F0.944
tp12
a(F0.9477777777777778
F0.92
F0.948
tp13
a(F0.9476666666666667
F0.914
F0.949
tp14
a(F0.9503333333333334
F0.913
F0.947
tp15
a(F0.9492222222222222
F0.914
F0.949
tp16
a(F0.9517777777777777
F0.909
F0.94
tp17
a(F0.9496666666666667
F0.911
F0.941
tp18
a(F0.9498888888888889
F0.915
F0.941
tp19
a(F0.9496666666666667
F0.918
F0.942
tp20
a(F0.9525555555555556
F0.916
F0.943
tp21
a(F0.9543333333333334
F0.915
F0.944
tp22
a(F0.9541111111111111
F0.916
F0.946
tp23
a(F0.9551111111111111
F0.918
F0.946
tp24
a(F0.9558888888888889
F0.922
F0.944
tp25
a(F0.9565555555555556
F0.916
F0.943
tp26
a(F0.9542222222222222
F0.913
F0.945
tp27
a(F0.9566666666666667
F0.916
F0.942
tp28
a(F0.9612222222222222
F0.913
F0.943
tp29
a(F0.9575555555555556
F0.915
F0.942
tp30
a(F0.9613333333333334
F0.919
F0.943
tp31
a(F0.9613333333333334
F0.918
F0.941
tp32
a(F0.9605555555555556
F0.917
F0.944
tp33
a(F0.9595555555555556
F0.921
F0.94
tp34
a(F0.9605555555555556
F0.916
F0.94
tp35
a(F0.9625555555555556
F0.92
F0.945
tp36
a(F0.9641111111111111
F0.924
F0.945
tp37
a(F0.9615555555555556
F0.921
F0.935
tp38
a(F0.9612222222222222
F0.919
F0.942
tp39
a(F0.9633333333333334
F0.922
F0.943
tp40
a(F0.9642222222222222
F0.918
F0.942
tp41
a(F0.9631111111111111
F0.914
F0.945
tp42
a(F0.9648888888888889
F0.919
F0.943
tp43
a(F0.9654444444444444
F0.915
F0.948
tp44
a(F0.9651111111111111
F0.916
F0.944
tp45
a(F0.9641111111111111
F0.918
F0.949
tp46
a(F0.967
F0.918
F0.947
tp47
a(F0.9673333333333334
F0.919
F0.945
tp48
a(F0.966
F0.918
F0.946
tp49
a(F0.967
F0.918
F0.949
tp50
a(F0.9671111111111111
F0.92
F0.946
tp51
a(F0.9665555555555555
F0.918
F0.946
tp52
a(F0.9661111111111111
F0.917
F0.946
tp53
a(F0.9633333333333334
F0.914
F0.941
tp54
a(F0.9681111111111111
F0.917
F0.944
tp55
a(F0.9628888888888889
F0.917
F0.941
tp56
a(F0.9656666666666667
F0.91
F0.946
tp57
a(F0.967
F0.914
F0.946
tp58
a(F0.9677777777777777
F0.921
F0.945
tp59
a(F0.967
F0.912
F0.947
tp60
a(F0.967
F0.914
F0.944
tp61
a(F0.967
F0.909
F0.949
tp62
a(F0.9682222222222222
F0.918
F0.948
tp63
a(F0.9695555555555555
F0.911
F0.952
tp64
a(F0.9691111111111111
F0.912
F0.949
tp65
a(F0.968
F0.915
F0.943
tp66
a(F0.9691111111111111
F0.909
F0.952
tp67
a(F0.968
F0.915
F0.948
tp68
a(F0.97
F0.915
F0.946
tp69
a(F0.9698888888888889
F0.911
F0.947
tp70
a(F0.9707777777777777
F0.912
F0.946
tp71
a(F0.9681111111111111
F0.915
F0.946
tp72
a(F0.9695555555555555
F0.913
F0.945
tp73
a(F0.9696666666666667
F0.913
F0.947
tp74
a(F0.9696666666666667
F0.914
F0.942
tp75
a(F0.9725555555555555
F0.914
F0.946
tp76
a(F0.9681111111111111
F0.916
F0.943
tp77
a(F0.9706666666666667
F0.913
F0.945
tp78
a(F0.9714444444444444
F0.911
F0.947
tp79
a(F0.9697777777777777
F0.912
F0.946
tp80
a(F0.9677777777777777
F0.915
F0.944
tp81
a(F0.9711111111111111
F0.914
F0.947
tp82
a(F0.9712222222222222
F0.915
F0.944
tp83
a(F0.9693333333333334
F0.909
F0.942
tp84
a(F0.9722222222222222
F0.91
F0.942
tp85
a(F0.9701111111111111
F0.916
F0.948
tp86
a(F0.9726666666666667
F0.911
F0.947
tp87
a(F0.9727777777777777
F0.914
F0.945
tp88
a(F0.9722222222222222
F0.911
F0.946
tp89
a(F0.9661111111111111
F0.91
F0.942
tp90
a(F0.9708888888888889
F0.912
F0.948
tp91
a(F0.971
F0.91
F0.948
tp92
a(F0.9703333333333334
F0.913
F0.947
tp93
a(F0.9717777777777777
F0.913
F0.947
tp94
a(F0.9718888888888889
F0.914
F0.946
tp95
a(F0.9721111111111111
F0.911
F0.948
tp96
a(F0.9727777777777777
F0.914
F0.947
tp97
a(F0.9715555555555555
F0.912
F0.946
tp98
a(F0.9725555555555555
F0.911
F0.947
tp99
a(F0.9722222222222222
F0.912
F0.944
tp100
a(F0.9718888888888889
F0.913
F0.946
tp101
a.