(lp0
(F0.09577777777777778
F0.072
F0.104
tp1
a(F0.8351111111111111
F0.818
F0.874
tp2
a(F0.8887777777777778
F0.863
F0.912
tp3
a(F0.9032222222222223
F0.88
F0.922
tp4
a(F0.9107777777777778
F0.891
F0.927
tp5
a(F0.9164444444444444
F0.9
F0.931
tp6
a(F0.9238888888888889
F0.902
F0.935
tp7
a(F0.9296666666666666
F0.91
F0.936
tp8
a(F0.933
F0.911
F0.938
tp9
a(F0.9348888888888889
F0.914
F0.941
tp10
a(F0.9372222222222222
F0.918
F0.943
tp11
a(F0.9388888888888889
F0.917
F0.943
tp12
a(F0.9411111111111111
F0.92
F0.943
tp13
a(F0.9438888888888889
F0.922
F0.942
tp14
a(F0.9455555555555556
F0.921
F0.94
tp15
a(F0.9475555555555556
F0.926
F0.94
tp16
a(F0.949
F0.929
F0.942
tp17
a(F0.9507777777777778
F0.929
F0.943
tp18
a(F0.9516666666666667
F0.93
F0.942
tp19
a(F0.9531111111111111
F0.927
F0.94
tp20
a(F0.9545555555555556
F0.925
F0.939
tp21
a(F0.9556666666666667
F0.924
F0.94
tp22
a(F0.9564444444444444
F0.924
F0.939
tp23
a(F0.9572222222222222
F0.924
F0.94
tp24
a(F0.9577777777777777
F0.924
F0.941
tp25
a(F0.9581111111111111
F0.924
F0.942
tp26
a(F0.959
F0.924
F0.94
tp27
a(F0.9595555555555556
F0.927
F0.94
tp28
a(F0.9604444444444444
F0.928
F0.94
tp29
a(F0.9611111111111111
F0.929
F0.94
tp30
a(F0.961
F0.931
F0.94
tp31
a(F0.9616666666666667
F0.933
F0.939
tp32
a(F0.9623333333333334
F0.934
F0.94
tp33
a(F0.9625555555555556
F0.933
F0.939
tp34
a(F0.9627777777777777
F0.933
F0.939
tp35
a(F0.9634444444444444
F0.932
F0.941
tp36
a(F0.9641111111111111
F0.932
F0.941
tp37
a(F0.9643333333333334
F0.932
F0.941
tp38
a(F0.9643333333333334
F0.93
F0.942
tp39
a(F0.9644444444444444
F0.929
F0.943
tp40
a(F0.9644444444444444
F0.93
F0.942
tp41
a(F0.9646666666666667
F0.931
F0.943
tp42
a(F0.9648888888888889
F0.93
F0.943
tp43
a(F0.9658888888888889
F0.93
F0.943
tp44
a(F0.966
F0.928
F0.944
tp45
a(F0.9665555555555555
F0.928
F0.944
tp46
a(F0.9665555555555555
F0.928
F0.946
tp47
a(F0.9667777777777777
F0.927
F0.947
tp48
a(F0.9675555555555555
F0.927
F0.946
tp49
a(F0.9678888888888889
F0.927
F0.948
tp50
a(F0.9683333333333334
F0.927
F0.947
tp51
a(F0.9687777777777777
F0.927
F0.947
tp52
a(F0.969
F0.927
F0.948
tp53
a(F0.969
F0.927
F0.948
tp54
a(F0.9688888888888889
F0.929
F0.948
tp55
a(F0.9692222222222222
F0.93
F0.947
tp56
a(F0.9692222222222222
F0.93
F0.947
tp57
a(F0.9695555555555555
F0.93
F0.947
tp58
a(F0.9694444444444444
F0.93
F0.947
tp59
a(F0.9698888888888889
F0.931
F0.947
tp60
a(F0.9701111111111111
F0.931
F0.948
tp61
a(F0.9702222222222222
F0.93
F0.948
tp62
a(F0.9705555555555555
F0.931
F0.947
tp63
a(F0.9708888888888889
F0.932
F0.947
tp64
a(F0.9708888888888889
F0.931
F0.947
tp65
a(F0.9712222222222222
F0.93
F0.947
tp66
a(F0.9714444444444444
F0.93
F0.949
tp67
a(F0.9713333333333334
F0.929
F0.948
tp68
a(F0.9713333333333334
F0.929
F0.951
tp69
a(F0.9713333333333334
F0.928
F0.95
tp70
a(F0.9712222222222222
F0.927
F0.949
tp71
a(F0.9711111111111111
F0.928
F0.948
tp72
a(F0.9708888888888889
F0.927
F0.948
tp73
a(F0.9708888888888889
F0.926
F0.948
tp74
a(F0.971
F0.927
F0.948
tp75
a(F0.9707777777777777
F0.927
F0.947
tp76
a(F0.9711111111111111
F0.928
F0.948
tp77
a(F0.9708888888888889
F0.927
F0.948
tp78
a(F0.9706666666666667
F0.926
F0.948
tp79
a(F0.9706666666666667
F0.927
F0.948
tp80
a(F0.9703333333333334
F0.925
F0.948
tp81
a(F0.9704444444444444
F0.925
F0.948
tp82
a(F0.9706666666666667
F0.924
F0.948
tp83
a(F0.9705555555555555
F0.923
F0.949
tp84
a(F0.9705555555555555
F0.921
F0.949
tp85
a(F0.9704444444444444
F0.921
F0.95
tp86
a(F0.971
F0.921
F0.95
tp87
a(F0.9711111111111111
F0.92
F0.949
tp88
a(F0.9711111111111111
F0.919
F0.949
tp89
a(F0.9713333333333334
F0.918
F0.948
tp90
a(F0.9712222222222222
F0.916
F0.947
tp91
a(F0.9713333333333334
F0.917
F0.947
tp92
a(F0.9713333333333334
F0.917
F0.947
tp93
a(F0.9713333333333334
F0.918
F0.947
tp94
a(F0.9713333333333334
F0.918
F0.946
tp95
a(F0.9712222222222222
F0.921
F0.948
tp96
a(F0.9708888888888889
F0.92
F0.948
tp97
a(F0.9711111111111111
F0.92
F0.948
tp98
a(F0.971
F0.921
F0.948
tp99
a(F0.971
F0.92
F0.948
tp100
a(F0.9708888888888889
F0.92
F0.948
tp101
a.