(lp0
(F0.09922222222222223
F0.105
F0.096
tp1
a(F0.8731111111111111
F0.857
F0.906
tp2
a(F0.8981111111111111
F0.877
F0.919
tp3
a(F0.915
F0.888
F0.928
tp4
a(F0.9237777777777778
F0.893
F0.932
tp5
a(F0.93
F0.907
F0.935
tp6
a(F0.9348888888888889
F0.911
F0.937
tp7
a(F0.9377777777777778
F0.909
F0.936
tp8
a(F0.9408888888888889
F0.91
F0.935
tp9
a(F0.943
F0.918
F0.939
tp10
a(F0.9448888888888889
F0.922
F0.938
tp11
a(F0.9463333333333334
F0.924
F0.936
tp12
a(F0.948
F0.924
F0.932
tp13
a(F0.9486666666666667
F0.924
F0.93
tp14
a(F0.9494444444444444
F0.924
F0.929
tp15
a(F0.9506666666666667
F0.923
F0.932
tp16
a(F0.951
F0.923
F0.934
tp17
a(F0.9522222222222222
F0.921
F0.935
tp18
a(F0.9535555555555556
F0.923
F0.935
tp19
a(F0.9535555555555556
F0.926
F0.933
tp20
a(F0.9544444444444444
F0.928
F0.936
tp21
a(F0.9544444444444444
F0.927
F0.937
tp22
a(F0.9543333333333334
F0.928
F0.936
tp23
a(F0.9546666666666667
F0.927
F0.94
tp24
a(F0.9551111111111111
F0.929
F0.938
tp25
a(F0.9548888888888889
F0.931
F0.938
tp26
a(F0.9544444444444444
F0.925
F0.937
tp27
a(F0.9548888888888889
F0.923
F0.939
tp28
a(F0.9547777777777777
F0.922
F0.94
tp29
a(F0.9548888888888889
F0.924
F0.94
tp30
a(F0.9556666666666667
F0.924
F0.94
tp31
a(F0.9556666666666667
F0.92
F0.938
tp32
a(F0.9548888888888889
F0.919
F0.938
tp33
a(F0.9548888888888889
F0.921
F0.939
tp34
a(F0.955
F0.92
F0.938
tp35
a(F0.9573333333333334
F0.917
F0.939
tp36
a(F0.9587777777777777
F0.918
F0.941
tp37
a(F0.9601111111111111
F0.92
F0.94
tp38
a(F0.9617777777777777
F0.919
F0.94
tp39
a(F0.9621111111111111
F0.916
F0.941
tp40
a(F0.9627777777777777
F0.918
F0.941
tp41
a(F0.9631111111111111
F0.92
F0.941
tp42
a(F0.9633333333333334
F0.922
F0.941
tp43
a(F0.9633333333333334
F0.922
F0.941
tp44
a(F0.9633333333333334
F0.922
F0.94
tp45
a(F0.9635555555555556
F0.921
F0.939
tp46
a(F0.9642222222222222
F0.921
F0.939
tp47
a(F0.9645555555555556
F0.921
F0.938
tp48
a(F0.9653333333333334
F0.924
F0.938
tp49
a(F0.9653333333333334
F0.924
F0.937
tp50
a(F0.9654444444444444
F0.926
F0.939
tp51
a(F0.9652222222222222
F0.924
F0.94
tp52
a(F0.9657777777777777
F0.924
F0.94
tp53
a(F0.966
F0.922
F0.939
tp54
a(F0.9658888888888889
F0.926
F0.938
tp55
a(F0.9667777777777777
F0.925
F0.94
tp56
a(F0.9667777777777777
F0.925
F0.939
tp57
a(F0.9676666666666667
F0.926
F0.941
tp58
a(F0.968
F0.924
F0.941
tp59
a(F0.9682222222222222
F0.924
F0.942
tp60
a(F0.9686666666666667
F0.926
F0.943
tp61
a(F0.9688888888888889
F0.924
F0.941
tp62
a(F0.9696666666666667
F0.926
F0.942
tp63
a(F0.9693333333333334
F0.925
F0.939
tp64
a(F0.9694444444444444
F0.93
F0.94
tp65
a(F0.9695555555555555
F0.925
F0.941
tp66
a(F0.9692222222222222
F0.927
F0.943
tp67
a(F0.9688888888888889
F0.927
F0.942
tp68
a(F0.9701111111111111
F0.928
F0.944
tp69
a(F0.9691111111111111
F0.926
F0.942
tp70
a(F0.9702222222222222
F0.927
F0.944
tp71
a(F0.9712222222222222
F0.927
F0.945
tp72
a(F0.9696666666666667
F0.928
F0.947
tp73
a(F0.9716666666666667
F0.927
F0.944
tp74
a(F0.9713333333333334
F0.928
F0.946
tp75
a(F0.9717777777777777
F0.923
F0.945
tp76
a(F0.9715555555555555
F0.928
F0.945
tp77
a(F0.9721111111111111
F0.926
F0.943
tp78
a(F0.9722222222222222
F0.927
F0.948
tp79
a(F0.9716666666666667
F0.931
F0.944
tp80
a(F0.9721111111111111
F0.928
F0.944
tp81
a(F0.9727777777777777
F0.931
F0.946
tp82
a(F0.9727777777777777
F0.931
F0.945
tp83
a(F0.9726666666666667
F0.928
F0.945
tp84
a(F0.973
F0.932
F0.947
tp85
a(F0.9727777777777777
F0.93
F0.946
tp86
a(F0.9737777777777777
F0.932
F0.944
tp87
a(F0.9727777777777777
F0.928
F0.946
tp88
a(F0.9753333333333334
F0.933
F0.945
tp89
a(F0.973
F0.928
F0.949
tp90
a(F0.9748888888888889
F0.93
F0.948
tp91
a(F0.9746666666666667
F0.93
F0.95
tp92
a(F0.9748888888888889
F0.93
F0.948
tp93
a(F0.9743333333333334
F0.929
F0.947
tp94
a(F0.975
F0.929
F0.949
tp95
a(F0.9744444444444444
F0.93
F0.95
tp96
a(F0.9753333333333334
F0.929
F0.949
tp97
a(F0.9755555555555555
F0.928
F0.945
tp98
a(F0.9754444444444444
F0.927
F0.947
tp99
a(F0.9758888888888889
F0.929
F0.948
tp100
a(F0.976
F0.929
F0.949
tp101
a.