(lp0
(F0.10177777777777777
F0.114
F0.104
tp1
a(F0.8755555555555555
F0.856
F0.89
tp2
a(F0.9005555555555556
F0.884
F0.911
tp3
a(F0.9092222222222223
F0.89
F0.916
tp4
a(F0.8908888888888888
F0.877
F0.909
tp5
a(F0.8941111111111111
F0.873
F0.904
tp6
a(F0.8973333333333333
F0.878
F0.907
tp7
a(F0.899
F0.882
F0.903
tp8
a(F0.896
F0.874
F0.905
tp9
a(F0.899
F0.877
F0.91
tp10
a(F0.9126666666666666
F0.883
F0.914
tp11
a(F0.8984444444444445
F0.877
F0.905
tp12
a(F0.911
F0.885
F0.921
tp13
a(F0.9191111111111111
F0.891
F0.921
tp14
a(F0.9242222222222222
F0.895
F0.929
tp15
a(F0.92
F0.901
F0.924
tp16
a(F0.9161111111111111
F0.889
F0.916
tp17
a(F0.9128888888888889
F0.882
F0.912
tp18
a(F0.9192222222222223
F0.896
F0.915
tp19
a(F0.932
F0.893
F0.93
tp20
a(F0.931
F0.898
F0.929
tp21
a(F0.9336666666666666
F0.894
F0.925
tp22
a(F0.9328888888888889
F0.895
F0.929
tp23
a(F0.9344444444444444
F0.895
F0.933
tp24
a(F0.9285555555555556
F0.889
F0.929
tp25
a(F0.93
F0.881
F0.927
tp26
a(F0.9277777777777778
F0.885
F0.931
tp27
a(F0.9334444444444444
F0.889
F0.934
tp28
a(F0.929
F0.892
F0.924
tp29
a(F0.9322222222222222
F0.893
F0.93
tp30
a(F0.9305555555555556
F0.887
F0.926
tp31
a(F0.9367777777777778
F0.892
F0.935
tp32
a(F0.934
F0.891
F0.934
tp33
a(F0.9308888888888889
F0.895
F0.926
tp34
a(F0.9357777777777778
F0.894
F0.929
tp35
a(F0.9347777777777778
F0.894
F0.931
tp36
a(F0.9263333333333333
F0.886
F0.925
tp37
a(F0.9342222222222222
F0.891
F0.927
tp38
a(F0.9338888888888889
F0.888
F0.927
tp39
a(F0.9326666666666666
F0.89
F0.923
tp40
a(F0.9348888888888889
F0.887
F0.925
tp41
a(F0.9348888888888889
F0.895
F0.929
tp42
a(F0.9343333333333333
F0.894
F0.929
tp43
a(F0.9384444444444444
F0.902
F0.93
tp44
a(F0.9333333333333333
F0.882
F0.928
tp45
a(F0.9356666666666666
F0.891
F0.929
tp46
a(F0.9358888888888889
F0.893
F0.933
tp47
a(F0.9351111111111111
F0.892
F0.926
tp48
a(F0.9381111111111111
F0.883
F0.93
tp49
a(F0.94
F0.896
F0.932
tp50
a(F0.9407777777777778
F0.891
F0.931
tp51
a(F0.9388888888888889
F0.903
F0.933
tp52
a(F0.9396666666666667
F0.885
F0.93
tp53
a(F0.9398888888888889
F0.891
F0.929
tp54
a(F0.9412222222222222
F0.895
F0.932
tp55
a(F0.9351111111111111
F0.892
F0.921
tp56
a(F0.9433333333333334
F0.896
F0.932
tp57
a(F0.9373333333333334
F0.892
F0.928
tp58
a(F0.9362222222222222
F0.887
F0.933
tp59
a(F0.9406666666666667
F0.892
F0.924
tp60
a(F0.9418888888888889
F0.892
F0.927
tp61
a(F0.9386666666666666
F0.889
F0.929
tp62
a(F0.9415555555555556
F0.894
F0.93
tp63
a(F0.9448888888888889
F0.896
F0.935
tp64
a(F0.9402222222222222
F0.891
F0.935
tp65
a(F0.9437777777777778
F0.896
F0.929
tp66
a(F0.9408888888888889
F0.9
F0.933
tp67
a(F0.9408888888888889
F0.891
F0.929
tp68
a(F0.9357777777777778
F0.891
F0.931
tp69
a(F0.9412222222222222
F0.889
F0.932
tp70
a(F0.9386666666666666
F0.887
F0.928
tp71
a(F0.9398888888888889
F0.889
F0.932
tp72
a(F0.9411111111111111
F0.893
F0.932
tp73
a(F0.9415555555555556
F0.89
F0.93
tp74
a(F0.9388888888888889
F0.888
F0.925
tp75
a(F0.9406666666666667
F0.888
F0.926
tp76
a(F0.9404444444444444
F0.888
F0.939
tp77
a(F0.9434444444444444
F0.896
F0.931
tp78
a(F0.9402222222222222
F0.893
F0.932
tp79
a(F0.9403333333333334
F0.89
F0.927
tp80
a(F0.9412222222222222
F0.898
F0.93
tp81
a(F0.9455555555555556
F0.895
F0.934
tp82
a(F0.9396666666666667
F0.895
F0.932
tp83
a(F0.9387777777777778
F0.895
F0.93
tp84
a(F0.9408888888888889
F0.892
F0.933
tp85
a(F0.9375555555555556
F0.888
F0.928
tp86
a(F0.943
F0.89
F0.931
tp87
a(F0.943
F0.892
F0.934
tp88
a(F0.9457777777777778
F0.891
F0.937
tp89
a(F0.94
F0.887
F0.93
tp90
a(F0.9434444444444444
F0.891
F0.933
tp91
a(F0.9414444444444444
F0.891
F0.936
tp92
a(F0.9435555555555556
F0.892
F0.931
tp93
a(F0.9444444444444444
F0.894
F0.929
tp94
a(F0.9427777777777778
F0.891
F0.931
tp95
a(F0.9435555555555556
F0.899
F0.929
tp96
a(F0.941
F0.893
F0.926
tp97
a(F0.946
F0.894
F0.933
tp98
a(F0.9453333333333334
F0.896
F0.932
tp99
a(F0.943
F0.886
F0.933
tp100
a(F0.9412222222222222
F0.899
F0.935
tp101
a.