(lp0
(F0.09811111111111111
F0.106
F0.087
tp1
a(F0.8717777777777778
F0.853
F0.904
tp2
a(F0.8901111111111111
F0.87
F0.92
tp3
a(F0.9047777777777778
F0.881
F0.927
tp4
a(F0.9085555555555556
F0.882
F0.93
tp5
a(F0.9111111111111111
F0.889
F0.932
tp6
a(F0.9037777777777778
F0.877
F0.919
tp7
a(F0.9006666666666666
F0.873
F0.925
tp8
a(F0.9043333333333333
F0.878
F0.924
tp9
a(F0.9125555555555556
F0.884
F0.929
tp10
a(F0.9094444444444445
F0.876
F0.927
tp11
a(F0.9187777777777778
F0.886
F0.93
tp12
a(F0.9086666666666666
F0.879
F0.917
tp13
a(F0.9166666666666666
F0.886
F0.925
tp14
a(F0.9074444444444445
F0.87
F0.913
tp15
a(F0.9131111111111111
F0.883
F0.925
tp16
a(F0.9194444444444444
F0.891
F0.926
tp17
a(F0.9246666666666666
F0.89
F0.926
tp18
a(F0.9222222222222223
F0.899
F0.921
tp19
a(F0.912
F0.881
F0.917
tp20
a(F0.9176666666666666
F0.886
F0.919
tp21
a(F0.9205555555555556
F0.888
F0.919
tp22
a(F0.9192222222222223
F0.891
F0.92
tp23
a(F0.9245555555555556
F0.897
F0.924
tp24
a(F0.9208888888888889
F0.896
F0.927
tp25
a(F0.9037777777777778
F0.88
F0.912
tp26
a(F0.9204444444444444
F0.891
F0.921
tp27
a(F0.9223333333333333
F0.893
F0.921
tp28
a(F0.9221111111111111
F0.895
F0.924
tp29
a(F0.9274444444444444
F0.902
F0.927
tp30
a(F0.9186666666666666
F0.892
F0.923
tp31
a(F0.9195555555555556
F0.89
F0.917
tp32
a(F0.9194444444444444
F0.893
F0.918
tp33
a(F0.9164444444444444
F0.894
F0.919
tp34
a(F0.9274444444444444
F0.901
F0.929
tp35
a(F0.9277777777777778
F0.897
F0.924
tp36
a(F0.9211111111111111
F0.895
F0.922
tp37
a(F0.9287777777777778
F0.895
F0.93
tp38
a(F0.9175555555555556
F0.881
F0.919
tp39
a(F0.9303333333333333
F0.9
F0.925
tp40
a(F0.9207777777777778
F0.892
F0.924
tp41
a(F0.9264444444444444
F0.903
F0.926
tp42
a(F0.9236666666666666
F0.898
F0.925
tp43
a(F0.9267777777777778
F0.893
F0.926
tp44
a(F0.9297777777777778
F0.906
F0.931
tp45
a(F0.923
F0.892
F0.925
tp46
a(F0.9266666666666666
F0.902
F0.926
tp47
a(F0.9282222222222222
F0.902
F0.926
tp48
a(F0.9267777777777778
F0.901
F0.925
tp49
a(F0.9322222222222222
F0.902
F0.928
tp50
a(F0.929
F0.901
F0.932
tp51
a(F0.9314444444444444
F0.892
F0.932
tp52
a(F0.928
F0.905
F0.924
tp53
a(F0.9288888888888889
F0.899
F0.92
tp54
a(F0.934
F0.902
F0.926
tp55
a(F0.9271111111111111
F0.892
F0.924
tp56
a(F0.9338888888888889
F0.904
F0.931
tp57
a(F0.9301111111111111
F0.909
F0.926
tp58
a(F0.9322222222222222
F0.902
F0.927
tp59
a(F0.9366666666666666
F0.903
F0.931
tp60
a(F0.9277777777777778
F0.901
F0.93
tp61
a(F0.9344444444444444
F0.902
F0.93
tp62
a(F0.9345555555555556
F0.902
F0.93
tp63
a(F0.9347777777777778
F0.895
F0.926
tp64
a(F0.9347777777777778
F0.899
F0.927
tp65
a(F0.9378888888888889
F0.905
F0.935
tp66
a(F0.9338888888888889
F0.903
F0.93
tp67
a(F0.9343333333333333
F0.897
F0.929
tp68
a(F0.9386666666666666
F0.903
F0.931
tp69
a(F0.9384444444444444
F0.902
F0.931
tp70
a(F0.9366666666666666
F0.899
F0.932
tp71
a(F0.9306666666666666
F0.887
F0.921
tp72
a(F0.9374444444444444
F0.9
F0.931
tp73
a(F0.9417777777777778
F0.905
F0.934
tp74
a(F0.938
F0.906
F0.932
tp75
a(F0.9361111111111111
F0.905
F0.929
tp76
a(F0.9405555555555556
F0.905
F0.934
tp77
a(F0.9425555555555556
F0.904
F0.925
tp78
a(F0.9393333333333334
F0.903
F0.931
tp79
a(F0.9367777777777778
F0.896
F0.924
tp80
a(F0.9368888888888889
F0.901
F0.925
tp81
a(F0.9386666666666666
F0.896
F0.929
tp82
a(F0.9351111111111111
F0.895
F0.922
tp83
a(F0.941
F0.899
F0.926
tp84
a(F0.9393333333333334
F0.896
F0.929
tp85
a(F0.941
F0.902
F0.934
tp86
a(F0.9418888888888889
F0.906
F0.931
tp87
a(F0.9392222222222222
F0.899
F0.925
tp88
a(F0.9416666666666667
F0.9
F0.929
tp89
a(F0.9387777777777778
F0.897
F0.927
tp90
a(F0.9413333333333334
F0.898
F0.929
tp91
a(F0.9396666666666667
F0.902
F0.933
tp92
a(F0.9445555555555556
F0.907
F0.93
tp93
a(F0.9437777777777778
F0.908
F0.928
tp94
a(F0.9393333333333334
F0.901
F0.928
tp95
a(F0.9404444444444444
F0.897
F0.925
tp96
a(F0.9394444444444444
F0.905
F0.922
tp97
a(F0.9415555555555556
F0.895
F0.93
tp98
a(F0.9388888888888889
F0.9
F0.92
tp99
a(F0.9423333333333334
F0.901
F0.929
tp100
a(F0.9431111111111111
F0.907
F0.934
tp101
a.