(lp0
(F0.10177777777777777
F0.114
F0.104
tp1
a(F0.8421111111111111
F0.833
F0.888
tp2
a(F0.8818888888888889
F0.871
F0.919
tp3
a(F0.8988888888888888
F0.882
F0.927
tp4
a(F0.9081111111111111
F0.892
F0.925
tp5
a(F0.9135555555555556
F0.894
F0.929
tp6
a(F0.9181111111111111
F0.898
F0.929
tp7
a(F0.9221111111111111
F0.901
F0.929
tp8
a(F0.9258888888888889
F0.905
F0.933
tp9
a(F0.9284444444444444
F0.909
F0.936
tp10
a(F0.9312222222222222
F0.91
F0.938
tp11
a(F0.9326666666666666
F0.912
F0.937
tp12
a(F0.9344444444444444
F0.914
F0.938
tp13
a(F0.9358888888888889
F0.916
F0.936
tp14
a(F0.9377777777777778
F0.916
F0.935
tp15
a(F0.9378888888888889
F0.915
F0.936
tp16
a(F0.9386666666666666
F0.915
F0.936
tp17
a(F0.9401111111111111
F0.916
F0.937
tp18
a(F0.9408888888888889
F0.916
F0.938
tp19
a(F0.9416666666666667
F0.916
F0.937
tp20
a(F0.943
F0.917
F0.937
tp21
a(F0.9434444444444444
F0.916
F0.938
tp22
a(F0.9438888888888889
F0.914
F0.94
tp23
a(F0.9444444444444444
F0.916
F0.941
tp24
a(F0.9454444444444444
F0.915
F0.942
tp25
a(F0.9463333333333334
F0.917
F0.941
tp26
a(F0.9468888888888889
F0.918
F0.942
tp27
a(F0.9467777777777778
F0.916
F0.94
tp28
a(F0.9468888888888889
F0.917
F0.942
tp29
a(F0.9476666666666667
F0.916
F0.942
tp30
a(F0.9478888888888889
F0.918
F0.944
tp31
a(F0.9486666666666667
F0.919
F0.944
tp32
a(F0.9493333333333334
F0.919
F0.944
tp33
a(F0.9491111111111111
F0.919
F0.945
tp34
a(F0.9491111111111111
F0.918
F0.945
tp35
a(F0.9485555555555556
F0.918
F0.945
tp36
a(F0.9487777777777778
F0.918
F0.945
tp37
a(F0.9488888888888889
F0.918
F0.944
tp38
a(F0.9488888888888889
F0.918
F0.943
tp39
a(F0.949
F0.92
F0.943
tp40
a(F0.949
F0.918
F0.942
tp41
a(F0.949
F0.918
F0.942
tp42
a(F0.9497777777777778
F0.917
F0.942
tp43
a(F0.9502222222222222
F0.917
F0.941
tp44
a(F0.9505555555555556
F0.917
F0.942
tp45
a(F0.9507777777777778
F0.918
F0.94
tp46
a(F0.9511111111111111
F0.918
F0.939
tp47
a(F0.951
F0.917
F0.937
tp48
a(F0.9518888888888889
F0.918
F0.937
tp49
a(F0.9522222222222222
F0.916
F0.937
tp50
a(F0.952
F0.916
F0.939
tp51
a(F0.9518888888888889
F0.916
F0.939
tp52
a(F0.952
F0.913
F0.939
tp53
a(F0.9522222222222222
F0.913
F0.937
tp54
a(F0.9518888888888889
F0.913
F0.937
tp55
a(F0.9518888888888889
F0.913
F0.937
tp56
a(F0.9522222222222222
F0.913
F0.937
tp57
a(F0.9524444444444444
F0.912
F0.937
tp58
a(F0.9523333333333334
F0.911
F0.936
tp59
a(F0.9523333333333334
F0.913
F0.938
tp60
a(F0.9525555555555556
F0.913
F0.938
tp61
a(F0.9526666666666667
F0.913
F0.937
tp62
a(F0.9526666666666667
F0.914
F0.936
tp63
a(F0.9525555555555556
F0.913
F0.936
tp64
a(F0.9525555555555556
F0.913
F0.937
tp65
a(F0.9527777777777777
F0.914
F0.936
tp66
a(F0.9527777777777777
F0.914
F0.937
tp67
a(F0.9532222222222222
F0.914
F0.937
tp68
a(F0.9533333333333334
F0.913
F0.937
tp69
a(F0.9534444444444444
F0.914
F0.936
tp70
a(F0.9535555555555556
F0.913
F0.936
tp71
a(F0.9534444444444444
F0.913
F0.936
tp72
a(F0.9537777777777777
F0.912
F0.936
tp73
a(F0.954
F0.912
F0.936
tp74
a(F0.9543333333333334
F0.912
F0.935
tp75
a(F0.9544444444444444
F0.913
F0.936
tp76
a(F0.9548888888888889
F0.913
F0.935
tp77
a(F0.9548888888888889
F0.912
F0.934
tp78
a(F0.9548888888888889
F0.913
F0.934
tp79
a(F0.955
F0.914
F0.934
tp80
a(F0.9548888888888889
F0.915
F0.932
tp81
a(F0.9547777777777777
F0.916
F0.932
tp82
a(F0.9548888888888889
F0.917
F0.932
tp83
a(F0.9548888888888889
F0.917
F0.932
tp84
a(F0.9552222222222222
F0.917
F0.932
tp85
a(F0.9554444444444444
F0.918
F0.932
tp86
a(F0.9555555555555556
F0.918
F0.932
tp87
a(F0.9554444444444444
F0.918
F0.932
tp88
a(F0.9557777777777777
F0.918
F0.932
tp89
a(F0.9557777777777777
F0.917
F0.932
tp90
a(F0.956
F0.917
F0.932
tp91
a(F0.956
F0.917
F0.933
tp92
a(F0.9563333333333334
F0.917
F0.935
tp93
a(F0.9562222222222222
F0.916
F0.935
tp94
a(F0.9561111111111111
F0.916
F0.935
tp95
a(F0.9563333333333334
F0.916
F0.934
tp96
a(F0.9563333333333334
F0.915
F0.934
tp97
a(F0.9564444444444444
F0.915
F0.933
tp98
a(F0.9563333333333334
F0.913
F0.933
tp99
a(F0.9558888888888889
F0.913
F0.933
tp100
a(F0.9555555555555556
F0.912
F0.932
tp101
a.