(lp0
(F0.113
F0.117
F0.132
tp1
a(F0.8591111111111112
F0.848
F0.904
tp2
a(F0.8684444444444445
F0.862
F0.906
tp3
a(F0.8742222222222222
F0.869
F0.912
tp4
a(F0.878
F0.87
F0.913
tp5
a(F0.8798888888888889
F0.868
F0.913
tp6
a(F0.8824444444444445
F0.867
F0.913
tp7
a(F0.8838888888888888
F0.866
F0.913
tp8
a(F0.8853333333333333
F0.867
F0.912
tp9
a(F0.8864444444444445
F0.867
F0.912
tp10
a(F0.8875555555555555
F0.868
F0.912
tp11
a(F0.8883333333333333
F0.868
F0.913
tp12
a(F0.8888888888888888
F0.867
F0.912
tp13
a(F0.8896666666666667
F0.867
F0.912
tp14
a(F0.8901111111111111
F0.867
F0.911
tp15
a(F0.8904444444444445
F0.867
F0.912
tp16
a(F0.8904444444444445
F0.868
F0.912
tp17
a(F0.8911111111111111
F0.869
F0.912
tp18
a(F0.8918888888888888
F0.87
F0.912
tp19
a(F0.8925555555555555
F0.871
F0.915
tp20
a(F0.8926666666666667
F0.87
F0.915
tp21
a(F0.8931111111111111
F0.871
F0.915
tp22
a(F0.8934444444444445
F0.871
F0.915
tp23
a(F0.8937777777777778
F0.871
F0.916
tp24
a(F0.894
F0.871
F0.916
tp25
a(F0.894
F0.871
F0.916
tp26
a(F0.8941111111111111
F0.872
F0.916
tp27
a(F0.8942222222222223
F0.872
F0.916
tp28
a(F0.8942222222222223
F0.872
F0.916
tp29
a(F0.8944444444444445
F0.872
F0.916
tp30
a(F0.8944444444444445
F0.872
F0.916
tp31
a(F0.8948888888888888
F0.871
F0.916
tp32
a(F0.895
F0.872
F0.916
tp33
a(F0.8951111111111111
F0.876
F0.917
tp34
a(F0.8952222222222223
F0.876
F0.917
tp35
a(F0.8953333333333333
F0.876
F0.917
tp36
a(F0.8952222222222223
F0.876
F0.917
tp37
a(F0.8955555555555555
F0.876
F0.917
tp38
a(F0.8955555555555555
F0.875
F0.917
tp39
a(F0.8956666666666667
F0.875
F0.917
tp40
a(F0.8957777777777778
F0.875
F0.915
tp41
a(F0.8958888888888888
F0.875
F0.914
tp42
a(F0.8962222222222223
F0.875
F0.914
tp43
a(F0.8965555555555556
F0.875
F0.914
tp44
a(F0.8966666666666666
F0.876
F0.912
tp45
a(F0.8973333333333333
F0.876
F0.912
tp46
a(F0.8975555555555556
F0.876
F0.912
tp47
a(F0.8978888888888888
F0.876
F0.912
tp48
a(F0.898
F0.876
F0.912
tp49
a(F0.898
F0.877
F0.912
tp50
a(F0.8982222222222223
F0.877
F0.912
tp51
a(F0.8982222222222223
F0.877
F0.913
tp52
a(F0.8981111111111111
F0.878
F0.913
tp53
a(F0.8981111111111111
F0.878
F0.914
tp54
a(F0.8984444444444445
F0.878
F0.914
tp55
a(F0.8986666666666666
F0.878
F0.914
tp56
a(F0.8987777777777778
F0.877
F0.915
tp57
a(F0.8991111111111111
F0.877
F0.915
tp58
a(F0.8992222222222223
F0.876
F0.915
tp59
a(F0.8994444444444445
F0.876
F0.915
tp60
a(F0.8997777777777778
F0.876
F0.915
tp61
a(F0.8996666666666666
F0.876
F0.915
tp62
a(F0.8996666666666666
F0.876
F0.915
tp63
a(F0.8998888888888888
F0.876
F0.915
tp64
a(F0.9
F0.876
F0.915
tp65
a(F0.8998888888888888
F0.876
F0.915
tp66
a(F0.8998888888888888
F0.876
F0.913
tp67
a(F0.8997777777777778
F0.876
F0.913
tp68
a(F0.8998888888888888
F0.876
F0.913
tp69
a(F0.8997777777777778
F0.876
F0.913
tp70
a(F0.8997777777777778
F0.876
F0.913
tp71
a(F0.8998888888888888
F0.875
F0.913
tp72
a(F0.8998888888888888
F0.875
F0.912
tp73
a(F0.8996666666666666
F0.875
F0.912
tp74
a(F0.8994444444444445
F0.875
F0.912
tp75
a(F0.8994444444444445
F0.875
F0.912
tp76
a(F0.8994444444444445
F0.875
F0.912
tp77
a(F0.8996666666666666
F0.875
F0.912
tp78
a(F0.8996666666666666
F0.875
F0.913
tp79
a(F0.8997777777777778
F0.875
F0.913
tp80
a(F0.9002222222222223
F0.876
F0.913
tp81
a(F0.9002222222222223
F0.877
F0.913
tp82
a(F0.9002222222222223
F0.877
F0.913
tp83
a(F0.9001111111111111
F0.876
F0.913
tp84
a(F0.9001111111111111
F0.876
F0.914
tp85
a(F0.8998888888888888
F0.876
F0.913
tp86
a(F0.8998888888888888
F0.877
F0.912
tp87
a(F0.8998888888888888
F0.877
F0.912
tp88
a(F0.9001111111111111
F0.877
F0.912
tp89
a(F0.9
F0.876
F0.912
tp90
a(F0.8998888888888888
F0.876
F0.912
tp91
a(F0.9002222222222223
F0.876
F0.912
tp92
a(F0.9004444444444445
F0.876
F0.912
tp93
a(F0.9003333333333333
F0.876
F0.912
tp94
a(F0.9004444444444445
F0.877
F0.912
tp95
a(F0.9005555555555556
F0.877
F0.912
tp96
a(F0.9005555555555556
F0.877
F0.912
tp97
a(F0.9005555555555556
F0.877
F0.912
tp98
a(F0.9005555555555556
F0.877
F0.911
tp99
a(F0.9003333333333333
F0.877
F0.911
tp100
a(F0.9005555555555556
F0.877
F0.911
tp101
a.