(lp0
(F0.10166666666666667
F0.111
F0.108
tp1
a(F0.8578888888888889
F0.844
F0.902
tp2
a(F0.8664444444444445
F0.861
F0.908
tp3
a(F0.872
F0.866
F0.908
tp4
a(F0.8757777777777778
F0.871
F0.911
tp5
a(F0.8787777777777778
F0.869
F0.912
tp6
a(F0.8805555555555555
F0.867
F0.913
tp7
a(F0.8827777777777778
F0.867
F0.913
tp8
a(F0.8842222222222222
F0.866
F0.914
tp9
a(F0.8852222222222222
F0.866
F0.913
tp10
a(F0.8858888888888888
F0.866
F0.913
tp11
a(F0.8873333333333333
F0.868
F0.913
tp12
a(F0.8881111111111111
F0.868
F0.913
tp13
a(F0.889
F0.868
F0.912
tp14
a(F0.889
F0.867
F0.912
tp15
a(F0.8896666666666667
F0.865
F0.913
tp16
a(F0.8905555555555555
F0.866
F0.913
tp17
a(F0.891
F0.866
F0.914
tp18
a(F0.8912222222222222
F0.867
F0.914
tp19
a(F0.8918888888888888
F0.867
F0.914
tp20
a(F0.892
F0.868
F0.914
tp21
a(F0.8922222222222222
F0.868
F0.913
tp22
a(F0.8931111111111111
F0.869
F0.913
tp23
a(F0.8935555555555555
F0.87
F0.916
tp24
a(F0.8937777777777778
F0.87
F0.915
tp25
a(F0.894
F0.871
F0.916
tp26
a(F0.894
F0.872
F0.916
tp27
a(F0.8941111111111111
F0.873
F0.917
tp28
a(F0.8942222222222223
F0.873
F0.917
tp29
a(F0.8942222222222223
F0.873
F0.916
tp30
a(F0.8944444444444445
F0.873
F0.916
tp31
a(F0.8944444444444445
F0.873
F0.916
tp32
a(F0.8945555555555555
F0.873
F0.916
tp33
a(F0.8945555555555555
F0.873
F0.916
tp34
a(F0.8948888888888888
F0.875
F0.916
tp35
a(F0.895
F0.875
F0.916
tp36
a(F0.895
F0.875
F0.916
tp37
a(F0.8953333333333333
F0.877
F0.916
tp38
a(F0.8956666666666667
F0.877
F0.916
tp39
a(F0.8961111111111111
F0.878
F0.916
tp40
a(F0.8963333333333333
F0.877
F0.917
tp41
a(F0.8962222222222223
F0.878
F0.917
tp42
a(F0.8961111111111111
F0.877
F0.915
tp43
a(F0.896
F0.877
F0.915
tp44
a(F0.8961111111111111
F0.877
F0.915
tp45
a(F0.8962222222222223
F0.877
F0.915
tp46
a(F0.8962222222222223
F0.877
F0.915
tp47
a(F0.8968888888888888
F0.877
F0.914
tp48
a(F0.8968888888888888
F0.877
F0.914
tp49
a(F0.8972222222222223
F0.877
F0.914
tp50
a(F0.8972222222222223
F0.878
F0.914
tp51
a(F0.8973333333333333
F0.878
F0.914
tp52
a(F0.8976666666666666
F0.878
F0.914
tp53
a(F0.898
F0.878
F0.914
tp54
a(F0.8983333333333333
F0.878
F0.914
tp55
a(F0.8985555555555556
F0.878
F0.914
tp56
a(F0.8986666666666666
F0.878
F0.913
tp57
a(F0.8987777777777778
F0.878
F0.914
tp58
a(F0.8986666666666666
F0.879
F0.914
tp59
a(F0.8987777777777778
F0.879
F0.915
tp60
a(F0.8987777777777778
F0.879
F0.915
tp61
a(F0.899
F0.879
F0.915
tp62
a(F0.899
F0.879
F0.915
tp63
a(F0.8992222222222223
F0.879
F0.915
tp64
a(F0.8995555555555556
F0.878
F0.915
tp65
a(F0.8998888888888888
F0.878
F0.915
tp66
a(F0.8998888888888888
F0.878
F0.915
tp67
a(F0.9001111111111111
F0.878
F0.915
tp68
a(F0.9001111111111111
F0.878
F0.915
tp69
a(F0.9002222222222223
F0.878
F0.915
tp70
a(F0.9003333333333333
F0.878
F0.914
tp71
a(F0.9007777777777778
F0.878
F0.914
tp72
a(F0.9007777777777778
F0.878
F0.914
tp73
a(F0.9007777777777778
F0.877
F0.914
tp74
a(F0.901
F0.877
F0.914
tp75
a(F0.9007777777777778
F0.877
F0.914
tp76
a(F0.9007777777777778
F0.877
F0.914
tp77
a(F0.9007777777777778
F0.877
F0.914
tp78
a(F0.9008888888888889
F0.877
F0.914
tp79
a(F0.901
F0.877
F0.914
tp80
a(F0.9011111111111111
F0.877
F0.913
tp81
a(F0.901
F0.877
F0.913
tp82
a(F0.9007777777777778
F0.878
F0.913
tp83
a(F0.9007777777777778
F0.878
F0.913
tp84
a(F0.9006666666666666
F0.878
F0.913
tp85
a(F0.9007777777777778
F0.878
F0.913
tp86
a(F0.9005555555555556
F0.877
F0.913
tp87
a(F0.9005555555555556
F0.877
F0.913
tp88
a(F0.9006666666666666
F0.877
F0.912
tp89
a(F0.9006666666666666
F0.877
F0.911
tp90
a(F0.9004444444444445
F0.877
F0.911
tp91
a(F0.9005555555555556
F0.878
F0.912
tp92
a(F0.9006666666666666
F0.878
F0.912
tp93
a(F0.9006666666666666
F0.879
F0.912
tp94
a(F0.9006666666666666
F0.879
F0.912
tp95
a(F0.9007777777777778
F0.879
F0.912
tp96
a(F0.9008888888888889
F0.879
F0.912
tp97
a(F0.901
F0.879
F0.912
tp98
a(F0.901
F0.878
F0.912
tp99
a(F0.9008888888888889
F0.878
F0.912
tp100
a(F0.9008888888888889
F0.878
F0.912
tp101
a.