(lp0
(F0.10177777777777777
F0.114
F0.104
tp1
a(F0.9036666666666666
F0.884
F0.92
tp2
a(F0.9113333333333333
F0.898
F0.92
tp3
a(F0.9173333333333333
F0.898
F0.923
tp4
a(F0.9217777777777778
F0.905
F0.929
tp5
a(F0.9267777777777778
F0.898
F0.93
tp6
a(F0.9351111111111111
F0.917
F0.935
tp7
a(F0.9281111111111111
F0.908
F0.928
tp8
a(F0.9196666666666666
F0.895
F0.917
tp9
a(F0.9396666666666667
F0.924
F0.936
tp10
a(F0.935
F0.906
F0.936
tp11
a(F0.9373333333333334
F0.908
F0.938
tp12
a(F0.9444444444444444
F0.915
F0.942
tp13
a(F0.9506666666666667
F0.917
F0.947
tp14
a(F0.9414444444444444
F0.915
F0.937
tp15
a(F0.9427777777777778
F0.914
F0.95
tp16
a(F0.9485555555555556
F0.918
F0.946
tp17
a(F0.9542222222222222
F0.921
F0.947
tp18
a(F0.9521111111111111
F0.915
F0.943
tp19
a(F0.9504444444444444
F0.911
F0.941
tp20
a(F0.9525555555555556
F0.919
F0.94
tp21
a(F0.9516666666666667
F0.92
F0.943
tp22
a(F0.9517777777777777
F0.922
F0.943
tp23
a(F0.947
F0.92
F0.952
tp24
a(F0.9586666666666667
F0.929
F0.949
tp25
a(F0.9564444444444444
F0.914
F0.946
tp26
a(F0.9573333333333334
F0.911
F0.946
tp27
a(F0.9548888888888889
F0.918
F0.952
tp28
a(F0.9553333333333334
F0.918
F0.942
tp29
a(F0.9631111111111111
F0.926
F0.95
tp30
a(F0.9606666666666667
F0.926
F0.956
tp31
a(F0.9571111111111111
F0.921
F0.948
tp32
a(F0.9594444444444444
F0.921
F0.947
tp33
a(F0.9507777777777778
F0.915
F0.947
tp34
a(F0.9637777777777777
F0.928
F0.952
tp35
a(F0.9605555555555556
F0.921
F0.951
tp36
a(F0.9604444444444444
F0.922
F0.952
tp37
a(F0.9632222222222222
F0.922
F0.954
tp38
a(F0.9577777777777777
F0.921
F0.953
tp39
a(F0.9624444444444444
F0.921
F0.942
tp40
a(F0.9615555555555556
F0.922
F0.946
tp41
a(F0.9643333333333334
F0.92
F0.948
tp42
a(F0.9665555555555555
F0.928
F0.959
tp43
a(F0.9638888888888889
F0.929
F0.951
tp44
a(F0.9675555555555555
F0.93
F0.95
tp45
a(F0.9616666666666667
F0.923
F0.952
tp46
a(F0.967
F0.926
F0.952
tp47
a(F0.9674444444444444
F0.919
F0.956
tp48
a(F0.9652222222222222
F0.932
F0.958
tp49
a(F0.9615555555555556
F0.928
F0.95
tp50
a(F0.9636666666666667
F0.924
F0.95
tp51
a(F0.9696666666666667
F0.928
F0.952
tp52
a(F0.9678888888888889
F0.925
F0.952
tp53
a(F0.9683333333333334
F0.924
F0.954
tp54
a(F0.9666666666666667
F0.919
F0.953
tp55
a(F0.9621111111111111
F0.914
F0.949
tp56
a(F0.9661111111111111
F0.922
F0.953
tp57
a(F0.9673333333333334
F0.922
F0.955
tp58
a(F0.965
F0.924
F0.951
tp59
a(F0.9703333333333334
F0.923
F0.952
tp60
a(F0.9635555555555556
F0.925
F0.953
tp61
a(F0.9662222222222222
F0.917
F0.948
tp62
a(F0.9687777777777777
F0.926
F0.955
tp63
a(F0.9706666666666667
F0.923
F0.951
tp64
a(F0.9678888888888889
F0.93
F0.956
tp65
a(F0.9681111111111111
F0.926
F0.949
tp66
a(F0.9672222222222222
F0.917
F0.947
tp67
a(F0.9706666666666667
F0.93
F0.955
tp68
a(F0.968
F0.926
F0.953
tp69
a(F0.9658888888888889
F0.925
F0.961
tp70
a(F0.9714444444444444
F0.923
F0.957
tp71
a(F0.9722222222222222
F0.927
F0.955
tp72
a(F0.9681111111111111
F0.93
F0.953
tp73
a(F0.9693333333333334
F0.926
F0.957
tp74
a(F0.9627777777777777
F0.921
F0.945
tp75
a(F0.9717777777777777
F0.929
F0.948
tp76
a(F0.971
F0.925
F0.952
tp77
a(F0.9657777777777777
F0.929
F0.947
tp78
a(F0.9695555555555555
F0.922
F0.949
tp79
a(F0.9713333333333334
F0.924
F0.954
tp80
a(F0.9724444444444444
F0.931
F0.955
tp81
a(F0.9728888888888889
F0.922
F0.953
tp82
a(F0.9698888888888889
F0.924
F0.953
tp83
a(F0.9733333333333334
F0.924
F0.95
tp84
a(F0.9742222222222222
F0.922
F0.952
tp85
a(F0.9715555555555555
F0.925
F0.952
tp86
a(F0.9723333333333334
F0.928
F0.95
tp87
a(F0.9736666666666667
F0.933
F0.953
tp88
a(F0.9723333333333334
F0.928
F0.952
tp89
a(F0.9694444444444444
F0.925
F0.953
tp90
a(F0.9713333333333334
F0.928
F0.952
tp91
a(F0.9705555555555555
F0.923
F0.949
tp92
a(F0.9676666666666667
F0.928
F0.948
tp93
a(F0.9676666666666667
F0.923
F0.952
tp94
a(F0.9722222222222222
F0.929
F0.949
tp95
a(F0.9738888888888889
F0.929
F0.948
tp96
a(F0.968
F0.915
F0.95
tp97
a(F0.9718888888888889
F0.928
F0.944
tp98
a(F0.9724444444444444
F0.92
F0.952
tp99
a(F0.9748888888888889
F0.927
F0.946
tp100
a(F0.9762222222222222
F0.926
F0.949
tp101
a.