(lp0
(F0.16522222222222221
F0.173
F0.134
tp1
a(F0.6186666666666667
F0.588
F0.651
tp2
a(F0.5718888888888889
F0.54
F0.599
tp3
a(F0.576
F0.545
F0.614
tp4
a(F0.5995555555555555
F0.569
F0.631
tp5
a(F0.6203333333333333
F0.586
F0.659
tp6
a(F0.6348888888888888
F0.598
F0.675
tp7
a(F0.6513333333333333
F0.623
F0.691
tp8
a(F0.668
F0.644
F0.711
tp9
a(F0.6831111111111111
F0.659
F0.728
tp10
a(F0.6974444444444444
F0.68
F0.748
tp11
a(F0.7124444444444444
F0.691
F0.756
tp12
a(F0.7252222222222222
F0.705
F0.77
tp13
a(F0.736
F0.717
F0.781
tp14
a(F0.7466666666666667
F0.728
F0.793
tp15
a(F0.7597777777777778
F0.739
F0.809
tp16
a(F0.77
F0.748
F0.818
tp17
a(F0.778
F0.76
F0.825
tp18
a(F0.7866666666666666
F0.77
F0.837
tp19
a(F0.7952222222222223
F0.772
F0.848
tp20
a(F0.8025555555555556
F0.78
F0.853
tp21
a(F0.8073333333333333
F0.788
F0.86
tp22
a(F0.8126666666666666
F0.794
F0.866
tp23
a(F0.8172222222222222
F0.796
F0.869
tp24
a(F0.8207777777777778
F0.798
F0.869
tp25
a(F0.8243333333333334
F0.8
F0.873
tp26
a(F0.8265555555555556
F0.801
F0.877
tp27
a(F0.8291111111111111
F0.804
F0.879
tp28
a(F0.8308888888888889
F0.807
F0.88
tp29
a(F0.8337777777777777
F0.81
F0.881
tp30
a(F0.8352222222222222
F0.812
F0.882
tp31
a(F0.8368888888888889
F0.814
F0.883
tp32
a(F0.8377777777777777
F0.817
F0.883
tp33
a(F0.8384444444444444
F0.818
F0.883
tp34
a(F0.8392222222222222
F0.819
F0.883
tp35
a(F0.8402222222222222
F0.82
F0.885
tp36
a(F0.8401111111111111
F0.821
F0.886
tp37
a(F0.8404444444444444
F0.822
F0.886
tp38
a(F0.8411111111111111
F0.823
F0.887
tp39
a(F0.8423333333333334
F0.824
F0.888
tp40
a(F0.8427777777777777
F0.824
F0.889
tp41
a(F0.843
F0.828
F0.89
tp42
a(F0.8435555555555555
F0.829
F0.889
tp43
a(F0.8438888888888889
F0.829
F0.89
tp44
a(F0.8441111111111111
F0.828
F0.891
tp45
a(F0.8447777777777777
F0.827
F0.892
tp46
a(F0.8453333333333334
F0.828
F0.892
tp47
a(F0.846
F0.827
F0.892
tp48
a(F0.8467777777777777
F0.83
F0.892
tp49
a(F0.8474444444444444
F0.832
F0.892
tp50
a(F0.8482222222222222
F0.833
F0.891
tp51
a(F0.8484444444444444
F0.834
F0.892
tp52
a(F0.8485555555555555
F0.835
F0.893
tp53
a(F0.8488888888888889
F0.835
F0.893
tp54
a(F0.8491111111111111
F0.835
F0.893
tp55
a(F0.8496666666666667
F0.835
F0.892
tp56
a(F0.8497777777777777
F0.835
F0.892
tp57
a(F0.8501111111111112
F0.835
F0.893
tp58
a(F0.8505555555555555
F0.835
F0.893
tp59
a(F0.8507777777777777
F0.836
F0.893
tp60
a(F0.8514444444444444
F0.836
F0.893
tp61
a(F0.8518888888888889
F0.836
F0.893
tp62
a(F0.8526666666666667
F0.837
F0.893
tp63
a(F0.8531111111111112
F0.837
F0.893
tp64
a(F0.8533333333333334
F0.837
F0.893
tp65
a(F0.8534444444444444
F0.838
F0.895
tp66
a(F0.854
F0.838
F0.895
tp67
a(F0.8542222222222222
F0.838
F0.895
tp68
a(F0.8546666666666667
F0.838
F0.895
tp69
a(F0.8546666666666667
F0.838
F0.895
tp70
a(F0.8545555555555555
F0.838
F0.895
tp71
a(F0.8545555555555555
F0.838
F0.896
tp72
a(F0.8545555555555555
F0.839
F0.896
tp73
a(F0.8548888888888889
F0.84
F0.896
tp74
a(F0.8551111111111112
F0.84
F0.896
tp75
a(F0.8554444444444445
F0.841
F0.896
tp76
a(F0.8558888888888889
F0.841
F0.897
tp77
a(F0.8564444444444445
F0.842
F0.897
tp78
a(F0.8566666666666667
F0.842
F0.896
tp79
a(F0.857
F0.842
F0.896
tp80
a(F0.8575555555555555
F0.842
F0.897
tp81
a(F0.8576666666666667
F0.843
F0.897
tp82
a(F0.8577777777777778
F0.842
F0.897
tp83
a(F0.858
F0.842
F0.897
tp84
a(F0.858
F0.842
F0.897
tp85
a(F0.8578888888888889
F0.843
F0.897
tp86
a(F0.858
F0.843
F0.897
tp87
a(F0.8581111111111112
F0.843
F0.897
tp88
a(F0.8581111111111112
F0.843
F0.897
tp89
a(F0.8582222222222222
F0.843
F0.897
tp90
a(F0.8585555555555555
F0.843
F0.897
tp91
a(F0.8588888888888889
F0.843
F0.897
tp92
a(F0.8594444444444445
F0.845
F0.896
tp93
a(F0.8594444444444445
F0.846
F0.896
tp94
a(F0.8597777777777778
F0.846
F0.896
tp95
a(F0.8603333333333333
F0.846
F0.896
tp96
a(F0.8604444444444445
F0.846
F0.896
tp97
a(F0.8605555555555555
F0.846
F0.896
tp98
a(F0.8607777777777778
F0.846
F0.896
tp99
a(F0.8608888888888889
F0.845
F0.897
tp100
a(F0.8606666666666667
F0.845
F0.897
tp101
a.