(lp0
(F0.10177777777777777
F0.114
F0.104
tp1
a(F0.8847777777777778
F0.873
F0.908
tp2
a(F0.91
F0.889
F0.931
tp3
a(F0.9233333333333333
F0.909
F0.932
tp4
a(F0.9291111111111111
F0.917
F0.939
tp5
a(F0.9322222222222222
F0.917
F0.938
tp6
a(F0.9348888888888889
F0.917
F0.939
tp7
a(F0.9393333333333334
F0.925
F0.938
tp8
a(F0.9435555555555556
F0.923
F0.942
tp9
a(F0.9452222222222222
F0.924
F0.941
tp10
a(F0.9433333333333334
F0.913
F0.941
tp11
a(F0.9464444444444444
F0.917
F0.939
tp12
a(F0.9466666666666667
F0.919
F0.942
tp13
a(F0.9515555555555556
F0.922
F0.944
tp14
a(F0.9487777777777778
F0.914
F0.938
tp15
a(F0.9496666666666667
F0.92
F0.945
tp16
a(F0.952
F0.919
F0.946
tp17
a(F0.9532222222222222
F0.922
F0.95
tp18
a(F0.9532222222222222
F0.926
F0.949
tp19
a(F0.9564444444444444
F0.932
F0.947
tp20
a(F0.9554444444444444
F0.928
F0.949
tp21
a(F0.956
F0.932
F0.942
tp22
a(F0.9547777777777777
F0.923
F0.95
tp23
a(F0.9566666666666667
F0.915
F0.951
tp24
a(F0.9595555555555556
F0.92
F0.95
tp25
a(F0.9602222222222222
F0.929
F0.951
tp26
a(F0.96
F0.925
F0.945
tp27
a(F0.961
F0.933
F0.952
tp28
a(F0.962
F0.927
F0.953
tp29
a(F0.9566666666666667
F0.92
F0.948
tp30
a(F0.9612222222222222
F0.93
F0.953
tp31
a(F0.9595555555555556
F0.928
F0.953
tp32
a(F0.9621111111111111
F0.931
F0.952
tp33
a(F0.9624444444444444
F0.934
F0.95
tp34
a(F0.9612222222222222
F0.93
F0.952
tp35
a(F0.9587777777777777
F0.928
F0.95
tp36
a(F0.9565555555555556
F0.923
F0.941
tp37
a(F0.9636666666666667
F0.924
F0.944
tp38
a(F0.9641111111111111
F0.93
F0.95
tp39
a(F0.9615555555555556
F0.919
F0.951
tp40
a(F0.9651111111111111
F0.922
F0.948
tp41
a(F0.9624444444444444
F0.926
F0.945
tp42
a(F0.9624444444444444
F0.922
F0.952
tp43
a(F0.9628888888888889
F0.924
F0.951
tp44
a(F0.9656666666666667
F0.923
F0.953
tp45
a(F0.966
F0.919
F0.953
tp46
a(F0.9658888888888889
F0.925
F0.96
tp47
a(F0.9647777777777777
F0.919
F0.949
tp48
a(F0.965
F0.914
F0.949
tp49
a(F0.9633333333333334
F0.919
F0.951
tp50
a(F0.963
F0.915
F0.957
tp51
a(F0.9646666666666667
F0.917
F0.945
tp52
a(F0.9633333333333334
F0.915
F0.949
tp53
a(F0.9656666666666667
F0.917
F0.952
tp54
a(F0.9661111111111111
F0.916
F0.949
tp55
a(F0.9651111111111111
F0.922
F0.949
tp56
a(F0.9663333333333334
F0.917
F0.956
tp57
a(F0.9656666666666667
F0.918
F0.95
tp58
a(F0.9654444444444444
F0.919
F0.957
tp59
a(F0.9675555555555555
F0.92
F0.949
tp60
a(F0.9677777777777777
F0.919
F0.954
tp61
a(F0.9675555555555555
F0.914
F0.953
tp62
a(F0.9666666666666667
F0.919
F0.951
tp63
a(F0.9675555555555555
F0.917
F0.95
tp64
a(F0.9671111111111111
F0.922
F0.947
tp65
a(F0.9677777777777777
F0.92
F0.951
tp66
a(F0.9641111111111111
F0.923
F0.957
tp67
a(F0.9663333333333334
F0.918
F0.952
tp68
a(F0.9682222222222222
F0.919
F0.953
tp69
a(F0.965
F0.915
F0.946
tp70
a(F0.9666666666666667
F0.922
F0.949
tp71
a(F0.9664444444444444
F0.92
F0.953
tp72
a(F0.968
F0.921
F0.951
tp73
a(F0.968
F0.92
F0.952
tp74
a(F0.9681111111111111
F0.92
F0.952
tp75
a(F0.9656666666666667
F0.924
F0.947
tp76
a(F0.9695555555555555
F0.924
F0.951
tp77
a(F0.9655555555555555
F0.916
F0.95
tp78
a(F0.9666666666666667
F0.922
F0.95
tp79
a(F0.9666666666666667
F0.919
F0.949
tp80
a(F0.9664444444444444
F0.918
F0.947
tp81
a(F0.9685555555555555
F0.917
F0.952
tp82
a(F0.9681111111111111
F0.917
F0.946
tp83
a(F0.9704444444444444
F0.924
F0.95
tp84
a(F0.9675555555555555
F0.916
F0.946
tp85
a(F0.9686666666666667
F0.922
F0.946
tp86
a(F0.9674444444444444
F0.917
F0.947
tp87
a(F0.9678888888888889
F0.915
F0.946
tp88
a(F0.966
F0.917
F0.947
tp89
a(F0.9645555555555556
F0.916
F0.946
tp90
a(F0.9702222222222222
F0.919
F0.947
tp91
a(F0.9688888888888889
F0.924
F0.944
tp92
a(F0.9634444444444444
F0.914
F0.946
tp93
a(F0.9674444444444444
F0.917
F0.945
tp94
a(F0.9694444444444444
F0.919
F0.947
tp95
a(F0.9674444444444444
F0.914
F0.943
tp96
a(F0.9686666666666667
F0.919
F0.95
tp97
a(F0.966
F0.915
F0.943
tp98
a(F0.9704444444444444
F0.916
F0.949
tp99
a(F0.971
F0.917
F0.95
tp100
a(F0.9671111111111111
F0.915
F0.945
tp101
a.