(lp0
(F0.033777777777777775
F0.028
F0.03
tp1
a(F0.8666666666666667
F0.854
F0.908
tp2
a(F0.8768888888888889
F0.863
F0.913
tp3
a(F0.8812222222222222
F0.865
F0.911
tp4
a(F0.8821111111111111
F0.864
F0.907
tp5
a(F0.8837777777777778
F0.866
F0.907
tp6
a(F0.8847777777777778
F0.867
F0.909
tp7
a(F0.8855555555555555
F0.868
F0.909
tp8
a(F0.887
F0.868
F0.909
tp9
a(F0.8883333333333333
F0.867
F0.91
tp10
a(F0.8885555555555555
F0.868
F0.91
tp11
a(F0.8896666666666667
F0.868
F0.908
tp12
a(F0.8904444444444445
F0.868
F0.906
tp13
a(F0.8908888888888888
F0.868
F0.907
tp14
a(F0.8908888888888888
F0.869
F0.908
tp15
a(F0.8915555555555555
F0.868
F0.908
tp16
a(F0.8918888888888888
F0.868
F0.908
tp17
a(F0.8918888888888888
F0.868
F0.908
tp18
a(F0.8917777777777778
F0.867
F0.909
tp19
a(F0.8923333333333333
F0.868
F0.909
tp20
a(F0.8924444444444445
F0.869
F0.91
tp21
a(F0.8926666666666667
F0.869
F0.912
tp22
a(F0.8928888888888888
F0.869
F0.912
tp23
a(F0.8932222222222223
F0.869
F0.913
tp24
a(F0.8933333333333333
F0.87
F0.913
tp25
a(F0.8936666666666667
F0.871
F0.913
tp26
a(F0.8937777777777778
F0.871
F0.913
tp27
a(F0.8944444444444445
F0.87
F0.913
tp28
a(F0.8944444444444445
F0.87
F0.913
tp29
a(F0.8944444444444445
F0.87
F0.913
tp30
a(F0.8948888888888888
F0.87
F0.913
tp31
a(F0.8948888888888888
F0.87
F0.914
tp32
a(F0.8947777777777778
F0.87
F0.914
tp33
a(F0.8945555555555555
F0.87
F0.914
tp34
a(F0.8946666666666667
F0.869
F0.915
tp35
a(F0.8945555555555555
F0.869
F0.914
tp36
a(F0.8947777777777778
F0.87
F0.912
tp37
a(F0.8954444444444445
F0.87
F0.912
tp38
a(F0.8954444444444445
F0.87
F0.912
tp39
a(F0.8953333333333333
F0.87
F0.912
tp40
a(F0.8956666666666667
F0.87
F0.913
tp41
a(F0.8956666666666667
F0.87
F0.913
tp42
a(F0.8956666666666667
F0.87
F0.912
tp43
a(F0.8957777777777778
F0.871
F0.911
tp44
a(F0.8957777777777778
F0.873
F0.911
tp45
a(F0.8963333333333333
F0.874
F0.911
tp46
a(F0.8964444444444445
F0.873
F0.911
tp47
a(F0.8964444444444445
F0.874
F0.911
tp48
a(F0.8965555555555556
F0.873
F0.91
tp49
a(F0.8968888888888888
F0.875
F0.91
tp50
a(F0.8967777777777778
F0.875
F0.911
tp51
a(F0.8972222222222223
F0.875
F0.911
tp52
a(F0.8974444444444445
F0.875
F0.912
tp53
a(F0.8974444444444445
F0.876
F0.912
tp54
a(F0.8973333333333333
F0.876
F0.912
tp55
a(F0.8974444444444445
F0.876
F0.911
tp56
a(F0.8973333333333333
F0.875
F0.911
tp57
a(F0.8972222222222223
F0.875
F0.912
tp58
a(F0.8972222222222223
F0.875
F0.913
tp59
a(F0.8973333333333333
F0.875
F0.913
tp60
a(F0.8975555555555556
F0.875
F0.912
tp61
a(F0.8975555555555556
F0.875
F0.912
tp62
a(F0.8975555555555556
F0.875
F0.912
tp63
a(F0.8977777777777778
F0.875
F0.912
tp64
a(F0.8977777777777778
F0.875
F0.912
tp65
a(F0.8977777777777778
F0.876
F0.912
tp66
a(F0.8977777777777778
F0.876
F0.912
tp67
a(F0.8977777777777778
F0.876
F0.912
tp68
a(F0.8977777777777778
F0.876
F0.912
tp69
a(F0.8978888888888888
F0.876
F0.912
tp70
a(F0.8978888888888888
F0.876
F0.912
tp71
a(F0.8978888888888888
F0.876
F0.912
tp72
a(F0.8977777777777778
F0.876
F0.912
tp73
a(F0.8978888888888888
F0.876
F0.913
tp74
a(F0.8984444444444445
F0.876
F0.913
tp75
a(F0.8987777777777778
F0.876
F0.913
tp76
a(F0.8987777777777778
F0.876
F0.913
tp77
a(F0.8987777777777778
F0.876
F0.913
tp78
a(F0.8986666666666666
F0.876
F0.913
tp79
a(F0.8986666666666666
F0.877
F0.913
tp80
a(F0.8986666666666666
F0.878
F0.913
tp81
a(F0.8986666666666666
F0.878
F0.912
tp82
a(F0.8986666666666666
F0.878
F0.912
tp83
a(F0.8986666666666666
F0.878
F0.912
tp84
a(F0.8986666666666666
F0.878
F0.911
tp85
a(F0.8985555555555556
F0.878
F0.911
tp86
a(F0.8985555555555556
F0.878
F0.911
tp87
a(F0.8985555555555556
F0.879
F0.911
tp88
a(F0.8985555555555556
F0.88
F0.912
tp89
a(F0.8985555555555556
F0.879
F0.912
tp90
a(F0.8985555555555556
F0.879
F0.912
tp91
a(F0.8988888888888888
F0.879
F0.912
tp92
a(F0.8988888888888888
F0.879
F0.912
tp93
a(F0.8988888888888888
F0.879
F0.912
tp94
a(F0.8987777777777778
F0.879
F0.912
tp95
a(F0.8988888888888888
F0.879
F0.912
tp96
a(F0.899
F0.879
F0.912
tp97
a(F0.899
F0.879
F0.912
tp98
a(F0.8991111111111111
F0.879
F0.912
tp99
a(F0.8993333333333333
F0.878
F0.912
tp100
a(F0.8993333333333333
F0.878
F0.912
tp101
a.