(lp0
(F0.10055555555555555
F0.103
F0.094
tp1
a(F0.12177777777777778
F0.129
F0.107
tp2
a(F0.4543333333333333
F0.432
F0.508
tp3
a(F0.7676666666666667
F0.729
F0.794
tp4
a(F0.8474444444444444
F0.836
F0.889
tp5
a(F0.8734444444444445
F0.853
F0.905
tp6
a(F0.8831111111111111
F0.863
F0.913
tp7
a(F0.8895555555555555
F0.871
F0.915
tp8
a(F0.8934444444444445
F0.876
F0.918
tp9
a(F0.8975555555555556
F0.878
F0.923
tp10
a(F0.8998888888888888
F0.886
F0.925
tp11
a(F0.9026666666666666
F0.89
F0.931
tp12
a(F0.906
F0.89
F0.933
tp13
a(F0.9082222222222223
F0.892
F0.933
tp14
a(F0.9097777777777778
F0.892
F0.933
tp15
a(F0.9123333333333333
F0.892
F0.932
tp16
a(F0.9136666666666666
F0.892
F0.932
tp17
a(F0.9157777777777778
F0.896
F0.932
tp18
a(F0.9166666666666666
F0.897
F0.931
tp19
a(F0.9178888888888889
F0.897
F0.932
tp20
a(F0.9186666666666666
F0.897
F0.933
tp21
a(F0.9188888888888889
F0.9
F0.934
tp22
a(F0.9198888888888889
F0.901
F0.935
tp23
a(F0.9201111111111111
F0.901
F0.935
tp24
a(F0.9212222222222223
F0.901
F0.935
tp25
a(F0.9227777777777778
F0.902
F0.935
tp26
a(F0.9233333333333333
F0.903
F0.935
tp27
a(F0.9245555555555556
F0.904
F0.935
tp28
a(F0.9257777777777778
F0.905
F0.934
tp29
a(F0.9264444444444444
F0.906
F0.934
tp30
a(F0.9271111111111111
F0.908
F0.934
tp31
a(F0.9277777777777778
F0.91
F0.934
tp32
a(F0.9283333333333333
F0.91
F0.936
tp33
a(F0.9287777777777778
F0.911
F0.936
tp34
a(F0.9292222222222222
F0.911
F0.935
tp35
a(F0.9298888888888889
F0.911
F0.935
tp36
a(F0.9305555555555556
F0.912
F0.938
tp37
a(F0.9303333333333333
F0.913
F0.937
tp38
a(F0.9311111111111111
F0.914
F0.94
tp39
a(F0.9317777777777778
F0.915
F0.94
tp40
a(F0.9328888888888889
F0.914
F0.939
tp41
a(F0.9332222222222222
F0.914
F0.941
tp42
a(F0.9334444444444444
F0.914
F0.942
tp43
a(F0.934
F0.914
F0.942
tp44
a(F0.934
F0.914
F0.941
tp45
a(F0.9347777777777778
F0.914
F0.941
tp46
a(F0.9355555555555556
F0.913
F0.941
tp47
a(F0.9361111111111111
F0.913
F0.941
tp48
a(F0.9365555555555556
F0.915
F0.941
tp49
a(F0.9365555555555556
F0.915
F0.942
tp50
a(F0.9372222222222222
F0.914
F0.942
tp51
a(F0.9374444444444444
F0.914
F0.941
tp52
a(F0.9377777777777778
F0.915
F0.942
tp53
a(F0.9382222222222222
F0.916
F0.942
tp54
a(F0.9384444444444444
F0.916
F0.942
tp55
a(F0.9386666666666666
F0.916
F0.943
tp56
a(F0.9394444444444444
F0.916
F0.943
tp57
a(F0.9396666666666667
F0.915
F0.943
tp58
a(F0.9397777777777778
F0.915
F0.943
tp59
a(F0.9403333333333334
F0.914
F0.943
tp60
a(F0.9404444444444444
F0.914
F0.942
tp61
a(F0.9408888888888889
F0.913
F0.94
tp62
a(F0.9411111111111111
F0.914
F0.94
tp63
a(F0.9414444444444444
F0.914
F0.94
tp64
a(F0.9416666666666667
F0.915
F0.94
tp65
a(F0.942
F0.915
F0.94
tp66
a(F0.942
F0.916
F0.94
tp67
a(F0.9422222222222222
F0.916
F0.941
tp68
a(F0.9425555555555556
F0.916
F0.94
tp69
a(F0.9425555555555556
F0.917
F0.94
tp70
a(F0.9425555555555556
F0.917
F0.94
tp71
a(F0.9426666666666667
F0.917
F0.94
tp72
a(F0.9425555555555556
F0.917
F0.94
tp73
a(F0.9426666666666667
F0.918
F0.941
tp74
a(F0.9426666666666667
F0.918
F0.941
tp75
a(F0.9434444444444444
F0.918
F0.941
tp76
a(F0.9434444444444444
F0.918
F0.941
tp77
a(F0.944
F0.918
F0.941
tp78
a(F0.9438888888888889
F0.918
F0.941
tp79
a(F0.9442222222222222
F0.919
F0.942
tp80
a(F0.9445555555555556
F0.919
F0.942
tp81
a(F0.9446666666666667
F0.921
F0.942
tp82
a(F0.9447777777777778
F0.922
F0.943
tp83
a(F0.945
F0.923
F0.942
tp84
a(F0.9448888888888889
F0.923
F0.943
tp85
a(F0.9452222222222222
F0.923
F0.943
tp86
a(F0.9452222222222222
F0.923
F0.943
tp87
a(F0.9451111111111111
F0.923
F0.943
tp88
a(F0.9455555555555556
F0.923
F0.943
tp89
a(F0.9456666666666667
F0.923
F0.943
tp90
a(F0.9457777777777778
F0.923
F0.943
tp91
a(F0.946
F0.923
F0.943
tp92
a(F0.946
F0.923
F0.943
tp93
a(F0.946
F0.923
F0.943
tp94
a(F0.9461111111111111
F0.923
F0.943
tp95
a(F0.9461111111111111
F0.923
F0.943
tp96
a(F0.9464444444444444
F0.922
F0.943
tp97
a(F0.9464444444444444
F0.922
F0.943
tp98
a(F0.9464444444444444
F0.922
F0.942
tp99
a(F0.9465555555555556
F0.921
F0.942
tp100
a(F0.9467777777777778
F0.921
F0.942
tp101
a.