(lp0
(F0.09811111111111111
F0.106
F0.087
tp1
a(F0.11444444444444445
F0.09
F0.117
tp2
a(F0.11444444444444445
F0.09
F0.117
tp3
a(F0.11444444444444445
F0.09
F0.117
tp4
a(F0.11444444444444445
F0.09
F0.117
tp5
a(F0.11444444444444445
F0.09
F0.117
tp6
a(F0.11444444444444445
F0.09
F0.117
tp7
a(F0.11444444444444445
F0.09
F0.117
tp8
a(F0.11444444444444445
F0.09
F0.117
tp9
a(F0.11444444444444445
F0.09
F0.117
tp10
a(F0.11444444444444445
F0.09
F0.117
tp11
a(F0.11444444444444445
F0.09
F0.117
tp12
a(F0.11444444444444445
F0.09
F0.117
tp13
a(F0.11444444444444445
F0.09
F0.117
tp14
a(F0.11444444444444445
F0.09
F0.117
tp15
a(F0.11444444444444445
F0.09
F0.117
tp16
a(F0.11444444444444445
F0.09
F0.117
tp17
a(F0.11444444444444445
F0.09
F0.117
tp18
a(F0.11444444444444445
F0.09
F0.117
tp19
a(F0.11444444444444445
F0.09
F0.117
tp20
a(F0.11444444444444445
F0.09
F0.117
tp21
a(F0.11444444444444445
F0.09
F0.117
tp22
a(F0.11444444444444445
F0.09
F0.117
tp23
a(F0.11444444444444445
F0.09
F0.117
tp24
a(F0.11444444444444445
F0.09
F0.117
tp25
a(F0.11444444444444445
F0.09
F0.117
tp26
a(F0.11444444444444445
F0.09
F0.117
tp27
a(F0.11444444444444445
F0.09
F0.117
tp28
a(F0.11444444444444445
F0.09
F0.117
tp29
a(F0.11444444444444445
F0.09
F0.117
tp30
a(F0.11444444444444445
F0.09
F0.117
tp31
a(F0.11444444444444445
F0.09
F0.117
tp32
a(F0.11444444444444445
F0.09
F0.117
tp33
a(F0.11444444444444445
F0.09
F0.117
tp34
a(F0.11444444444444445
F0.09
F0.117
tp35
a(F0.11444444444444445
F0.09
F0.117
tp36
a(F0.11444444444444445
F0.09
F0.117
tp37
a(F0.11444444444444445
F0.09
F0.117
tp38
a(F0.11444444444444445
F0.09
F0.117
tp39
a(F0.11444444444444445
F0.09
F0.117
tp40
a(F0.11444444444444445
F0.09
F0.117
tp41
a(F0.11444444444444445
F0.09
F0.117
tp42
a(F0.11444444444444445
F0.09
F0.117
tp43
a(F0.11444444444444445
F0.09
F0.117
tp44
a(F0.11444444444444445
F0.09
F0.117
tp45
a(F0.11444444444444445
F0.09
F0.117
tp46
a(F0.11444444444444445
F0.09
F0.117
tp47
a(F0.11444444444444445
F0.09
F0.117
tp48
a(F0.11444444444444445
F0.09
F0.117
tp49
a(F0.11444444444444445
F0.09
F0.117
tp50
a(F0.11444444444444445
F0.09
F0.117
tp51
a(F0.11444444444444445
F0.09
F0.117
tp52
a(F0.11444444444444445
F0.09
F0.117
tp53
a(F0.11444444444444445
F0.09
F0.117
tp54
a(F0.11444444444444445
F0.09
F0.117
tp55
a(F0.11488888888888889
F0.09
F0.118
tp56
a(F0.11566666666666667
F0.09
F0.121
tp57
a(F0.11811111111111111
F0.095
F0.129
tp58
a(F0.12377777777777778
F0.102
F0.142
tp59
a(F0.13444444444444445
F0.11
F0.155
tp60
a(F0.14666666666666667
F0.121
F0.163
tp61
a(F0.15933333333333333
F0.135
F0.179
tp62
a(F0.16777777777777778
F0.148
F0.181
tp63
a(F0.17733333333333334
F0.16
F0.189
tp64
a(F0.18488888888888888
F0.169
F0.197
tp65
a(F0.1902222222222222
F0.178
F0.203
tp66
a(F0.19544444444444445
F0.185
F0.207
tp67
a(F0.19944444444444445
F0.186
F0.207
tp68
a(F0.2021111111111111
F0.187
F0.21
tp69
a(F0.20444444444444446
F0.188
F0.21
tp70
a(F0.20666666666666667
F0.188
F0.21
tp71
a(F0.20744444444444443
F0.188
F0.211
tp72
a(F0.20833333333333334
F0.189
F0.211
tp73
a(F0.2091111111111111
F0.19
F0.212
tp74
a(F0.20977777777777779
F0.192
F0.212
tp75
a(F0.21033333333333334
F0.192
F0.212
tp76
a(F0.21055555555555555
F0.192
F0.212
tp77
a(F0.21066666666666667
F0.193
F0.212
tp78
a(F0.21077777777777779
F0.193
F0.212
tp79
a(F0.21122222222222223
F0.193
F0.212
tp80
a(F0.21122222222222223
F0.193
F0.212
tp81
a(F0.21133333333333335
F0.193
F0.212
tp82
a(F0.21133333333333335
F0.193
F0.212
tp83
a(F0.21155555555555555
F0.193
F0.212
tp84
a(F0.21155555555555555
F0.193
F0.212
tp85
a(F0.21166666666666667
F0.193
F0.212
tp86
a(F0.21166666666666667
F0.193
F0.212
tp87
a(F0.21188888888888888
F0.193
F0.212
tp88
a(F0.212
F0.194
F0.212
tp89
a(F0.2121111111111111
F0.194
F0.212
tp90
a(F0.2121111111111111
F0.194
F0.212
tp91
a(F0.2121111111111111
F0.194
F0.212
tp92
a(F0.21288888888888888
F0.194
F0.212
tp93
a(F0.21588888888888888
F0.202
F0.219
tp94
a(F0.2238888888888889
F0.211
F0.237
tp95
a(F0.23566666666666666
F0.222
F0.242
tp96
a(F0.24933333333333332
F0.233
F0.255
tp97
a(F0.2613333333333333
F0.241
F0.271
tp98
a(F0.2742222222222222
F0.257
F0.278
tp99
a(F0.2843333333333333
F0.264
F0.29
tp100
a(F0.296
F0.279
F0.306
tp101
a.