(lp0
(F0.05566666666666667
F0.041
F0.082
tp1
a(F0.6957777777777778
F0.669
F0.738
tp2
a(F0.801
F0.779
F0.854
tp3
a(F0.8346666666666667
F0.813
F0.882
tp4
a(F0.8426666666666667
F0.822
F0.89
tp5
a(F0.8468888888888889
F0.831
F0.894
tp6
a(F0.8504444444444444
F0.833
F0.892
tp7
a(F0.8526666666666667
F0.838
F0.894
tp8
a(F0.8558888888888889
F0.84
F0.896
tp9
a(F0.858
F0.84
F0.897
tp10
a(F0.8592222222222222
F0.843
F0.899
tp11
a(F0.862
F0.846
F0.9
tp12
a(F0.8633333333333333
F0.847
F0.901
tp13
a(F0.8645555555555555
F0.847
F0.904
tp14
a(F0.8661111111111112
F0.848
F0.907
tp15
a(F0.8674444444444445
F0.85
F0.909
tp16
a(F0.8687777777777778
F0.852
F0.91
tp17
a(F0.8685555555555555
F0.853
F0.911
tp18
a(F0.8694444444444445
F0.855
F0.912
tp19
a(F0.8701111111111111
F0.857
F0.912
tp20
a(F0.8706666666666667
F0.858
F0.911
tp21
a(F0.8711111111111111
F0.856
F0.91
tp22
a(F0.8716666666666667
F0.855
F0.91
tp23
a(F0.8725555555555555
F0.855
F0.91
tp24
a(F0.8733333333333333
F0.856
F0.911
tp25
a(F0.8743333333333333
F0.857
F0.911
tp26
a(F0.8742222222222222
F0.857
F0.91
tp27
a(F0.8745555555555555
F0.858
F0.91
tp28
a(F0.8746666666666667
F0.86
F0.911
tp29
a(F0.8756666666666667
F0.86
F0.912
tp30
a(F0.8758888888888889
F0.859
F0.913
tp31
a(F0.8761111111111111
F0.859
F0.912
tp32
a(F0.8763333333333333
F0.859
F0.912
tp33
a(F0.8764444444444445
F0.859
F0.912
tp34
a(F0.8767777777777778
F0.859
F0.912
tp35
a(F0.877
F0.859
F0.912
tp36
a(F0.8774444444444445
F0.859
F0.912
tp37
a(F0.8774444444444445
F0.859
F0.913
tp38
a(F0.8775555555555555
F0.861
F0.913
tp39
a(F0.8778888888888889
F0.862
F0.913
tp40
a(F0.8784444444444445
F0.862
F0.913
tp41
a(F0.8785555555555555
F0.862
F0.913
tp42
a(F0.8788888888888889
F0.862
F0.913
tp43
a(F0.8792222222222222
F0.862
F0.912
tp44
a(F0.8794444444444445
F0.862
F0.914
tp45
a(F0.8795555555555555
F0.862
F0.914
tp46
a(F0.88
F0.863
F0.914
tp47
a(F0.8803333333333333
F0.863
F0.913
tp48
a(F0.8803333333333333
F0.863
F0.913
tp49
a(F0.8806666666666667
F0.863
F0.913
tp50
a(F0.8806666666666667
F0.863
F0.913
tp51
a(F0.8806666666666667
F0.863
F0.913
tp52
a(F0.881
F0.862
F0.913
tp53
a(F0.8813333333333333
F0.862
F0.913
tp54
a(F0.8815555555555555
F0.862
F0.913
tp55
a(F0.8816666666666667
F0.863
F0.913
tp56
a(F0.8818888888888889
F0.863
F0.913
tp57
a(F0.8824444444444445
F0.864
F0.914
tp58
a(F0.8824444444444445
F0.864
F0.914
tp59
a(F0.8825555555555555
F0.865
F0.915
tp60
a(F0.883
F0.865
F0.915
tp61
a(F0.8835555555555555
F0.865
F0.915
tp62
a(F0.884
F0.865
F0.915
tp63
a(F0.8838888888888888
F0.865
F0.916
tp64
a(F0.884
F0.865
F0.916
tp65
a(F0.8841111111111111
F0.865
F0.916
tp66
a(F0.8843333333333333
F0.864
F0.916
tp67
a(F0.8845555555555555
F0.864
F0.916
tp68
a(F0.8845555555555555
F0.864
F0.916
tp69
a(F0.8848888888888888
F0.864
F0.916
tp70
a(F0.885
F0.864
F0.916
tp71
a(F0.8854444444444445
F0.864
F0.916
tp72
a(F0.8855555555555555
F0.864
F0.915
tp73
a(F0.886
F0.864
F0.915
tp74
a(F0.8862222222222222
F0.864
F0.915
tp75
a(F0.8863333333333333
F0.864
F0.915
tp76
a(F0.8864444444444445
F0.864
F0.916
tp77
a(F0.8866666666666667
F0.864
F0.916
tp78
a(F0.8868888888888888
F0.864
F0.916
tp79
a(F0.8871111111111111
F0.864
F0.916
tp80
a(F0.8871111111111111
F0.864
F0.916
tp81
a(F0.8871111111111111
F0.864
F0.916
tp82
a(F0.8872222222222222
F0.864
F0.916
tp83
a(F0.8875555555555555
F0.864
F0.916
tp84
a(F0.8877777777777778
F0.864
F0.916
tp85
a(F0.8877777777777778
F0.864
F0.916
tp86
a(F0.8877777777777778
F0.864
F0.916
tp87
a(F0.8877777777777778
F0.864
F0.916
tp88
a(F0.888
F0.864
F0.916
tp89
a(F0.888
F0.864
F0.916
tp90
a(F0.888
F0.864
F0.916
tp91
a(F0.888
F0.864
F0.916
tp92
a(F0.8881111111111111
F0.864
F0.916
tp93
a(F0.8881111111111111
F0.863
F0.916
tp94
a(F0.8883333333333333
F0.863
F0.916
tp95
a(F0.8883333333333333
F0.863
F0.916
tp96
a(F0.8888888888888888
F0.863
F0.916
tp97
a(F0.889
F0.863
F0.916
tp98
a(F0.8891111111111111
F0.863
F0.916
tp99
a(F0.8891111111111111
F0.863
F0.916
tp100
a(F0.8893333333333333
F0.864
F0.916
tp101
a.