(lp0
(F0.10055555555555555
F0.103
F0.094
tp1
a(F0.2982222222222222
F0.292
F0.31
tp2
a(F0.7674444444444445
F0.736
F0.804
tp3
a(F0.8503333333333334
F0.831
F0.892
tp4
a(F0.8775555555555555
F0.857
F0.907
tp5
a(F0.8911111111111111
F0.867
F0.914
tp6
a(F0.8993333333333333
F0.873
F0.92
tp7
a(F0.904
F0.88
F0.927
tp8
a(F0.9082222222222223
F0.886
F0.931
tp9
a(F0.9122222222222223
F0.892
F0.933
tp10
a(F0.9148888888888889
F0.894
F0.934
tp11
a(F0.9174444444444444
F0.896
F0.937
tp12
a(F0.9198888888888889
F0.9
F0.937
tp13
a(F0.9222222222222223
F0.901
F0.938
tp14
a(F0.9246666666666666
F0.903
F0.939
tp15
a(F0.9268888888888889
F0.906
F0.94
tp16
a(F0.9281111111111111
F0.907
F0.942
tp17
a(F0.9297777777777778
F0.907
F0.943
tp18
a(F0.9316666666666666
F0.909
F0.944
tp19
a(F0.9342222222222222
F0.911
F0.943
tp20
a(F0.9358888888888889
F0.914
F0.944
tp21
a(F0.9375555555555556
F0.915
F0.944
tp22
a(F0.9385555555555556
F0.916
F0.943
tp23
a(F0.9398888888888889
F0.917
F0.942
tp24
a(F0.9407777777777778
F0.916
F0.942
tp25
a(F0.9418888888888889
F0.917
F0.942
tp26
a(F0.943
F0.918
F0.944
tp27
a(F0.9442222222222222
F0.919
F0.945
tp28
a(F0.9453333333333334
F0.92
F0.945
tp29
a(F0.9472222222222222
F0.921
F0.945
tp30
a(F0.9478888888888889
F0.921
F0.945
tp31
a(F0.9492222222222222
F0.921
F0.944
tp32
a(F0.9501111111111111
F0.918
F0.945
tp33
a(F0.9508888888888889
F0.92
F0.945
tp34
a(F0.9507777777777778
F0.92
F0.945
tp35
a(F0.9516666666666667
F0.921
F0.944
tp36
a(F0.9525555555555556
F0.921
F0.944
tp37
a(F0.9527777777777777
F0.922
F0.944
tp38
a(F0.9534444444444444
F0.921
F0.944
tp39
a(F0.9545555555555556
F0.921
F0.943
tp40
a(F0.9547777777777777
F0.923
F0.943
tp41
a(F0.9558888888888889
F0.923
F0.943
tp42
a(F0.9557777777777777
F0.923
F0.943
tp43
a(F0.9564444444444444
F0.922
F0.943
tp44
a(F0.9568888888888889
F0.922
F0.943
tp45
a(F0.9573333333333334
F0.922
F0.943
tp46
a(F0.9583333333333334
F0.922
F0.943
tp47
a(F0.9584444444444444
F0.921
F0.943
tp48
a(F0.9588888888888889
F0.922
F0.943
tp49
a(F0.9594444444444444
F0.924
F0.943
tp50
a(F0.9597777777777777
F0.924
F0.942
tp51
a(F0.96
F0.925
F0.943
tp52
a(F0.9603333333333334
F0.925
F0.944
tp53
a(F0.9606666666666667
F0.924
F0.944
tp54
a(F0.9611111111111111
F0.925
F0.944
tp55
a(F0.9616666666666667
F0.925
F0.945
tp56
a(F0.9618888888888889
F0.924
F0.945
tp57
a(F0.9622222222222222
F0.925
F0.946
tp58
a(F0.9627777777777777
F0.925
F0.946
tp59
a(F0.963
F0.925
F0.946
tp60
a(F0.963
F0.926
F0.946
tp61
a(F0.9631111111111111
F0.925
F0.946
tp62
a(F0.9634444444444444
F0.925
F0.946
tp63
a(F0.9636666666666667
F0.924
F0.946
tp64
a(F0.9638888888888889
F0.924
F0.947
tp65
a(F0.964
F0.924
F0.947
tp66
a(F0.9641111111111111
F0.925
F0.947
tp67
a(F0.9645555555555556
F0.925
F0.947
tp68
a(F0.9647777777777777
F0.924
F0.948
tp69
a(F0.965
F0.924
F0.95
tp70
a(F0.965
F0.924
F0.95
tp71
a(F0.9652222222222222
F0.924
F0.95
tp72
a(F0.9654444444444444
F0.924
F0.95
tp73
a(F0.9655555555555555
F0.923
F0.95
tp74
a(F0.9656666666666667
F0.923
F0.95
tp75
a(F0.9663333333333334
F0.923
F0.95
tp76
a(F0.9664444444444444
F0.923
F0.95
tp77
a(F0.9666666666666667
F0.923
F0.949
tp78
a(F0.9667777777777777
F0.923
F0.949
tp79
a(F0.9671111111111111
F0.923
F0.952
tp80
a(F0.967
F0.923
F0.952
tp81
a(F0.9672222222222222
F0.923
F0.951
tp82
a(F0.9676666666666667
F0.923
F0.951
tp83
a(F0.968
F0.923
F0.951
tp84
a(F0.968
F0.924
F0.951
tp85
a(F0.9681111111111111
F0.925
F0.951
tp86
a(F0.9681111111111111
F0.925
F0.951
tp87
a(F0.9683333333333334
F0.925
F0.951
tp88
a(F0.9686666666666667
F0.925
F0.95
tp89
a(F0.9686666666666667
F0.925
F0.95
tp90
a(F0.9687777777777777
F0.925
F0.952
tp91
a(F0.9691111111111111
F0.925
F0.951
tp92
a(F0.9692222222222222
F0.925
F0.951
tp93
a(F0.9692222222222222
F0.926
F0.951
tp94
a(F0.9694444444444444
F0.926
F0.951
tp95
a(F0.9694444444444444
F0.926
F0.951
tp96
a(F0.9696666666666667
F0.927
F0.951
tp97
a(F0.9697777777777777
F0.927
F0.952
tp98
a(F0.9698888888888889
F0.927
F0.952
tp99
a(F0.9698888888888889
F0.927
F0.952
tp100
a(F0.9704444444444444
F0.927
F0.953
tp101
a.