(lp0
(F0.10055555555555555
F0.103
F0.094
tp1
a(F0.21233333333333335
F0.194
F0.212
tp2
a(F0.6903333333333334
F0.653
F0.733
tp3
a(F0.8502222222222222
F0.829
F0.894
tp4
a(F0.8763333333333333
F0.86
F0.911
tp5
a(F0.8856666666666667
F0.864
F0.918
tp6
a(F0.8913333333333333
F0.876
F0.921
tp7
a(F0.8971111111111111
F0.882
F0.925
tp8
a(F0.9027777777777778
F0.884
F0.929
tp9
a(F0.9061111111111111
F0.887
F0.93
tp10
a(F0.9084444444444445
F0.89
F0.931
tp11
a(F0.9097777777777778
F0.892
F0.93
tp12
a(F0.9134444444444444
F0.894
F0.933
tp13
a(F0.9141111111111111
F0.894
F0.937
tp14
a(F0.9156666666666666
F0.896
F0.937
tp15
a(F0.9164444444444444
F0.897
F0.937
tp16
a(F0.9173333333333333
F0.898
F0.938
tp17
a(F0.9193333333333333
F0.899
F0.938
tp18
a(F0.9208888888888889
F0.9
F0.937
tp19
a(F0.9221111111111111
F0.902
F0.938
tp20
a(F0.9236666666666666
F0.903
F0.94
tp21
a(F0.9248888888888889
F0.906
F0.94
tp22
a(F0.9268888888888889
F0.907
F0.94
tp23
a(F0.9276666666666666
F0.905
F0.94
tp24
a(F0.9287777777777778
F0.903
F0.94
tp25
a(F0.9293333333333333
F0.903
F0.941
tp26
a(F0.9297777777777778
F0.904
F0.941
tp27
a(F0.9305555555555556
F0.906
F0.94
tp28
a(F0.9308888888888889
F0.907
F0.94
tp29
a(F0.9314444444444444
F0.909
F0.94
tp30
a(F0.9317777777777778
F0.91
F0.94
tp31
a(F0.9321111111111111
F0.91
F0.941
tp32
a(F0.9323333333333333
F0.911
F0.94
tp33
a(F0.9328888888888889
F0.91
F0.941
tp34
a(F0.9333333333333333
F0.908
F0.941
tp35
a(F0.9334444444444444
F0.908
F0.941
tp36
a(F0.934
F0.908
F0.941
tp37
a(F0.9343333333333333
F0.908
F0.942
tp38
a(F0.9351111111111111
F0.909
F0.942
tp39
a(F0.9351111111111111
F0.909
F0.943
tp40
a(F0.936
F0.909
F0.943
tp41
a(F0.9357777777777778
F0.909
F0.943
tp42
a(F0.9363333333333334
F0.908
F0.943
tp43
a(F0.9364444444444444
F0.909
F0.943
tp44
a(F0.9368888888888889
F0.909
F0.945
tp45
a(F0.937
F0.909
F0.945
tp46
a(F0.9376666666666666
F0.908
F0.945
tp47
a(F0.9381111111111111
F0.907
F0.945
tp48
a(F0.9385555555555556
F0.906
F0.945
tp49
a(F0.9386666666666666
F0.906
F0.944
tp50
a(F0.9392222222222222
F0.906
F0.944
tp51
a(F0.9391111111111111
F0.906
F0.944
tp52
a(F0.9394444444444444
F0.907
F0.944
tp53
a(F0.9396666666666667
F0.906
F0.944
tp54
a(F0.9402222222222222
F0.906
F0.944
tp55
a(F0.9406666666666667
F0.904
F0.944
tp56
a(F0.9408888888888889
F0.903
F0.944
tp57
a(F0.9412222222222222
F0.903
F0.944
tp58
a(F0.9414444444444444
F0.904
F0.944
tp59
a(F0.9417777777777778
F0.903
F0.944
tp60
a(F0.942
F0.903
F0.944
tp61
a(F0.9421111111111111
F0.901
F0.943
tp62
a(F0.9421111111111111
F0.9
F0.944
tp63
a(F0.9423333333333334
F0.9
F0.944
tp64
a(F0.9425555555555556
F0.901
F0.944
tp65
a(F0.943
F0.901
F0.943
tp66
a(F0.9428888888888889
F0.901
F0.943
tp67
a(F0.9432222222222222
F0.901
F0.943
tp68
a(F0.943
F0.901
F0.943
tp69
a(F0.9432222222222222
F0.901
F0.943
tp70
a(F0.9434444444444444
F0.902
F0.943
tp71
a(F0.9434444444444444
F0.902
F0.943
tp72
a(F0.9434444444444444
F0.902
F0.943
tp73
a(F0.9437777777777778
F0.903
F0.943
tp74
a(F0.9437777777777778
F0.902
F0.943
tp75
a(F0.9441111111111111
F0.902
F0.943
tp76
a(F0.9441111111111111
F0.903
F0.943
tp77
a(F0.9441111111111111
F0.903
F0.943
tp78
a(F0.9442222222222222
F0.902
F0.943
tp79
a(F0.9444444444444444
F0.902
F0.943
tp80
a(F0.9444444444444444
F0.902
F0.941
tp81
a(F0.9446666666666667
F0.902
F0.94
tp82
a(F0.9447777777777778
F0.902
F0.941
tp83
a(F0.9448888888888889
F0.903
F0.941
tp84
a(F0.945
F0.903
F0.941
tp85
a(F0.945
F0.903
F0.94
tp86
a(F0.9451111111111111
F0.902
F0.94
tp87
a(F0.9456666666666667
F0.902
F0.94
tp88
a(F0.9457777777777778
F0.903
F0.94
tp89
a(F0.9464444444444444
F0.903
F0.94
tp90
a(F0.9462222222222222
F0.902
F0.94
tp91
a(F0.9462222222222222
F0.903
F0.94
tp92
a(F0.9463333333333334
F0.903
F0.94
tp93
a(F0.9462222222222222
F0.903
F0.94
tp94
a(F0.9466666666666667
F0.903
F0.939
tp95
a(F0.947
F0.903
F0.939
tp96
a(F0.9473333333333334
F0.903
F0.941
tp97
a(F0.9475555555555556
F0.902
F0.941
tp98
a(F0.9476666666666667
F0.901
F0.941
tp99
a(F0.948
F0.901
F0.941
tp100
a(F0.9481111111111111
F0.901
F0.94
tp101
a.