(lp0
(F0.088
F0.116
F0.095
tp1
a(F0.11444444444444445
F0.09
F0.117
tp2
a(F0.11444444444444445
F0.09
F0.117
tp3
a(F0.11444444444444445
F0.09
F0.117
tp4
a(F0.11444444444444445
F0.09
F0.117
tp5
a(F0.11444444444444445
F0.09
F0.117
tp6
a(F0.11444444444444445
F0.09
F0.117
tp7
a(F0.11444444444444445
F0.09
F0.117
tp8
a(F0.11444444444444445
F0.09
F0.117
tp9
a(F0.11444444444444445
F0.09
F0.117
tp10
a(F0.11444444444444445
F0.09
F0.117
tp11
a(F0.11444444444444445
F0.09
F0.117
tp12
a(F0.11444444444444445
F0.09
F0.117
tp13
a(F0.11444444444444445
F0.09
F0.117
tp14
a(F0.11444444444444445
F0.09
F0.117
tp15
a(F0.11444444444444445
F0.09
F0.117
tp16
a(F0.11444444444444445
F0.09
F0.117
tp17
a(F0.11444444444444445
F0.09
F0.117
tp18
a(F0.11444444444444445
F0.09
F0.117
tp19
a(F0.11444444444444445
F0.09
F0.117
tp20
a(F0.11444444444444445
F0.09
F0.117
tp21
a(F0.11444444444444445
F0.09
F0.117
tp22
a(F0.11444444444444445
F0.09
F0.117
tp23
a(F0.11444444444444445
F0.09
F0.117
tp24
a(F0.11444444444444445
F0.09
F0.117
tp25
a(F0.11444444444444445
F0.09
F0.117
tp26
a(F0.11444444444444445
F0.09
F0.117
tp27
a(F0.11444444444444445
F0.09
F0.117
tp28
a(F0.11444444444444445
F0.09
F0.117
tp29
a(F0.11444444444444445
F0.09
F0.117
tp30
a(F0.11444444444444445
F0.09
F0.117
tp31
a(F0.11444444444444445
F0.09
F0.117
tp32
a(F0.11444444444444445
F0.09
F0.117
tp33
a(F0.11444444444444445
F0.09
F0.117
tp34
a(F0.11444444444444445
F0.09
F0.117
tp35
a(F0.11444444444444445
F0.09
F0.117
tp36
a(F0.11444444444444445
F0.09
F0.117
tp37
a(F0.11444444444444445
F0.09
F0.117
tp38
a(F0.11444444444444445
F0.09
F0.117
tp39
a(F0.11444444444444445
F0.09
F0.117
tp40
a(F0.11444444444444445
F0.09
F0.117
tp41
a(F0.11444444444444445
F0.09
F0.117
tp42
a(F0.11444444444444445
F0.09
F0.117
tp43
a(F0.11444444444444445
F0.09
F0.117
tp44
a(F0.11444444444444445
F0.09
F0.117
tp45
a(F0.11444444444444445
F0.09
F0.117
tp46
a(F0.11444444444444445
F0.09
F0.117
tp47
a(F0.11444444444444445
F0.09
F0.117
tp48
a(F0.11444444444444445
F0.09
F0.117
tp49
a(F0.11444444444444445
F0.09
F0.117
tp50
a(F0.11444444444444445
F0.09
F0.117
tp51
a(F0.11444444444444445
F0.09
F0.117
tp52
a(F0.11444444444444445
F0.09
F0.117
tp53
a(F0.11444444444444445
F0.09
F0.117
tp54
a(F0.11444444444444445
F0.09
F0.117
tp55
a(F0.11444444444444445
F0.09
F0.117
tp56
a(F0.11444444444444445
F0.09
F0.117
tp57
a(F0.11444444444444445
F0.09
F0.117
tp58
a(F0.11444444444444445
F0.09
F0.117
tp59
a(F0.11444444444444445
F0.09
F0.117
tp60
a(F0.11444444444444445
F0.09
F0.117
tp61
a(F0.11444444444444445
F0.09
F0.117
tp62
a(F0.11444444444444445
F0.09
F0.117
tp63
a(F0.11444444444444445
F0.09
F0.117
tp64
a(F0.11455555555555555
F0.09
F0.117
tp65
a(F0.11566666666666667
F0.09
F0.119
tp66
a(F0.119
F0.097
F0.131
tp67
a(F0.13077777777777777
F0.106
F0.151
tp68
a(F0.14533333333333334
F0.12
F0.164
tp69
a(F0.15955555555555556
F0.135
F0.178
tp70
a(F0.17355555555555555
F0.157
F0.187
tp71
a(F0.1827777777777778
F0.169
F0.195
tp72
a(F0.19077777777777777
F0.18
F0.201
tp73
a(F0.1952222222222222
F0.186
F0.206
tp74
a(F0.20022222222222222
F0.187
F0.206
tp75
a(F0.20333333333333334
F0.187
F0.209
tp76
a(F0.2061111111111111
F0.187
F0.21
tp77
a(F0.20766666666666667
F0.19
F0.21
tp78
a(F0.20822222222222223
F0.191
F0.211
tp79
a(F0.2088888888888889
F0.192
F0.211
tp80
a(F0.20955555555555555
F0.192
F0.211
tp81
a(F0.21022222222222223
F0.192
F0.212
tp82
a(F0.21077777777777779
F0.193
F0.212
tp83
a(F0.211
F0.193
F0.212
tp84
a(F0.2111111111111111
F0.193
F0.212
tp85
a(F0.21122222222222223
F0.193
F0.212
tp86
a(F0.21144444444444443
F0.193
F0.212
tp87
a(F0.21155555555555555
F0.193
F0.212
tp88
a(F0.2117777777777778
F0.193
F0.212
tp89
a(F0.212
F0.193
F0.212
tp90
a(F0.212
F0.193
F0.212
tp91
a(F0.212
F0.193
F0.212
tp92
a(F0.212
F0.193
F0.212
tp93
a(F0.212
F0.193
F0.212
tp94
a(F0.2121111111111111
F0.193
F0.212
tp95
a(F0.2121111111111111
F0.193
F0.212
tp96
a(F0.2121111111111111
F0.193
F0.212
tp97
a(F0.2121111111111111
F0.193
F0.212
tp98
a(F0.2121111111111111
F0.193
F0.212
tp99
a(F0.2121111111111111
F0.193
F0.212
tp100
a(F0.2121111111111111
F0.193
F0.212
tp101
a.