(lp0
(F0.10733333333333334
F0.103
F0.108
tp1
a(F0.8557777777777777
F0.841
F0.9
tp2
a(F0.8647777777777778
F0.856
F0.91
tp3
a(F0.8703333333333333
F0.862
F0.908
tp4
a(F0.8741111111111111
F0.865
F0.909
tp5
a(F0.8767777777777778
F0.868
F0.912
tp6
a(F0.8786666666666667
F0.868
F0.913
tp7
a(F0.8803333333333333
F0.868
F0.914
tp8
a(F0.8823333333333333
F0.868
F0.914
tp9
a(F0.8843333333333333
F0.868
F0.912
tp10
a(F0.8854444444444445
F0.868
F0.912
tp11
a(F0.8862222222222222
F0.866
F0.912
tp12
a(F0.8867777777777778
F0.866
F0.911
tp13
a(F0.8878888888888888
F0.868
F0.912
tp14
a(F0.8883333333333333
F0.869
F0.912
tp15
a(F0.8891111111111111
F0.869
F0.912
tp16
a(F0.8895555555555555
F0.868
F0.913
tp17
a(F0.89
F0.868
F0.913
tp18
a(F0.8906666666666667
F0.868
F0.914
tp19
a(F0.8906666666666667
F0.867
F0.913
tp20
a(F0.8914444444444445
F0.867
F0.914
tp21
a(F0.8916666666666667
F0.867
F0.914
tp22
a(F0.8917777777777778
F0.868
F0.914
tp23
a(F0.8917777777777778
F0.868
F0.914
tp24
a(F0.8926666666666667
F0.869
F0.915
tp25
a(F0.8927777777777778
F0.871
F0.915
tp26
a(F0.8927777777777778
F0.871
F0.915
tp27
a(F0.8932222222222223
F0.871
F0.915
tp28
a(F0.8936666666666667
F0.872
F0.917
tp29
a(F0.8941111111111111
F0.872
F0.918
tp30
a(F0.8943333333333333
F0.872
F0.918
tp31
a(F0.8943333333333333
F0.872
F0.917
tp32
a(F0.8947777777777778
F0.872
F0.917
tp33
a(F0.8951111111111111
F0.872
F0.917
tp34
a(F0.8951111111111111
F0.873
F0.918
tp35
a(F0.895
F0.874
F0.918
tp36
a(F0.8952222222222223
F0.874
F0.918
tp37
a(F0.8953333333333333
F0.875
F0.918
tp38
a(F0.8954444444444445
F0.875
F0.918
tp39
a(F0.8954444444444445
F0.876
F0.918
tp40
a(F0.8954444444444445
F0.876
F0.918
tp41
a(F0.8955555555555555
F0.876
F0.918
tp42
a(F0.8956666666666667
F0.876
F0.918
tp43
a(F0.8954444444444445
F0.876
F0.917
tp44
a(F0.8955555555555555
F0.877
F0.916
tp45
a(F0.8956666666666667
F0.878
F0.915
tp46
a(F0.896
F0.878
F0.915
tp47
a(F0.8961111111111111
F0.878
F0.915
tp48
a(F0.8962222222222223
F0.879
F0.915
tp49
a(F0.8963333333333333
F0.879
F0.915
tp50
a(F0.8964444444444445
F0.879
F0.916
tp51
a(F0.8966666666666666
F0.879
F0.916
tp52
a(F0.8968888888888888
F0.878
F0.916
tp53
a(F0.897
F0.878
F0.916
tp54
a(F0.8968888888888888
F0.878
F0.915
tp55
a(F0.8971111111111111
F0.878
F0.915
tp56
a(F0.8972222222222223
F0.877
F0.915
tp57
a(F0.897
F0.877
F0.915
tp58
a(F0.8971111111111111
F0.877
F0.915
tp59
a(F0.8972222222222223
F0.878
F0.915
tp60
a(F0.8972222222222223
F0.878
F0.914
tp61
a(F0.8974444444444445
F0.878
F0.914
tp62
a(F0.8976666666666666
F0.878
F0.914
tp63
a(F0.8978888888888888
F0.878
F0.914
tp64
a(F0.8981111111111111
F0.878
F0.914
tp65
a(F0.8982222222222223
F0.879
F0.914
tp66
a(F0.8986666666666666
F0.879
F0.914
tp67
a(F0.8988888888888888
F0.879
F0.914
tp68
a(F0.8987777777777778
F0.88
F0.914
tp69
a(F0.8988888888888888
F0.88
F0.914
tp70
a(F0.8988888888888888
F0.88
F0.914
tp71
a(F0.8991111111111111
F0.88
F0.914
tp72
a(F0.8992222222222223
F0.88
F0.915
tp73
a(F0.8992222222222223
F0.879
F0.915
tp74
a(F0.8996666666666666
F0.879
F0.915
tp75
a(F0.8997777777777778
F0.879
F0.915
tp76
a(F0.8998888888888888
F0.879
F0.915
tp77
a(F0.9
F0.879
F0.915
tp78
a(F0.9003333333333333
F0.879
F0.915
tp79
a(F0.9004444444444445
F0.879
F0.915
tp80
a(F0.9004444444444445
F0.879
F0.915
tp81
a(F0.9005555555555556
F0.879
F0.915
tp82
a(F0.9004444444444445
F0.879
F0.915
tp83
a(F0.9005555555555556
F0.879
F0.915
tp84
a(F0.9005555555555556
F0.879
F0.915
tp85
a(F0.9006666666666666
F0.879
F0.915
tp86
a(F0.9007777777777778
F0.879
F0.915
tp87
a(F0.9006666666666666
F0.879
F0.915
tp88
a(F0.9005555555555556
F0.879
F0.915
tp89
a(F0.9006666666666666
F0.879
F0.915
tp90
a(F0.9007777777777778
F0.879
F0.915
tp91
a(F0.9006666666666666
F0.879
F0.915
tp92
a(F0.9007777777777778
F0.879
F0.915
tp93
a(F0.9008888888888889
F0.879
F0.915
tp94
a(F0.9007777777777778
F0.879
F0.915
tp95
a(F0.901
F0.879
F0.914
tp96
a(F0.9008888888888889
F0.879
F0.914
tp97
a(F0.9008888888888889
F0.88
F0.913
tp98
a(F0.901
F0.88
F0.913
tp99
a(F0.901
F0.88
F0.913
tp100
a(F0.9011111111111111
F0.88
F0.913
tp101
a.