(lp0
(F0.09811111111111111
F0.106
F0.087
tp1
a(F0.11444444444444445
F0.09
F0.117
tp2
a(F0.11444444444444445
F0.09
F0.117
tp3
a(F0.11566666666666667
F0.091
F0.119
tp4
a(F0.1902222222222222
F0.178
F0.203
tp5
a(F0.20977777777777779
F0.191
F0.211
tp6
a(F0.21155555555555555
F0.194
F0.212
tp7
a(F0.21188888888888888
F0.195
F0.212
tp8
a(F0.21233333333333335
F0.195
F0.212
tp9
a(F0.21244444444444444
F0.194
F0.212
tp10
a(F0.27266666666666667
F0.273
F0.286
tp11
a(F0.3506666666666667
F0.335
F0.367
tp12
a(F0.4166666666666667
F0.4
F0.437
tp13
a(F0.5054444444444445
F0.471
F0.529
tp14
a(F0.581
F0.537
F0.607
tp15
a(F0.6174444444444445
F0.573
F0.649
tp16
a(F0.6433333333333333
F0.603
F0.687
tp17
a(F0.6736666666666666
F0.627
F0.715
tp18
a(F0.7024444444444444
F0.648
F0.742
tp19
a(F0.7277777777777777
F0.684
F0.762
tp20
a(F0.7493333333333333
F0.713
F0.784
tp21
a(F0.774
F0.735
F0.804
tp22
a(F0.7964444444444444
F0.757
F0.835
tp23
a(F0.8121111111111111
F0.778
F0.85
tp24
a(F0.8251111111111111
F0.794
F0.866
tp25
a(F0.8325555555555556
F0.813
F0.875
tp26
a(F0.8387777777777777
F0.82
F0.88
tp27
a(F0.8454444444444444
F0.829
F0.888
tp28
a(F0.8497777777777777
F0.839
F0.895
tp29
a(F0.856
F0.846
F0.893
tp30
a(F0.8601111111111112
F0.851
F0.898
tp31
a(F0.8637777777777778
F0.856
F0.902
tp32
a(F0.8676666666666667
F0.858
F0.904
tp33
a(F0.8696666666666667
F0.857
F0.905
tp34
a(F0.8722222222222222
F0.861
F0.907
tp35
a(F0.8744444444444445
F0.865
F0.908
tp36
a(F0.8763333333333333
F0.866
F0.91
tp37
a(F0.8775555555555555
F0.866
F0.911
tp38
a(F0.879
F0.866
F0.912
tp39
a(F0.8796666666666667
F0.866
F0.913
tp40
a(F0.8808888888888889
F0.866
F0.916
tp41
a(F0.8824444444444445
F0.866
F0.916
tp42
a(F0.885
F0.866
F0.917
tp43
a(F0.8861111111111111
F0.867
F0.918
tp44
a(F0.8872222222222222
F0.869
F0.92
tp45
a(F0.8876666666666667
F0.871
F0.922
tp46
a(F0.8891111111111111
F0.871
F0.922
tp47
a(F0.8908888888888888
F0.871
F0.923
tp48
a(F0.8916666666666667
F0.872
F0.924
tp49
a(F0.8922222222222222
F0.872
F0.924
tp50
a(F0.8924444444444445
F0.873
F0.924
tp51
a(F0.893
F0.873
F0.924
tp52
a(F0.893
F0.875
F0.924
tp53
a(F0.894
F0.876
F0.924
tp54
a(F0.8948888888888888
F0.876
F0.924
tp55
a(F0.8953333333333333
F0.879
F0.924
tp56
a(F0.8962222222222223
F0.881
F0.924
tp57
a(F0.8971111111111111
F0.881
F0.924
tp58
a(F0.8978888888888888
F0.882
F0.924
tp59
a(F0.8981111111111111
F0.882
F0.924
tp60
a(F0.8988888888888888
F0.883
F0.924
tp61
a(F0.8995555555555556
F0.883
F0.926
tp62
a(F0.9001111111111111
F0.883
F0.927
tp63
a(F0.9008888888888889
F0.884
F0.925
tp64
a(F0.9022222222222223
F0.883
F0.925
tp65
a(F0.903
F0.883
F0.925
tp66
a(F0.9034444444444445
F0.882
F0.924
tp67
a(F0.904
F0.885
F0.924
tp68
a(F0.9045555555555556
F0.885
F0.925
tp69
a(F0.9054444444444445
F0.886
F0.926
tp70
a(F0.9061111111111111
F0.886
F0.927
tp71
a(F0.9063333333333333
F0.886
F0.927
tp72
a(F0.9064444444444445
F0.886
F0.928
tp73
a(F0.9066666666666666
F0.886
F0.928
tp74
a(F0.907
F0.886
F0.929
tp75
a(F0.9074444444444445
F0.887
F0.929
tp76
a(F0.9074444444444445
F0.887
F0.929
tp77
a(F0.9082222222222223
F0.887
F0.93
tp78
a(F0.9083333333333333
F0.888
F0.93
tp79
a(F0.9088888888888889
F0.889
F0.93
tp80
a(F0.9096666666666666
F0.891
F0.93
tp81
a(F0.9101111111111111
F0.891
F0.931
tp82
a(F0.9104444444444444
F0.891
F0.932
tp83
a(F0.9107777777777778
F0.892
F0.932
tp84
a(F0.9108888888888889
F0.892
F0.932
tp85
a(F0.9114444444444444
F0.892
F0.932
tp86
a(F0.9116666666666666
F0.893
F0.933
tp87
a(F0.9122222222222223
F0.893
F0.934
tp88
a(F0.9124444444444444
F0.893
F0.934
tp89
a(F0.9128888888888889
F0.892
F0.933
tp90
a(F0.9132222222222223
F0.892
F0.933
tp91
a(F0.9136666666666666
F0.892
F0.933
tp92
a(F0.9141111111111111
F0.891
F0.933
tp93
a(F0.9143333333333333
F0.891
F0.933
tp94
a(F0.9143333333333333
F0.892
F0.933
tp95
a(F0.9148888888888889
F0.892
F0.933
tp96
a(F0.915
F0.893
F0.931
tp97
a(F0.9152222222222223
F0.894
F0.931
tp98
a(F0.9155555555555556
F0.895
F0.932
tp99
a(F0.9158888888888889
F0.895
F0.932
tp100
a(F0.9162222222222223
F0.896
F0.932
tp101
a.