(lp0
(F0.088
F0.116
F0.095
tp1
a(F0.8837777777777778
F0.873
F0.912
tp2
a(F0.9144444444444444
F0.891
F0.926
tp3
a(F0.9243333333333333
F0.9
F0.933
tp4
a(F0.9287777777777778
F0.904
F0.938
tp5
a(F0.9322222222222222
F0.91
F0.942
tp6
a(F0.9394444444444444
F0.916
F0.942
tp7
a(F0.9417777777777778
F0.919
F0.944
tp8
a(F0.9443333333333334
F0.916
F0.944
tp9
a(F0.945
F0.913
F0.945
tp10
a(F0.9453333333333334
F0.918
F0.943
tp11
a(F0.9486666666666667
F0.919
F0.94
tp12
a(F0.9505555555555556
F0.922
F0.943
tp13
a(F0.9492222222222222
F0.917
F0.949
tp14
a(F0.9518888888888889
F0.917
F0.946
tp15
a(F0.954
F0.919
F0.948
tp16
a(F0.9517777777777777
F0.921
F0.942
tp17
a(F0.9548888888888889
F0.916
F0.944
tp18
a(F0.9551111111111111
F0.916
F0.944
tp19
a(F0.9587777777777777
F0.921
F0.948
tp20
a(F0.9593333333333334
F0.919
F0.947
tp21
a(F0.9586666666666667
F0.917
F0.95
tp22
a(F0.9573333333333334
F0.918
F0.943
tp23
a(F0.9602222222222222
F0.921
F0.949
tp24
a(F0.9616666666666667
F0.922
F0.953
tp25
a(F0.9622222222222222
F0.923
F0.949
tp26
a(F0.962
F0.923
F0.951
tp27
a(F0.9612222222222222
F0.919
F0.951
tp28
a(F0.9611111111111111
F0.918
F0.949
tp29
a(F0.9568888888888889
F0.914
F0.945
tp30
a(F0.9623333333333334
F0.913
F0.948
tp31
a(F0.9604444444444444
F0.917
F0.947
tp32
a(F0.9611111111111111
F0.908
F0.947
tp33
a(F0.9593333333333334
F0.913
F0.944
tp34
a(F0.961
F0.913
F0.944
tp35
a(F0.9611111111111111
F0.915
F0.944
tp36
a(F0.9586666666666667
F0.915
F0.943
tp37
a(F0.9597777777777777
F0.911
F0.943
tp38
a(F0.9617777777777777
F0.915
F0.941
tp39
a(F0.9602222222222222
F0.915
F0.941
tp40
a(F0.9635555555555556
F0.92
F0.945
tp41
a(F0.965
F0.916
F0.945
tp42
a(F0.9641111111111111
F0.913
F0.948
tp43
a(F0.9623333333333334
F0.917
F0.948
tp44
a(F0.967
F0.92
F0.947
tp45
a(F0.9663333333333334
F0.918
F0.948
tp46
a(F0.968
F0.921
F0.947
tp47
a(F0.9681111111111111
F0.919
F0.946
tp48
a(F0.9687777777777777
F0.919
F0.944
tp49
a(F0.968
F0.919
F0.944
tp50
a(F0.9675555555555555
F0.924
F0.943
tp51
a(F0.9683333333333334
F0.925
F0.947
tp52
a(F0.97
F0.925
F0.944
tp53
a(F0.9693333333333334
F0.921
F0.943
tp54
a(F0.9685555555555555
F0.923
F0.944
tp55
a(F0.9705555555555555
F0.919
F0.946
tp56
a(F0.9703333333333334
F0.919
F0.944
tp57
a(F0.971
F0.919
F0.942
tp58
a(F0.9677777777777777
F0.924
F0.947
tp59
a(F0.9707777777777777
F0.927
F0.948
tp60
a(F0.9722222222222222
F0.926
F0.944
tp61
a(F0.9704444444444444
F0.92
F0.944
tp62
a(F0.9711111111111111
F0.923
F0.946
tp63
a(F0.9717777777777777
F0.926
F0.947
tp64
a(F0.9695555555555555
F0.917
F0.944
tp65
a(F0.9735555555555555
F0.925
F0.946
tp66
a(F0.9661111111111111
F0.917
F0.939
tp67
a(F0.9724444444444444
F0.927
F0.946
tp68
a(F0.9716666666666667
F0.929
F0.942
tp69
a(F0.9658888888888889
F0.918
F0.94
tp70
a(F0.9704444444444444
F0.925
F0.944
tp71
a(F0.9717777777777777
F0.921
F0.942
tp72
a(F0.9715555555555555
F0.928
F0.942
tp73
a(F0.9718888888888889
F0.921
F0.942
tp74
a(F0.972
F0.921
F0.941
tp75
a(F0.9707777777777777
F0.928
F0.944
tp76
a(F0.9726666666666667
F0.932
F0.943
tp77
a(F0.9698888888888889
F0.925
F0.944
tp78
a(F0.9725555555555555
F0.922
F0.94
tp79
a(F0.9725555555555555
F0.928
F0.942
tp80
a(F0.9697777777777777
F0.922
F0.943
tp81
a(F0.9731111111111111
F0.929
F0.944
tp82
a(F0.9713333333333334
F0.922
F0.937
tp83
a(F0.9726666666666667
F0.922
F0.942
tp84
a(F0.9727777777777777
F0.932
F0.942
tp85
a(F0.9734444444444444
F0.929
F0.943
tp86
a(F0.9713333333333334
F0.925
F0.942
tp87
a(F0.9735555555555555
F0.925
F0.944
tp88
a(F0.9704444444444444
F0.921
F0.943
tp89
a(F0.9754444444444444
F0.927
F0.945
tp90
a(F0.9701111111111111
F0.925
F0.945
tp91
a(F0.973
F0.931
F0.941
tp92
a(F0.9737777777777777
F0.928
F0.942
tp93
a(F0.9746666666666667
F0.928
F0.944
tp94
a(F0.9742222222222222
F0.928
F0.946
tp95
a(F0.975
F0.931
F0.943
tp96
a(F0.9747777777777777
F0.93
F0.946
tp97
a(F0.975
F0.931
F0.944
tp98
a(F0.9747777777777777
F0.931
F0.944
tp99
a(F0.9744444444444444
F0.93
F0.945
tp100
a(F0.9745555555555555
F0.93
F0.944
tp101
a.