(lp0
(F0.09955555555555555
F0.099
F0.086
tp1
a(F0.8934444444444445
F0.869
F0.919
tp2
a(F0.9117777777777778
F0.899
F0.932
tp3
a(F0.926
F0.902
F0.934
tp4
a(F0.9355555555555556
F0.912
F0.945
tp5
a(F0.9366666666666666
F0.918
F0.952
tp6
a(F0.934
F0.914
F0.942
tp7
a(F0.9358888888888889
F0.915
F0.931
tp8
a(F0.9402222222222222
F0.921
F0.939
tp9
a(F0.9404444444444444
F0.918
F0.939
tp10
a(F0.9435555555555556
F0.929
F0.943
tp11
a(F0.947
F0.927
F0.941
tp12
a(F0.948
F0.923
F0.939
tp13
a(F0.948
F0.919
F0.941
tp14
a(F0.9492222222222222
F0.922
F0.939
tp15
a(F0.9484444444444444
F0.923
F0.946
tp16
a(F0.9481111111111111
F0.925
F0.94
tp17
a(F0.9487777777777778
F0.911
F0.939
tp18
a(F0.9483333333333334
F0.92
F0.939
tp19
a(F0.9552222222222222
F0.92
F0.945
tp20
a(F0.9528888888888889
F0.919
F0.947
tp21
a(F0.9546666666666667
F0.923
F0.945
tp22
a(F0.9592222222222222
F0.926
F0.946
tp23
a(F0.956
F0.928
F0.947
tp24
a(F0.9567777777777777
F0.93
F0.947
tp25
a(F0.955
F0.921
F0.941
tp26
a(F0.9593333333333334
F0.931
F0.949
tp27
a(F0.9597777777777777
F0.928
F0.95
tp28
a(F0.9616666666666667
F0.931
F0.946
tp29
a(F0.9606666666666667
F0.931
F0.943
tp30
a(F0.9591111111111111
F0.925
F0.946
tp31
a(F0.961
F0.933
F0.945
tp32
a(F0.9618888888888889
F0.935
F0.948
tp33
a(F0.9647777777777777
F0.93
F0.949
tp34
a(F0.9598888888888889
F0.934
F0.947
tp35
a(F0.9645555555555556
F0.931
F0.947
tp36
a(F0.9624444444444444
F0.933
F0.95
tp37
a(F0.9651111111111111
F0.936
F0.951
tp38
a(F0.963
F0.93
F0.948
tp39
a(F0.9657777777777777
F0.936
F0.948
tp40
a(F0.9645555555555556
F0.935
F0.946
tp41
a(F0.9648888888888889
F0.932
F0.953
tp42
a(F0.9648888888888889
F0.934
F0.951
tp43
a(F0.9654444444444444
F0.936
F0.951
tp44
a(F0.9672222222222222
F0.934
F0.952
tp45
a(F0.9653333333333334
F0.935
F0.949
tp46
a(F0.9672222222222222
F0.935
F0.946
tp47
a(F0.9631111111111111
F0.932
F0.946
tp48
a(F0.9646666666666667
F0.934
F0.949
tp49
a(F0.9637777777777777
F0.934
F0.951
tp50
a(F0.9675555555555555
F0.937
F0.947
tp51
a(F0.9648888888888889
F0.928
F0.947
tp52
a(F0.9692222222222222
F0.937
F0.953
tp53
a(F0.9648888888888889
F0.936
F0.952
tp54
a(F0.9686666666666667
F0.929
F0.954
tp55
a(F0.9682222222222222
F0.937
F0.954
tp56
a(F0.9691111111111111
F0.933
F0.952
tp57
a(F0.9703333333333334
F0.931
F0.953
tp58
a(F0.9676666666666667
F0.929
F0.948
tp59
a(F0.9687777777777777
F0.932
F0.953
tp60
a(F0.9694444444444444
F0.931
F0.947
tp61
a(F0.9685555555555555
F0.929
F0.952
tp62
a(F0.9713333333333334
F0.935
F0.952
tp63
a(F0.97
F0.934
F0.951
tp64
a(F0.971
F0.93
F0.949
tp65
a(F0.969
F0.936
F0.955
tp66
a(F0.9716666666666667
F0.938
F0.952
tp67
a(F0.9686666666666667
F0.936
F0.954
tp68
a(F0.9716666666666667
F0.936
F0.951
tp69
a(F0.9727777777777777
F0.933
F0.95
tp70
a(F0.9694444444444444
F0.929
F0.953
tp71
a(F0.9713333333333334
F0.936
F0.956
tp72
a(F0.9722222222222222
F0.932
F0.95
tp73
a(F0.9711111111111111
F0.935
F0.952
tp74
a(F0.9722222222222222
F0.932
F0.952
tp75
a(F0.9702222222222222
F0.934
F0.956
tp76
a(F0.9718888888888889
F0.93
F0.949
tp77
a(F0.9647777777777777
F0.924
F0.948
tp78
a(F0.9722222222222222
F0.934
F0.951
tp79
a(F0.9721111111111111
F0.93
F0.949
tp80
a(F0.9723333333333334
F0.94
F0.951
tp81
a(F0.9725555555555555
F0.926
F0.945
tp82
a(F0.9731111111111111
F0.935
F0.951
tp83
a(F0.9744444444444444
F0.932
F0.953
tp84
a(F0.9728888888888889
F0.929
F0.953
tp85
a(F0.9732222222222222
F0.926
F0.952
tp86
a(F0.9734444444444444
F0.933
F0.954
tp87
a(F0.9741111111111111
F0.937
F0.948
tp88
a(F0.9734444444444444
F0.932
F0.952
tp89
a(F0.9726666666666667
F0.931
F0.952
tp90
a(F0.9728888888888889
F0.932
F0.953
tp91
a(F0.9743333333333334
F0.928
F0.949
tp92
a(F0.974
F0.937
F0.949
tp93
a(F0.9746666666666667
F0.932
F0.953
tp94
a(F0.9733333333333334
F0.931
F0.954
tp95
a(F0.9737777777777777
F0.934
F0.952
tp96
a(F0.9728888888888889
F0.938
F0.951
tp97
a(F0.9725555555555555
F0.934
F0.955
tp98
a(F0.9747777777777777
F0.935
F0.952
tp99
a(F0.9742222222222222
F0.933
F0.955
tp100
a(F0.9748888888888889
F0.93
F0.951
tp101
a.