(lp0
(F0.10177777777777777
F0.097
F0.111
tp1
a(F0.11444444444444445
F0.09
F0.117
tp2
a(F0.11444444444444445
F0.09
F0.117
tp3
a(F0.11444444444444445
F0.09
F0.117
tp4
a(F0.11444444444444445
F0.09
F0.117
tp5
a(F0.11444444444444445
F0.09
F0.117
tp6
a(F0.11444444444444445
F0.09
F0.117
tp7
a(F0.11444444444444445
F0.09
F0.117
tp8
a(F0.11444444444444445
F0.09
F0.117
tp9
a(F0.11444444444444445
F0.09
F0.117
tp10
a(F0.11444444444444445
F0.09
F0.117
tp11
a(F0.11444444444444445
F0.09
F0.117
tp12
a(F0.11444444444444445
F0.09
F0.117
tp13
a(F0.11444444444444445
F0.09
F0.117
tp14
a(F0.11444444444444445
F0.09
F0.117
tp15
a(F0.11444444444444445
F0.09
F0.117
tp16
a(F0.11444444444444445
F0.09
F0.117
tp17
a(F0.11444444444444445
F0.09
F0.117
tp18
a(F0.11444444444444445
F0.09
F0.117
tp19
a(F0.11444444444444445
F0.09
F0.117
tp20
a(F0.11444444444444445
F0.09
F0.117
tp21
a(F0.11444444444444445
F0.09
F0.117
tp22
a(F0.11444444444444445
F0.09
F0.117
tp23
a(F0.11444444444444445
F0.09
F0.117
tp24
a(F0.11444444444444445
F0.09
F0.117
tp25
a(F0.11444444444444445
F0.09
F0.117
tp26
a(F0.11444444444444445
F0.09
F0.117
tp27
a(F0.11444444444444445
F0.09
F0.117
tp28
a(F0.11444444444444445
F0.09
F0.117
tp29
a(F0.11444444444444445
F0.09
F0.117
tp30
a(F0.11444444444444445
F0.09
F0.117
tp31
a(F0.11444444444444445
F0.09
F0.117
tp32
a(F0.11444444444444445
F0.09
F0.117
tp33
a(F0.11444444444444445
F0.09
F0.117
tp34
a(F0.11444444444444445
F0.09
F0.117
tp35
a(F0.11444444444444445
F0.09
F0.117
tp36
a(F0.11444444444444445
F0.09
F0.117
tp37
a(F0.11444444444444445
F0.09
F0.117
tp38
a(F0.11444444444444445
F0.09
F0.117
tp39
a(F0.11444444444444445
F0.09
F0.117
tp40
a(F0.11444444444444445
F0.09
F0.117
tp41
a(F0.11444444444444445
F0.09
F0.117
tp42
a(F0.11444444444444445
F0.09
F0.117
tp43
a(F0.11444444444444445
F0.09
F0.117
tp44
a(F0.11444444444444445
F0.09
F0.117
tp45
a(F0.11444444444444445
F0.09
F0.117
tp46
a(F0.11444444444444445
F0.09
F0.117
tp47
a(F0.11444444444444445
F0.09
F0.117
tp48
a(F0.11444444444444445
F0.09
F0.117
tp49
a(F0.11444444444444445
F0.09
F0.117
tp50
a(F0.11444444444444445
F0.09
F0.117
tp51
a(F0.11444444444444445
F0.09
F0.117
tp52
a(F0.11444444444444445
F0.09
F0.117
tp53
a(F0.11444444444444445
F0.09
F0.117
tp54
a(F0.11444444444444445
F0.09
F0.117
tp55
a(F0.11444444444444445
F0.09
F0.117
tp56
a(F0.11444444444444445
F0.09
F0.117
tp57
a(F0.11444444444444445
F0.09
F0.117
tp58
a(F0.11444444444444445
F0.09
F0.117
tp59
a(F0.11444444444444445
F0.09
F0.117
tp60
a(F0.11444444444444445
F0.09
F0.117
tp61
a(F0.11444444444444445
F0.09
F0.117
tp62
a(F0.11444444444444445
F0.09
F0.117
tp63
a(F0.11444444444444445
F0.09
F0.117
tp64
a(F0.11444444444444445
F0.09
F0.117
tp65
a(F0.11511111111111111
F0.09
F0.118
tp66
a(F0.11666666666666667
F0.093
F0.124
tp67
a(F0.12088888888888889
F0.099
F0.133
tp68
a(F0.12933333333333333
F0.109
F0.149
tp69
a(F0.13955555555555554
F0.115
F0.158
tp70
a(F0.15233333333333332
F0.127
F0.168
tp71
a(F0.16333333333333333
F0.137
F0.179
tp72
a(F0.1741111111111111
F0.155
F0.185
tp73
a(F0.1817777777777778
F0.165
F0.197
tp74
a(F0.18833333333333332
F0.176
F0.2
tp75
a(F0.19466666666666665
F0.184
F0.205
tp76
a(F0.19822222222222222
F0.186
F0.206
tp77
a(F0.2008888888888889
F0.187
F0.209
tp78
a(F0.2041111111111111
F0.187
F0.21
tp79
a(F0.2058888888888889
F0.187
F0.21
tp80
a(F0.20733333333333334
F0.189
F0.21
tp81
a(F0.20777777777777778
F0.19
F0.211
tp82
a(F0.20877777777777778
F0.192
F0.212
tp83
a(F0.20933333333333334
F0.192
F0.212
tp84
a(F0.21
F0.192
F0.212
tp85
a(F0.2101111111111111
F0.192
F0.212
tp86
a(F0.21066666666666667
F0.193
F0.212
tp87
a(F0.2111111111111111
F0.193
F0.212
tp88
a(F0.21133333333333335
F0.193
F0.212
tp89
a(F0.21166666666666667
F0.193
F0.212
tp90
a(F0.2117777777777778
F0.193
F0.212
tp91
a(F0.212
F0.193
F0.212
tp92
a(F0.212
F0.193
F0.212
tp93
a(F0.212
F0.193
F0.212
tp94
a(F0.212
F0.193
F0.212
tp95
a(F0.212
F0.193
F0.212
tp96
a(F0.2121111111111111
F0.193
F0.212
tp97
a(F0.2121111111111111
F0.193
F0.212
tp98
a(F0.2121111111111111
F0.193
F0.212
tp99
a(F0.2121111111111111
F0.193
F0.212
tp100
a(F0.2121111111111111
F0.193
F0.212
tp101
a.