(lp0
(F0.11444444444444445
F0.09
F0.117
tp1
a(F0.11444444444444445
F0.09
F0.117
tp2
a(F0.11444444444444445
F0.09
F0.117
tp3
a(F0.115
F0.09
F0.118
tp4
a(F0.19244444444444445
F0.179
F0.201
tp5
a(F0.2101111111111111
F0.192
F0.212
tp6
a(F0.21188888888888888
F0.195
F0.212
tp7
a(F0.21233333333333335
F0.195
F0.212
tp8
a(F0.21244444444444444
F0.195
F0.212
tp9
a(F0.22177777777777777
F0.206
F0.224
tp10
a(F0.31477777777777777
F0.306
F0.329
tp11
a(F0.38333333333333336
F0.364
F0.4
tp12
a(F0.4717777777777778
F0.447
F0.51
tp13
a(F0.5785555555555556
F0.525
F0.603
tp14
a(F0.6168888888888889
F0.574
F0.656
tp15
a(F0.6471111111111111
F0.603
F0.693
tp16
a(F0.6814444444444444
F0.638
F0.725
tp17
a(F0.7107777777777777
F0.665
F0.753
tp18
a(F0.7406666666666667
F0.701
F0.773
tp19
a(F0.7691111111111111
F0.726
F0.802
tp20
a(F0.7888888888888889
F0.755
F0.831
tp21
a(F0.8044444444444444
F0.777
F0.845
tp22
a(F0.8171111111111111
F0.79
F0.856
tp23
a(F0.8248888888888889
F0.802
F0.864
tp24
a(F0.8321111111111111
F0.811
F0.874
tp25
a(F0.8368888888888889
F0.82
F0.883
tp26
a(F0.8427777777777777
F0.827
F0.888
tp27
a(F0.8476666666666667
F0.832
F0.888
tp28
a(F0.8524444444444444
F0.835
F0.896
tp29
a(F0.8568888888888889
F0.838
F0.898
tp30
a(F0.8606666666666667
F0.845
F0.901
tp31
a(F0.8641111111111112
F0.85
F0.904
tp32
a(F0.8683333333333333
F0.857
F0.903
tp33
a(F0.8722222222222222
F0.858
F0.904
tp34
a(F0.8738888888888889
F0.86
F0.903
tp35
a(F0.8758888888888889
F0.864
F0.904
tp36
a(F0.8794444444444445
F0.865
F0.907
tp37
a(F0.8826666666666667
F0.867
F0.908
tp38
a(F0.8845555555555555
F0.869
F0.908
tp39
a(F0.8863333333333333
F0.87
F0.911
tp40
a(F0.8875555555555555
F0.872
F0.911
tp41
a(F0.889
F0.875
F0.913
tp42
a(F0.8904444444444445
F0.874
F0.913
tp43
a(F0.8906666666666667
F0.874
F0.915
tp44
a(F0.8917777777777778
F0.876
F0.915
tp45
a(F0.8922222222222222
F0.876
F0.916
tp46
a(F0.893
F0.877
F0.916
tp47
a(F0.8941111111111111
F0.878
F0.916
tp48
a(F0.8948888888888888
F0.878
F0.919
tp49
a(F0.8966666666666666
F0.879
F0.92
tp50
a(F0.897
F0.879
F0.92
tp51
a(F0.8975555555555556
F0.882
F0.92
tp52
a(F0.8977777777777778
F0.881
F0.92
tp53
a(F0.8988888888888888
F0.882
F0.92
tp54
a(F0.8997777777777778
F0.882
F0.921
tp55
a(F0.9007777777777778
F0.882
F0.921
tp56
a(F0.9015555555555556
F0.883
F0.921
tp57
a(F0.9024444444444445
F0.882
F0.924
tp58
a(F0.9031111111111111
F0.883
F0.923
tp59
a(F0.9038888888888889
F0.883
F0.923
tp60
a(F0.9048888888888889
F0.883
F0.924
tp61
a(F0.9051111111111111
F0.883
F0.926
tp62
a(F0.9053333333333333
F0.885
F0.926
tp63
a(F0.9055555555555556
F0.884
F0.926
tp64
a(F0.9057777777777778
F0.884
F0.926
tp65
a(F0.9057777777777778
F0.884
F0.926
tp66
a(F0.9063333333333333
F0.886
F0.925
tp67
a(F0.9067777777777778
F0.886
F0.925
tp68
a(F0.9071111111111111
F0.887
F0.926
tp69
a(F0.9077777777777778
F0.887
F0.926
tp70
a(F0.9084444444444445
F0.887
F0.926
tp71
a(F0.9091111111111111
F0.888
F0.926
tp72
a(F0.9095555555555556
F0.889
F0.927
tp73
a(F0.91
F0.892
F0.927
tp74
a(F0.9105555555555556
F0.892
F0.927
tp75
a(F0.9108888888888889
F0.893
F0.927
tp76
a(F0.9114444444444444
F0.893
F0.93
tp77
a(F0.9116666666666666
F0.893
F0.931
tp78
a(F0.9125555555555556
F0.894
F0.931
tp79
a(F0.9131111111111111
F0.893
F0.931
tp80
a(F0.9132222222222223
F0.893
F0.931
tp81
a(F0.9138888888888889
F0.894
F0.931
tp82
a(F0.9141111111111111
F0.895
F0.932
tp83
a(F0.9144444444444444
F0.895
F0.932
tp84
a(F0.9146666666666666
F0.895
F0.932
tp85
a(F0.9155555555555556
F0.895
F0.932
tp86
a(F0.9163333333333333
F0.895
F0.932
tp87
a(F0.9168888888888889
F0.895
F0.932
tp88
a(F0.9177777777777778
F0.895
F0.932
tp89
a(F0.9177777777777778
F0.896
F0.932
tp90
a(F0.9182222222222223
F0.897
F0.932
tp91
a(F0.9183333333333333
F0.897
F0.932
tp92
a(F0.9184444444444444
F0.896
F0.933
tp93
a(F0.9187777777777778
F0.896
F0.933
tp94
a(F0.9192222222222223
F0.896
F0.933
tp95
a(F0.9197777777777778
F0.896
F0.933
tp96
a(F0.9197777777777778
F0.897
F0.934
tp97
a(F0.9201111111111111
F0.897
F0.934
tp98
a(F0.9204444444444444
F0.897
F0.936
tp99
a(F0.9206666666666666
F0.897
F0.936
tp100
a(F0.9211111111111111
F0.897
F0.936
tp101
a.