(lp0
(F0.10177777777777777
F0.097
F0.111
tp1
a(F0.8723333333333333
F0.863
F0.899
tp2
a(F0.9028888888888889
F0.893
F0.922
tp3
a(F0.9187777777777778
F0.903
F0.933
tp4
a(F0.9264444444444444
F0.913
F0.935
tp5
a(F0.9342222222222222
F0.916
F0.937
tp6
a(F0.9377777777777778
F0.917
F0.937
tp7
a(F0.9415555555555556
F0.923
F0.941
tp8
a(F0.9437777777777778
F0.927
F0.943
tp9
a(F0.9473333333333334
F0.926
F0.942
tp10
a(F0.9496666666666667
F0.926
F0.945
tp11
a(F0.9513333333333334
F0.925
F0.944
tp12
a(F0.9531111111111111
F0.926
F0.945
tp13
a(F0.9531111111111111
F0.926
F0.945
tp14
a(F0.956
F0.924
F0.947
tp15
a(F0.9568888888888889
F0.924
F0.949
tp16
a(F0.9576666666666667
F0.925
F0.948
tp17
a(F0.9582222222222222
F0.923
F0.949
tp18
a(F0.9582222222222222
F0.926
F0.949
tp19
a(F0.959
F0.926
F0.951
tp20
a(F0.9598888888888889
F0.922
F0.95
tp21
a(F0.9604444444444444
F0.922
F0.95
tp22
a(F0.9613333333333334
F0.925
F0.951
tp23
a(F0.9618888888888889
F0.925
F0.95
tp24
a(F0.9617777777777777
F0.927
F0.951
tp25
a(F0.9623333333333334
F0.928
F0.951
tp26
a(F0.9627777777777777
F0.928
F0.953
tp27
a(F0.9636666666666667
F0.927
F0.954
tp28
a(F0.965
F0.928
F0.956
tp29
a(F0.9656666666666667
F0.927
F0.955
tp30
a(F0.9662222222222222
F0.926
F0.954
tp31
a(F0.9663333333333334
F0.928
F0.954
tp32
a(F0.9672222222222222
F0.923
F0.954
tp33
a(F0.9675555555555555
F0.925
F0.955
tp34
a(F0.9677777777777777
F0.924
F0.953
tp35
a(F0.9681111111111111
F0.924
F0.953
tp36
a(F0.9681111111111111
F0.922
F0.952
tp37
a(F0.9683333333333334
F0.922
F0.95
tp38
a(F0.9681111111111111
F0.923
F0.949
tp39
a(F0.9683333333333334
F0.921
F0.949
tp40
a(F0.9684444444444444
F0.92
F0.949
tp41
a(F0.9683333333333334
F0.922
F0.947
tp42
a(F0.9693333333333334
F0.919
F0.949
tp43
a(F0.9686666666666667
F0.921
F0.949
tp44
a(F0.9693333333333334
F0.92
F0.951
tp45
a(F0.9696666666666667
F0.918
F0.95
tp46
a(F0.9697777777777777
F0.919
F0.947
tp47
a(F0.9703333333333334
F0.92
F0.949
tp48
a(F0.9707777777777777
F0.921
F0.95
tp49
a(F0.9701111111111111
F0.921
F0.95
tp50
a(F0.9714444444444444
F0.921
F0.952
tp51
a(F0.9712222222222222
F0.919
F0.955
tp52
a(F0.9716666666666667
F0.92
F0.955
tp53
a(F0.9715555555555555
F0.922
F0.956
tp54
a(F0.9718888888888889
F0.921
F0.956
tp55
a(F0.9717777777777777
F0.921
F0.955
tp56
a(F0.9716666666666667
F0.916
F0.955
tp57
a(F0.9717777777777777
F0.919
F0.952
tp58
a(F0.9715555555555555
F0.92
F0.952
tp59
a(F0.9712222222222222
F0.919
F0.953
tp60
a(F0.9717777777777777
F0.918
F0.952
tp61
a(F0.9732222222222222
F0.92
F0.956
tp62
a(F0.9732222222222222
F0.921
F0.955
tp63
a(F0.9733333333333334
F0.924
F0.956
tp64
a(F0.974
F0.923
F0.956
tp65
a(F0.9727777777777777
F0.923
F0.957
tp66
a(F0.9725555555555555
F0.919
F0.959
tp67
a(F0.9734444444444444
F0.922
F0.957
tp68
a(F0.9722222222222222
F0.926
F0.958
tp69
a(F0.9732222222222222
F0.926
F0.957
tp70
a(F0.9726666666666667
F0.926
F0.956
tp71
a(F0.9735555555555555
F0.925
F0.955
tp72
a(F0.9733333333333334
F0.926
F0.955
tp73
a(F0.9728888888888889
F0.926
F0.956
tp74
a(F0.9735555555555555
F0.926
F0.955
tp75
a(F0.9731111111111111
F0.926
F0.954
tp76
a(F0.9733333333333334
F0.926
F0.953
tp77
a(F0.9741111111111111
F0.927
F0.954
tp78
a(F0.9741111111111111
F0.926
F0.954
tp79
a(F0.9745555555555555
F0.927
F0.955
tp80
a(F0.9744444444444444
F0.925
F0.954
tp81
a(F0.975
F0.926
F0.954
tp82
a(F0.9746666666666667
F0.925
F0.953
tp83
a(F0.9754444444444444
F0.927
F0.953
tp84
a(F0.9752222222222222
F0.926
F0.953
tp85
a(F0.9748888888888889
F0.926
F0.953
tp86
a(F0.9755555555555555
F0.925
F0.953
tp87
a(F0.9748888888888889
F0.924
F0.953
tp88
a(F0.9752222222222222
F0.923
F0.951
tp89
a(F0.976
F0.924
F0.949
tp90
a(F0.976
F0.923
F0.948
tp91
a(F0.9757777777777777
F0.922
F0.948
tp92
a(F0.9763333333333334
F0.923
F0.949
tp93
a(F0.9762222222222222
F0.923
F0.948
tp94
a(F0.9761111111111112
F0.924
F0.948
tp95
a(F0.9761111111111112
F0.923
F0.948
tp96
a(F0.976
F0.923
F0.948
tp97
a(F0.976
F0.923
F0.948
tp98
a(F0.976
F0.924
F0.948
tp99
a(F0.9764444444444444
F0.925
F0.949
tp100
a(F0.9764444444444444
F0.925
F0.947
tp101
a.