(lp0
(F0.13966666666666666
F0.144
F0.14
tp1
a(F0.8488888888888889
F0.819
F0.874
tp2
a(F0.868
F0.841
F0.888
tp3
a(F0.8727777777777778
F0.848
F0.897
tp4
a(F0.8764444444444445
F0.847
F0.901
tp5
a(F0.8752222222222222
F0.848
F0.893
tp6
a(F0.8744444444444445
F0.845
F0.895
tp7
a(F0.8774444444444445
F0.852
F0.893
tp8
a(F0.8765555555555555
F0.849
F0.899
tp9
a(F0.879
F0.851
F0.894
tp10
a(F0.8766666666666667
F0.847
F0.894
tp11
a(F0.8763333333333333
F0.85
F0.897
tp12
a(F0.8792222222222222
F0.849
F0.895
tp13
a(F0.882
F0.852
F0.898
tp14
a(F0.883
F0.854
F0.898
tp15
a(F0.8802222222222222
F0.855
F0.896
tp16
a(F0.8821111111111111
F0.861
F0.899
tp17
a(F0.886
F0.861
F0.899
tp18
a(F0.8873333333333333
F0.863
F0.905
tp19
a(F0.8845555555555555
F0.86
F0.903
tp20
a(F0.8897777777777778
F0.864
F0.904
tp21
a(F0.89
F0.863
F0.904
tp22
a(F0.8897777777777778
F0.865
F0.906
tp23
a(F0.889
F0.865
F0.905
tp24
a(F0.8913333333333333
F0.866
F0.905
tp25
a(F0.8898888888888888
F0.866
F0.904
tp26
a(F0.8895555555555555
F0.867
F0.906
tp27
a(F0.8916666666666667
F0.868
F0.903
tp28
a(F0.8913333333333333
F0.871
F0.902
tp29
a(F0.891
F0.87
F0.902
tp30
a(F0.889
F0.867
F0.902
tp31
a(F0.8913333333333333
F0.876
F0.902
tp32
a(F0.8892222222222222
F0.871
F0.904
tp33
a(F0.8887777777777778
F0.87
F0.904
tp34
a(F0.891
F0.875
F0.901
tp35
a(F0.8913333333333333
F0.876
F0.902
tp36
a(F0.8883333333333333
F0.872
F0.905
tp37
a(F0.8883333333333333
F0.871
F0.904
tp38
a(F0.8895555555555555
F0.869
F0.903
tp39
a(F0.8911111111111111
F0.872
F0.904
tp40
a(F0.8895555555555555
F0.867
F0.903
tp41
a(F0.8898888888888888
F0.869
F0.904
tp42
a(F0.889
F0.864
F0.907
tp43
a(F0.8898888888888888
F0.864
F0.907
tp44
a(F0.8883333333333333
F0.865
F0.909
tp45
a(F0.8873333333333333
F0.862
F0.907
tp46
a(F0.8888888888888888
F0.862
F0.91
tp47
a(F0.8897777777777778
F0.865
F0.91
tp48
a(F0.8887777777777778
F0.859
F0.906
tp49
a(F0.8915555555555555
F0.866
F0.907
tp50
a(F0.8906666666666667
F0.863
F0.912
tp51
a(F0.889
F0.863
F0.905
tp52
a(F0.8907777777777778
F0.863
F0.907
tp53
a(F0.8921111111111111
F0.864
F0.905
tp54
a(F0.891
F0.869
F0.906
tp55
a(F0.8908888888888888
F0.864
F0.907
tp56
a(F0.8905555555555555
F0.863
F0.908
tp57
a(F0.8904444444444445
F0.866
F0.905
tp58
a(F0.8912222222222222
F0.865
F0.908
tp59
a(F0.8906666666666667
F0.858
F0.908
tp60
a(F0.8915555555555555
F0.86
F0.908
tp61
a(F0.8914444444444445
F0.86
F0.906
tp62
a(F0.8913333333333333
F0.859
F0.904
tp63
a(F0.891
F0.862
F0.906
tp64
a(F0.8905555555555555
F0.856
F0.904
tp65
a(F0.8907777777777778
F0.858
F0.908
tp66
a(F0.8916666666666667
F0.862
F0.912
tp67
a(F0.8921111111111111
F0.861
F0.912
tp68
a(F0.8916666666666667
F0.857
F0.907
tp69
a(F0.8914444444444445
F0.863
F0.907
tp70
a(F0.8915555555555555
F0.861
F0.907
tp71
a(F0.8907777777777778
F0.863
F0.906
tp72
a(F0.8908888888888888
F0.863
F0.906
tp73
a(F0.8912222222222222
F0.861
F0.908
tp74
a(F0.8912222222222222
F0.865
F0.908
tp75
a(F0.8913333333333333
F0.865
F0.908
tp76
a(F0.8914444444444445
F0.861
F0.906
tp77
a(F0.8905555555555555
F0.86
F0.905
tp78
a(F0.8906666666666667
F0.862
F0.904
tp79
a(F0.8904444444444445
F0.862
F0.905
tp80
a(F0.8902222222222222
F0.865
F0.905
tp81
a(F0.8911111111111111
F0.867
F0.906
tp82
a(F0.8907777777777778
F0.868
F0.906
tp83
a(F0.8921111111111111
F0.866
F0.907
tp84
a(F0.8907777777777778
F0.866
F0.905
tp85
a(F0.8918888888888888
F0.869
F0.906
tp86
a(F0.8917777777777778
F0.87
F0.906
tp87
a(F0.8918888888888888
F0.867
F0.907
tp88
a(F0.8914444444444445
F0.868
F0.907
tp89
a(F0.8908888888888888
F0.87
F0.905
tp90
a(F0.8917777777777778
F0.866
F0.905
tp91
a(F0.8913333333333333
F0.864
F0.904
tp92
a(F0.8918888888888888
F0.87
F0.905
tp93
a(F0.8912222222222222
F0.866
F0.906
tp94
a(F0.8915555555555555
F0.869
F0.906
tp95
a(F0.8917777777777778
F0.872
F0.907
tp96
a(F0.892
F0.87
F0.907
tp97
a(F0.8913333333333333
F0.87
F0.906
tp98
a(F0.8912222222222222
F0.87
F0.906
tp99
a(F0.8911111111111111
F0.87
F0.907
tp100
a(F0.8915555555555555
F0.87
F0.906
tp101
a.