(lp0
(F0.10177777777777777
F0.097
F0.111
tp1
a(F0.8798888888888889
F0.856
F0.905
tp2
a(F0.8962222222222223
F0.874
F0.917
tp3
a(F0.9035555555555556
F0.88
F0.927
tp4
a(F0.9118888888888889
F0.879
F0.929
tp5
a(F0.9161111111111111
F0.884
F0.931
tp6
a(F0.9162222222222223
F0.886
F0.927
tp7
a(F0.9202222222222223
F0.896
F0.928
tp8
a(F0.9206666666666666
F0.9
F0.935
tp9
a(F0.9244444444444444
F0.908
F0.937
tp10
a(F0.9235555555555556
F0.895
F0.933
tp11
a(F0.9201111111111111
F0.895
F0.936
tp12
a(F0.9261111111111111
F0.899
F0.936
tp13
a(F0.9206666666666666
F0.885
F0.94
tp14
a(F0.923
F0.892
F0.932
tp15
a(F0.924
F0.893
F0.934
tp16
a(F0.928
F0.894
F0.941
tp17
a(F0.9288888888888889
F0.905
F0.933
tp18
a(F0.9215555555555556
F0.892
F0.938
tp19
a(F0.934
F0.903
F0.942
tp20
a(F0.9273333333333333
F0.901
F0.937
tp21
a(F0.9312222222222222
F0.907
F0.945
tp22
a(F0.9332222222222222
F0.907
F0.938
tp23
a(F0.9336666666666666
F0.898
F0.945
tp24
a(F0.9275555555555556
F0.9
F0.941
tp25
a(F0.936
F0.91
F0.936
tp26
a(F0.9327777777777778
F0.903
F0.945
tp27
a(F0.9341111111111111
F0.898
F0.943
tp28
a(F0.935
F0.9
F0.94
tp29
a(F0.9324444444444444
F0.899
F0.939
tp30
a(F0.9336666666666666
F0.902
F0.94
tp31
a(F0.9342222222222222
F0.9
F0.935
tp32
a(F0.9392222222222222
F0.9
F0.941
tp33
a(F0.933
F0.904
F0.938
tp34
a(F0.9336666666666666
F0.9
F0.937
tp35
a(F0.9331111111111111
F0.898
F0.938
tp36
a(F0.933
F0.902
F0.937
tp37
a(F0.9338888888888889
F0.895
F0.942
tp38
a(F0.9352222222222222
F0.901
F0.936
tp39
a(F0.9397777777777778
F0.905
F0.935
tp40
a(F0.9354444444444444
F0.905
F0.93
tp41
a(F0.9313333333333333
F0.905
F0.932
tp42
a(F0.9335555555555556
F0.894
F0.926
tp43
a(F0.9338888888888889
F0.894
F0.928
tp44
a(F0.9331111111111111
F0.897
F0.931
tp45
a(F0.9338888888888889
F0.898
F0.934
tp46
a(F0.9357777777777778
F0.904
F0.939
tp47
a(F0.94
F0.911
F0.94
tp48
a(F0.9327777777777778
F0.898
F0.933
tp49
a(F0.9298888888888889
F0.89
F0.931
tp50
a(F0.939
F0.903
F0.933
tp51
a(F0.936
F0.899
F0.935
tp52
a(F0.9354444444444444
F0.899
F0.941
tp53
a(F0.937
F0.901
F0.938
tp54
a(F0.9373333333333334
F0.905
F0.931
tp55
a(F0.9367777777777778
F0.899
F0.929
tp56
a(F0.936
F0.901
F0.931
tp57
a(F0.94
F0.905
F0.937
tp58
a(F0.9398888888888889
F0.902
F0.938
tp59
a(F0.945
F0.911
F0.941
tp60
a(F0.9376666666666666
F0.906
F0.938
tp61
a(F0.9344444444444444
F0.899
F0.929
tp62
a(F0.9366666666666666
F0.902
F0.932
tp63
a(F0.9361111111111111
F0.911
F0.932
tp64
a(F0.9364444444444444
F0.905
F0.933
tp65
a(F0.9384444444444444
F0.909
F0.932
tp66
a(F0.9414444444444444
F0.905
F0.93
tp67
a(F0.9317777777777778
F0.902
F0.929
tp68
a(F0.9358888888888889
F0.901
F0.933
tp69
a(F0.9361111111111111
F0.902
F0.931
tp70
a(F0.9437777777777778
F0.903
F0.937
tp71
a(F0.9381111111111111
F0.901
F0.933
tp72
a(F0.9366666666666666
F0.898
F0.929
tp73
a(F0.9416666666666667
F0.902
F0.937
tp74
a(F0.9365555555555556
F0.904
F0.936
tp75
a(F0.9423333333333334
F0.901
F0.937
tp76
a(F0.9396666666666667
F0.906
F0.933
tp77
a(F0.9381111111111111
F0.895
F0.931
tp78
a(F0.9423333333333334
F0.906
F0.934
tp79
a(F0.9363333333333334
F0.894
F0.929
tp80
a(F0.9347777777777778
F0.897
F0.933
tp81
a(F0.9368888888888889
F0.904
F0.932
tp82
a(F0.94
F0.905
F0.937
tp83
a(F0.9372222222222222
F0.903
F0.932
tp84
a(F0.9365555555555556
F0.898
F0.931
tp85
a(F0.9426666666666667
F0.903
F0.933
tp86
a(F0.9382222222222222
F0.9
F0.929
tp87
a(F0.9368888888888889
F0.904
F0.933
tp88
a(F0.9432222222222222
F0.905
F0.941
tp89
a(F0.9376666666666666
F0.9
F0.937
tp90
a(F0.9396666666666667
F0.9
F0.937
tp91
a(F0.9401111111111111
F0.906
F0.938
tp92
a(F0.9418888888888889
F0.903
F0.937
tp93
a(F0.9403333333333334
F0.901
F0.932
tp94
a(F0.9432222222222222
F0.902
F0.932
tp95
a(F0.9414444444444444
F0.904
F0.933
tp96
a(F0.9378888888888889
F0.906
F0.933
tp97
a(F0.9395555555555556
F0.899
F0.936
tp98
a(F0.9431111111111111
F0.903
F0.932
tp99
a(F0.9407777777777778
F0.9
F0.937
tp100
a(F0.9435555555555556
F0.897
F0.939
tp101
a.