(lp0
(F0.10177777777777777
F0.097
F0.111
tp1
a(F0.8023333333333333
F0.777
F0.843
tp2
a(F0.884
F0.863
F0.908
tp3
a(F0.8993333333333333
F0.884
F0.92
tp4
a(F0.9086666666666666
F0.892
F0.928
tp5
a(F0.9166666666666666
F0.894
F0.933
tp6
a(F0.923
F0.902
F0.939
tp7
a(F0.9271111111111111
F0.905
F0.942
tp8
a(F0.9303333333333333
F0.91
F0.944
tp9
a(F0.9331111111111111
F0.911
F0.948
tp10
a(F0.9347777777777778
F0.911
F0.948
tp11
a(F0.9378888888888889
F0.911
F0.948
tp12
a(F0.9392222222222222
F0.914
F0.952
tp13
a(F0.9404444444444444
F0.915
F0.954
tp14
a(F0.9434444444444444
F0.918
F0.953
tp15
a(F0.9454444444444444
F0.92
F0.951
tp16
a(F0.9478888888888889
F0.922
F0.952
tp17
a(F0.9487777777777778
F0.922
F0.952
tp18
a(F0.9501111111111111
F0.924
F0.952
tp19
a(F0.9517777777777777
F0.925
F0.952
tp20
a(F0.9528888888888889
F0.924
F0.951
tp21
a(F0.9544444444444444
F0.925
F0.951
tp22
a(F0.9557777777777777
F0.927
F0.951
tp23
a(F0.9562222222222222
F0.927
F0.951
tp24
a(F0.9566666666666667
F0.928
F0.95
tp25
a(F0.9574444444444444
F0.928
F0.951
tp26
a(F0.9578888888888889
F0.927
F0.949
tp27
a(F0.9584444444444444
F0.928
F0.949
tp28
a(F0.959
F0.927
F0.949
tp29
a(F0.9591111111111111
F0.927
F0.95
tp30
a(F0.9601111111111111
F0.927
F0.95
tp31
a(F0.9605555555555556
F0.925
F0.951
tp32
a(F0.9608888888888889
F0.925
F0.949
tp33
a(F0.9615555555555556
F0.925
F0.95
tp34
a(F0.9625555555555556
F0.925
F0.95
tp35
a(F0.9635555555555556
F0.926
F0.95
tp36
a(F0.964
F0.926
F0.95
tp37
a(F0.9647777777777777
F0.926
F0.949
tp38
a(F0.965
F0.927
F0.95
tp39
a(F0.9654444444444444
F0.927
F0.951
tp40
a(F0.9658888888888889
F0.928
F0.953
tp41
a(F0.9666666666666667
F0.929
F0.954
tp42
a(F0.9666666666666667
F0.928
F0.954
tp43
a(F0.9672222222222222
F0.928
F0.954
tp44
a(F0.9674444444444444
F0.929
F0.954
tp45
a(F0.9677777777777777
F0.93
F0.954
tp46
a(F0.9681111111111111
F0.93
F0.954
tp47
a(F0.9684444444444444
F0.93
F0.954
tp48
a(F0.9685555555555555
F0.929
F0.955
tp49
a(F0.9685555555555555
F0.929
F0.954
tp50
a(F0.9688888888888889
F0.928
F0.954
tp51
a(F0.9693333333333334
F0.928
F0.954
tp52
a(F0.9695555555555555
F0.927
F0.954
tp53
a(F0.9698888888888889
F0.928
F0.954
tp54
a(F0.9701111111111111
F0.927
F0.953
tp55
a(F0.9707777777777777
F0.927
F0.952
tp56
a(F0.9708888888888889
F0.927
F0.952
tp57
a(F0.971
F0.926
F0.952
tp58
a(F0.9712222222222222
F0.926
F0.952
tp59
a(F0.9712222222222222
F0.925
F0.952
tp60
a(F0.9714444444444444
F0.926
F0.952
tp61
a(F0.9717777777777777
F0.929
F0.952
tp62
a(F0.9718888888888889
F0.93
F0.952
tp63
a(F0.9722222222222222
F0.931
F0.952
tp64
a(F0.9724444444444444
F0.931
F0.951
tp65
a(F0.9726666666666667
F0.931
F0.951
tp66
a(F0.9728888888888889
F0.931
F0.952
tp67
a(F0.9731111111111111
F0.931
F0.952
tp68
a(F0.9731111111111111
F0.931
F0.955
tp69
a(F0.9731111111111111
F0.932
F0.955
tp70
a(F0.9733333333333334
F0.933
F0.955
tp71
a(F0.9735555555555555
F0.932
F0.954
tp72
a(F0.9734444444444444
F0.934
F0.954
tp73
a(F0.9735555555555555
F0.935
F0.954
tp74
a(F0.9738888888888889
F0.935
F0.953
tp75
a(F0.974
F0.935
F0.953
tp76
a(F0.974
F0.935
F0.953
tp77
a(F0.9743333333333334
F0.934
F0.953
tp78
a(F0.9743333333333334
F0.934
F0.952
tp79
a(F0.9745555555555555
F0.934
F0.953
tp80
a(F0.975
F0.934
F0.952
tp81
a(F0.975
F0.934
F0.952
tp82
a(F0.9751111111111112
F0.934
F0.951
tp83
a(F0.9752222222222222
F0.934
F0.952
tp84
a(F0.9752222222222222
F0.933
F0.952
tp85
a(F0.9754444444444444
F0.933
F0.952
tp86
a(F0.9754444444444444
F0.933
F0.952
tp87
a(F0.9754444444444444
F0.933
F0.952
tp88
a(F0.9758888888888889
F0.932
F0.951
tp89
a(F0.9758888888888889
F0.932
F0.952
tp90
a(F0.9761111111111112
F0.932
F0.952
tp91
a(F0.9763333333333334
F0.932
F0.951
tp92
a(F0.9763333333333334
F0.932
F0.951
tp93
a(F0.9763333333333334
F0.932
F0.951
tp94
a(F0.9762222222222222
F0.932
F0.951
tp95
a(F0.9763333333333334
F0.932
F0.951
tp96
a(F0.9763333333333334
F0.932
F0.951
tp97
a(F0.9764444444444444
F0.931
F0.952
tp98
a(F0.9765555555555555
F0.931
F0.952
tp99
a(F0.9766666666666667
F0.93
F0.952
tp100
a(F0.9766666666666667
F0.93
F0.952
tp101
a.