(lp0
(F0.10177777777777777
F0.097
F0.111
tp1
a(F0.11444444444444445
F0.09
F0.117
tp2
a(F0.11444444444444445
F0.09
F0.117
tp3
a(F0.11444444444444445
F0.09
F0.117
tp4
a(F0.11444444444444445
F0.09
F0.117
tp5
a(F0.11444444444444445
F0.09
F0.117
tp6
a(F0.11444444444444445
F0.09
F0.117
tp7
a(F0.11444444444444445
F0.09
F0.117
tp8
a(F0.11444444444444445
F0.09
F0.117
tp9
a(F0.11444444444444445
F0.09
F0.117
tp10
a(F0.11444444444444445
F0.09
F0.117
tp11
a(F0.11444444444444445
F0.09
F0.117
tp12
a(F0.11444444444444445
F0.09
F0.117
tp13
a(F0.11444444444444445
F0.09
F0.117
tp14
a(F0.11444444444444445
F0.09
F0.117
tp15
a(F0.11444444444444445
F0.09
F0.117
tp16
a(F0.11444444444444445
F0.09
F0.117
tp17
a(F0.11444444444444445
F0.09
F0.117
tp18
a(F0.11444444444444445
F0.09
F0.117
tp19
a(F0.11444444444444445
F0.09
F0.117
tp20
a(F0.11444444444444445
F0.09
F0.117
tp21
a(F0.11444444444444445
F0.09
F0.117
tp22
a(F0.11444444444444445
F0.09
F0.117
tp23
a(F0.11444444444444445
F0.09
F0.117
tp24
a(F0.11444444444444445
F0.09
F0.117
tp25
a(F0.11444444444444445
F0.09
F0.117
tp26
a(F0.11444444444444445
F0.09
F0.117
tp27
a(F0.11444444444444445
F0.09
F0.117
tp28
a(F0.11444444444444445
F0.09
F0.117
tp29
a(F0.11444444444444445
F0.09
F0.117
tp30
a(F0.11444444444444445
F0.09
F0.117
tp31
a(F0.11444444444444445
F0.09
F0.117
tp32
a(F0.11444444444444445
F0.09
F0.117
tp33
a(F0.11444444444444445
F0.09
F0.117
tp34
a(F0.11444444444444445
F0.09
F0.117
tp35
a(F0.11444444444444445
F0.09
F0.117
tp36
a(F0.11444444444444445
F0.09
F0.117
tp37
a(F0.11444444444444445
F0.09
F0.117
tp38
a(F0.11444444444444445
F0.09
F0.117
tp39
a(F0.11444444444444445
F0.09
F0.117
tp40
a(F0.11444444444444445
F0.09
F0.117
tp41
a(F0.11444444444444445
F0.09
F0.117
tp42
a(F0.11444444444444445
F0.09
F0.117
tp43
a(F0.11444444444444445
F0.09
F0.117
tp44
a(F0.11444444444444445
F0.09
F0.117
tp45
a(F0.11444444444444445
F0.09
F0.117
tp46
a(F0.11444444444444445
F0.09
F0.117
tp47
a(F0.11444444444444445
F0.09
F0.117
tp48
a(F0.11444444444444445
F0.09
F0.117
tp49
a(F0.11444444444444445
F0.09
F0.117
tp50
a(F0.11444444444444445
F0.09
F0.117
tp51
a(F0.11444444444444445
F0.09
F0.117
tp52
a(F0.11444444444444445
F0.09
F0.117
tp53
a(F0.11488888888888889
F0.09
F0.118
tp54
a(F0.11588888888888889
F0.09
F0.121
tp55
a(F0.11877777777777777
F0.097
F0.129
tp56
a(F0.12677777777777777
F0.105
F0.147
tp57
a(F0.13922222222222222
F0.112
F0.158
tp58
a(F0.15311111111111111
F0.127
F0.169
tp59
a(F0.16466666666666666
F0.145
F0.18
tp60
a(F0.17533333333333334
F0.156
F0.186
tp61
a(F0.18355555555555556
F0.169
F0.196
tp62
a(F0.19066666666666668
F0.178
F0.202
tp63
a(F0.19644444444444445
F0.186
F0.206
tp64
a(F0.19955555555555557
F0.187
F0.207
tp65
a(F0.20266666666666666
F0.187
F0.21
tp66
a(F0.20577777777777778
F0.187
F0.21
tp67
a(F0.20722222222222222
F0.188
F0.211
tp68
a(F0.2078888888888889
F0.189
F0.211
tp69
a(F0.20877777777777778
F0.191
F0.211
tp70
a(F0.20944444444444443
F0.192
F0.211
tp71
a(F0.2101111111111111
F0.192
F0.212
tp72
a(F0.21066666666666667
F0.192
F0.212
tp73
a(F0.21088888888888888
F0.193
F0.212
tp74
a(F0.211
F0.193
F0.212
tp75
a(F0.2111111111111111
F0.193
F0.212
tp76
a(F0.21133333333333335
F0.193
F0.212
tp77
a(F0.21144444444444443
F0.193
F0.212
tp78
a(F0.21166666666666667
F0.193
F0.212
tp79
a(F0.21166666666666667
F0.193
F0.212
tp80
a(F0.21166666666666667
F0.193
F0.212
tp81
a(F0.2117777777777778
F0.193
F0.212
tp82
a(F0.2117777777777778
F0.193
F0.212
tp83
a(F0.21188888888888888
F0.193
F0.212
tp84
a(F0.21188888888888888
F0.193
F0.212
tp85
a(F0.2121111111111111
F0.193
F0.212
tp86
a(F0.21288888888888888
F0.194
F0.212
tp87
a(F0.21622222222222223
F0.201
F0.216
tp88
a(F0.22088888888888888
F0.208
F0.223
tp89
a(F0.22555555555555556
F0.217
F0.234
tp90
a(F0.2321111111111111
F0.225
F0.241
tp91
a(F0.23944444444444443
F0.228
F0.249
tp92
a(F0.24733333333333332
F0.238
F0.261
tp93
a(F0.25722222222222224
F0.247
F0.272
tp94
a(F0.2682222222222222
F0.262
F0.285
tp95
a(F0.28055555555555556
F0.276
F0.293
tp96
a(F0.29055555555555557
F0.289
F0.305
tp97
a(F0.3016666666666667
F0.297
F0.311
tp98
a(F0.3101111111111111
F0.301
F0.326
tp99
a(F0.3194444444444444
F0.311
F0.33
tp100
a(F0.32911111111111113
F0.318
F0.345
tp101
a.