(lp0
(F0.10177777777777777
F0.114
F0.104
tp1
a(F0.17844444444444443
F0.187
F0.192
tp2
a(F0.21255555555555555
F0.194
F0.212
tp3
a(F0.5178888888888888
F0.47
F0.553
tp4
a(F0.6927777777777778
F0.655
F0.729
tp5
a(F0.7843333333333333
F0.751
F0.815
tp6
a(F0.8291111111111111
F0.812
F0.862
tp7
a(F0.8515555555555555
F0.841
F0.891
tp8
a(F0.8648888888888889
F0.853
F0.899
tp9
a(F0.8755555555555555
F0.86
F0.9
tp10
a(F0.882
F0.866
F0.91
tp11
a(F0.8875555555555555
F0.87
F0.911
tp12
a(F0.8916666666666667
F0.873
F0.909
tp13
a(F0.8942222222222223
F0.875
F0.914
tp14
a(F0.8966666666666666
F0.877
F0.919
tp15
a(F0.8998888888888888
F0.878
F0.921
tp16
a(F0.9023333333333333
F0.879
F0.921
tp17
a(F0.9043333333333333
F0.879
F0.926
tp18
a(F0.9053333333333333
F0.884
F0.925
tp19
a(F0.9074444444444445
F0.884
F0.927
tp20
a(F0.9091111111111111
F0.886
F0.931
tp21
a(F0.9104444444444444
F0.887
F0.933
tp22
a(F0.911
F0.89
F0.933
tp23
a(F0.912
F0.892
F0.933
tp24
a(F0.9126666666666666
F0.892
F0.936
tp25
a(F0.9132222222222223
F0.892
F0.934
tp26
a(F0.9144444444444444
F0.892
F0.934
tp27
a(F0.9151111111111111
F0.895
F0.934
tp28
a(F0.9153333333333333
F0.896
F0.934
tp29
a(F0.9158888888888889
F0.894
F0.935
tp30
a(F0.9176666666666666
F0.895
F0.935
tp31
a(F0.9182222222222223
F0.896
F0.936
tp32
a(F0.9188888888888889
F0.896
F0.935
tp33
a(F0.9196666666666666
F0.896
F0.935
tp34
a(F0.9205555555555556
F0.897
F0.935
tp35
a(F0.9207777777777778
F0.897
F0.935
tp36
a(F0.9212222222222223
F0.897
F0.935
tp37
a(F0.9216666666666666
F0.897
F0.934
tp38
a(F0.9223333333333333
F0.897
F0.934
tp39
a(F0.9227777777777778
F0.897
F0.935
tp40
a(F0.9234444444444444
F0.898
F0.936
tp41
a(F0.9241111111111111
F0.898
F0.937
tp42
a(F0.9246666666666666
F0.899
F0.937
tp43
a(F0.9247777777777778
F0.9
F0.938
tp44
a(F0.9255555555555556
F0.901
F0.938
tp45
a(F0.926
F0.901
F0.938
tp46
a(F0.926
F0.903
F0.939
tp47
a(F0.9266666666666666
F0.903
F0.939
tp48
a(F0.927
F0.904
F0.939
tp49
a(F0.9278888888888889
F0.905
F0.939
tp50
a(F0.9283333333333333
F0.905
F0.939
tp51
a(F0.929
F0.906
F0.939
tp52
a(F0.9291111111111111
F0.906
F0.939
tp53
a(F0.9294444444444444
F0.905
F0.939
tp54
a(F0.9295555555555556
F0.905
F0.939
tp55
a(F0.9304444444444444
F0.905
F0.939
tp56
a(F0.9311111111111111
F0.905
F0.939
tp57
a(F0.9314444444444444
F0.906
F0.939
tp58
a(F0.9318888888888889
F0.905
F0.94
tp59
a(F0.9321111111111111
F0.905
F0.94
tp60
a(F0.9325555555555556
F0.904
F0.94
tp61
a(F0.9326666666666666
F0.904
F0.94
tp62
a(F0.9327777777777778
F0.905
F0.94
tp63
a(F0.9328888888888889
F0.905
F0.94
tp64
a(F0.9333333333333333
F0.905
F0.941
tp65
a(F0.9334444444444444
F0.904
F0.941
tp66
a(F0.9338888888888889
F0.905
F0.941
tp67
a(F0.9345555555555556
F0.906
F0.942
tp68
a(F0.935
F0.906
F0.942
tp69
a(F0.9352222222222222
F0.905
F0.944
tp70
a(F0.9354444444444444
F0.905
F0.944
tp71
a(F0.9358888888888889
F0.903
F0.944
tp72
a(F0.9364444444444444
F0.903
F0.943
tp73
a(F0.937
F0.903
F0.943
tp74
a(F0.9375555555555556
F0.904
F0.943
tp75
a(F0.9376666666666666
F0.904
F0.942
tp76
a(F0.9381111111111111
F0.904
F0.942
tp77
a(F0.9385555555555556
F0.904
F0.941
tp78
a(F0.9387777777777778
F0.905
F0.941
tp79
a(F0.9391111111111111
F0.905
F0.941
tp80
a(F0.9395555555555556
F0.905
F0.941
tp81
a(F0.9403333333333334
F0.905
F0.941
tp82
a(F0.9403333333333334
F0.905
F0.941
tp83
a(F0.9407777777777778
F0.905
F0.941
tp84
a(F0.9411111111111111
F0.904
F0.94
tp85
a(F0.9413333333333334
F0.904
F0.94
tp86
a(F0.9411111111111111
F0.904
F0.939
tp87
a(F0.9415555555555556
F0.904
F0.939
tp88
a(F0.9414444444444444
F0.904
F0.938
tp89
a(F0.9414444444444444
F0.906
F0.938
tp90
a(F0.9414444444444444
F0.906
F0.938
tp91
a(F0.9415555555555556
F0.907
F0.938
tp92
a(F0.9415555555555556
F0.907
F0.938
tp93
a(F0.9418888888888889
F0.907
F0.938
tp94
a(F0.9421111111111111
F0.907
F0.938
tp95
a(F0.9422222222222222
F0.907
F0.938
tp96
a(F0.9423333333333334
F0.906
F0.938
tp97
a(F0.9424444444444444
F0.906
F0.938
tp98
a(F0.9424444444444444
F0.906
F0.938
tp99
a(F0.9426666666666667
F0.906
F0.938
tp100
a(F0.9427777777777778
F0.906
F0.938
tp101
a.