(lp0
(F0.09577777777777778
F0.072
F0.104
tp1
a(F0.275
F0.272
F0.289
tp2
a(F0.7391111111111112
F0.703
F0.774
tp3
a(F0.8473333333333334
F0.823
F0.891
tp4
a(F0.8752222222222222
F0.859
F0.908
tp5
a(F0.8854444444444445
F0.867
F0.916
tp6
a(F0.894
F0.875
F0.918
tp7
a(F0.8993333333333333
F0.875
F0.923
tp8
a(F0.9036666666666666
F0.877
F0.925
tp9
a(F0.9072222222222223
F0.884
F0.926
tp10
a(F0.9116666666666666
F0.89
F0.93
tp11
a(F0.915
F0.893
F0.932
tp12
a(F0.9172222222222223
F0.895
F0.934
tp13
a(F0.9201111111111111
F0.9
F0.936
tp14
a(F0.9226666666666666
F0.902
F0.937
tp15
a(F0.9254444444444444
F0.903
F0.937
tp16
a(F0.9267777777777778
F0.907
F0.938
tp17
a(F0.929
F0.909
F0.939
tp18
a(F0.9305555555555556
F0.912
F0.937
tp19
a(F0.9322222222222222
F0.913
F0.939
tp20
a(F0.9344444444444444
F0.914
F0.94
tp21
a(F0.9372222222222222
F0.913
F0.942
tp22
a(F0.9384444444444444
F0.915
F0.942
tp23
a(F0.9394444444444444
F0.914
F0.945
tp24
a(F0.9406666666666667
F0.916
F0.945
tp25
a(F0.9414444444444444
F0.916
F0.944
tp26
a(F0.9425555555555556
F0.915
F0.944
tp27
a(F0.9433333333333334
F0.915
F0.945
tp28
a(F0.9445555555555556
F0.919
F0.945
tp29
a(F0.9455555555555556
F0.92
F0.945
tp30
a(F0.9464444444444444
F0.922
F0.946
tp31
a(F0.9468888888888889
F0.922
F0.947
tp32
a(F0.9477777777777778
F0.923
F0.947
tp33
a(F0.9485555555555556
F0.923
F0.948
tp34
a(F0.9493333333333334
F0.924
F0.949
tp35
a(F0.9498888888888889
F0.924
F0.949
tp36
a(F0.9506666666666667
F0.925
F0.95
tp37
a(F0.9507777777777778
F0.926
F0.951
tp38
a(F0.9514444444444444
F0.927
F0.952
tp39
a(F0.9521111111111111
F0.927
F0.953
tp40
a(F0.9528888888888889
F0.927
F0.955
tp41
a(F0.954
F0.927
F0.956
tp42
a(F0.9543333333333334
F0.928
F0.956
tp43
a(F0.9544444444444444
F0.928
F0.956
tp44
a(F0.955
F0.929
F0.957
tp45
a(F0.9557777777777777
F0.929
F0.957
tp46
a(F0.9557777777777777
F0.929
F0.957
tp47
a(F0.9563333333333334
F0.929
F0.956
tp48
a(F0.9567777777777777
F0.929
F0.957
tp49
a(F0.957
F0.929
F0.957
tp50
a(F0.9574444444444444
F0.93
F0.957
tp51
a(F0.9581111111111111
F0.931
F0.957
tp52
a(F0.9592222222222222
F0.929
F0.957
tp53
a(F0.9593333333333334
F0.93
F0.957
tp54
a(F0.9594444444444444
F0.93
F0.959
tp55
a(F0.96
F0.93
F0.959
tp56
a(F0.9602222222222222
F0.932
F0.959
tp57
a(F0.9603333333333334
F0.932
F0.957
tp58
a(F0.9606666666666667
F0.932
F0.957
tp59
a(F0.961
F0.932
F0.958
tp60
a(F0.9614444444444444
F0.932
F0.957
tp61
a(F0.9615555555555556
F0.932
F0.956
tp62
a(F0.9617777777777777
F0.932
F0.957
tp63
a(F0.9623333333333334
F0.933
F0.958
tp64
a(F0.9627777777777777
F0.934
F0.958
tp65
a(F0.9628888888888889
F0.935
F0.958
tp66
a(F0.9628888888888889
F0.935
F0.958
tp67
a(F0.9632222222222222
F0.935
F0.958
tp68
a(F0.9633333333333334
F0.935
F0.958
tp69
a(F0.9634444444444444
F0.937
F0.958
tp70
a(F0.9635555555555556
F0.936
F0.958
tp71
a(F0.964
F0.936
F0.958
tp72
a(F0.9641111111111111
F0.937
F0.958
tp73
a(F0.9643333333333334
F0.936
F0.958
tp74
a(F0.9643333333333334
F0.936
F0.958
tp75
a(F0.9646666666666667
F0.936
F0.958
tp76
a(F0.965
F0.937
F0.959
tp77
a(F0.9655555555555555
F0.937
F0.958
tp78
a(F0.9655555555555555
F0.936
F0.958
tp79
a(F0.9658888888888889
F0.936
F0.959
tp80
a(F0.9662222222222222
F0.937
F0.959
tp81
a(F0.9664444444444444
F0.937
F0.959
tp82
a(F0.9665555555555555
F0.937
F0.959
tp83
a(F0.9667777777777777
F0.936
F0.959
tp84
a(F0.967
F0.937
F0.959
tp85
a(F0.967
F0.937
F0.958
tp86
a(F0.9673333333333334
F0.937
F0.958
tp87
a(F0.9677777777777777
F0.936
F0.958
tp88
a(F0.9678888888888889
F0.936
F0.958
tp89
a(F0.9684444444444444
F0.935
F0.958
tp90
a(F0.9685555555555555
F0.935
F0.959
tp91
a(F0.9686666666666667
F0.935
F0.959
tp92
a(F0.9687777777777777
F0.936
F0.958
tp93
a(F0.9687777777777777
F0.936
F0.958
tp94
a(F0.9688888888888889
F0.936
F0.958
tp95
a(F0.9692222222222222
F0.936
F0.958
tp96
a(F0.9692222222222222
F0.936
F0.958
tp97
a(F0.9694444444444444
F0.936
F0.958
tp98
a(F0.9697777777777777
F0.936
F0.958
tp99
a(F0.9697777777777777
F0.935
F0.958
tp100
a(F0.97
F0.935
F0.958
tp101
a.