(lp0
(F0.10177777777777777
F0.097
F0.111
tp1
a(F0.8655555555555555
F0.847
F0.9
tp2
a(F0.8854444444444445
F0.87
F0.918
tp3
a(F0.8976666666666666
F0.882
F0.922
tp4
a(F0.9032222222222223
F0.889
F0.924
tp5
a(F0.9088888888888889
F0.89
F0.938
tp6
a(F0.9141111111111111
F0.889
F0.934
tp7
a(F0.9178888888888889
F0.89
F0.934
tp8
a(F0.9196666666666666
F0.897
F0.933
tp9
a(F0.9207777777777778
F0.898
F0.933
tp10
a(F0.922
F0.897
F0.929
tp11
a(F0.9233333333333333
F0.896
F0.93
tp12
a(F0.9241111111111111
F0.898
F0.93
tp13
a(F0.9261111111111111
F0.902
F0.93
tp14
a(F0.9271111111111111
F0.904
F0.931
tp15
a(F0.9277777777777778
F0.903
F0.929
tp16
a(F0.9262222222222222
F0.899
F0.931
tp17
a(F0.9255555555555556
F0.897
F0.93
tp18
a(F0.9248888888888889
F0.896
F0.926
tp19
a(F0.9237777777777778
F0.895
F0.926
tp20
a(F0.9213333333333333
F0.892
F0.928
tp21
a(F0.9174444444444444
F0.881
F0.921
tp22
a(F0.9208888888888889
F0.886
F0.925
tp23
a(F0.9253333333333333
F0.891
F0.926
tp24
a(F0.9275555555555556
F0.897
F0.928
tp25
a(F0.9285555555555556
F0.893
F0.929
tp26
a(F0.9303333333333333
F0.899
F0.93
tp27
a(F0.9297777777777778
F0.898
F0.93
tp28
a(F0.9301111111111111
F0.9
F0.929
tp29
a(F0.9306666666666666
F0.899
F0.93
tp30
a(F0.9311111111111111
F0.898
F0.93
tp31
a(F0.9328888888888889
F0.896
F0.93
tp32
a(F0.9331111111111111
F0.893
F0.93
tp33
a(F0.9354444444444444
F0.896
F0.93
tp34
a(F0.9357777777777778
F0.9
F0.931
tp35
a(F0.9343333333333333
F0.891
F0.932
tp36
a(F0.9342222222222222
F0.893
F0.931
tp37
a(F0.9345555555555556
F0.899
F0.931
tp38
a(F0.9361111111111111
F0.896
F0.928
tp39
a(F0.9381111111111111
F0.898
F0.93
tp40
a(F0.9381111111111111
F0.894
F0.931
tp41
a(F0.9352222222222222
F0.893
F0.927
tp42
a(F0.939
F0.894
F0.932
tp43
a(F0.9405555555555556
F0.897
F0.938
tp44
a(F0.9381111111111111
F0.897
F0.932
tp45
a(F0.9345555555555556
F0.898
F0.927
tp46
a(F0.9336666666666666
F0.896
F0.925
tp47
a(F0.9322222222222222
F0.895
F0.927
tp48
a(F0.9377777777777778
F0.9
F0.932
tp49
a(F0.9342222222222222
F0.896
F0.931
tp50
a(F0.9324444444444444
F0.894
F0.93
tp51
a(F0.9368888888888889
F0.896
F0.933
tp52
a(F0.9355555555555556
F0.904
F0.93
tp53
a(F0.9378888888888889
F0.902
F0.933
tp54
a(F0.9381111111111111
F0.902
F0.934
tp55
a(F0.9411111111111111
F0.896
F0.932
tp56
a(F0.9393333333333334
F0.901
F0.93
tp57
a(F0.9388888888888889
F0.907
F0.932
tp58
a(F0.9382222222222222
F0.905
F0.933
tp59
a(F0.9406666666666667
F0.901
F0.928
tp60
a(F0.9382222222222222
F0.9
F0.929
tp61
a(F0.9404444444444444
F0.899
F0.928
tp62
a(F0.9404444444444444
F0.899
F0.928
tp63
a(F0.9431111111111111
F0.901
F0.93
tp64
a(F0.9398888888888889
F0.899
F0.93
tp65
a(F0.9401111111111111
F0.906
F0.932
tp66
a(F0.9425555555555556
F0.902
F0.926
tp67
a(F0.9403333333333334
F0.899
F0.927
tp68
a(F0.9433333333333334
F0.899
F0.928
tp69
a(F0.9426666666666667
F0.9
F0.929
tp70
a(F0.9396666666666667
F0.907
F0.928
tp71
a(F0.9392222222222222
F0.903
F0.931
tp72
a(F0.9412222222222222
F0.9
F0.924
tp73
a(F0.9397777777777778
F0.906
F0.929
tp74
a(F0.9404444444444444
F0.901
F0.928
tp75
a(F0.9411111111111111
F0.905
F0.925
tp76
a(F0.9396666666666667
F0.904
F0.931
tp77
a(F0.9395555555555556
F0.9
F0.925
tp78
a(F0.9381111111111111
F0.9
F0.923
tp79
a(F0.9383333333333334
F0.897
F0.924
tp80
a(F0.9416666666666667
F0.898
F0.924
tp81
a(F0.938
F0.904
F0.926
tp82
a(F0.9416666666666667
F0.9
F0.924
tp83
a(F0.9383333333333334
F0.902
F0.926
tp84
a(F0.9415555555555556
F0.899
F0.922
tp85
a(F0.9437777777777778
F0.9
F0.921
tp86
a(F0.9416666666666667
F0.904
F0.925
tp87
a(F0.9394444444444444
F0.9
F0.922
tp88
a(F0.9428888888888889
F0.893
F0.919
tp89
a(F0.9381111111111111
F0.899
F0.927
tp90
a(F0.942
F0.896
F0.923
tp91
a(F0.9416666666666667
F0.901
F0.924
tp92
a(F0.9392222222222222
F0.906
F0.93
tp93
a(F0.9443333333333334
F0.9
F0.923
tp94
a(F0.9442222222222222
F0.901
F0.923
tp95
a(F0.9454444444444444
F0.901
F0.924
tp96
a(F0.9417777777777778
F0.909
F0.926
tp97
a(F0.9408888888888889
F0.903
F0.927
tp98
a(F0.9436666666666667
F0.903
F0.925
tp99
a(F0.9414444444444444
F0.896
F0.921
tp100
a(F0.9433333333333334
F0.901
F0.925
tp101
a.