(lp0
(F0.09577777777777778
F0.072
F0.104
tp1
a(F0.11444444444444445
F0.09
F0.117
tp2
a(F0.11444444444444445
F0.09
F0.117
tp3
a(F0.11444444444444445
F0.09
F0.117
tp4
a(F0.12455555555555556
F0.102
F0.14
tp5
a(F0.20044444444444445
F0.187
F0.208
tp6
a(F0.21055555555555555
F0.193
F0.212
tp7
a(F0.2117777777777778
F0.195
F0.212
tp8
a(F0.21244444444444444
F0.195
F0.212
tp9
a(F0.21244444444444444
F0.195
F0.212
tp10
a(F0.2131111111111111
F0.197
F0.214
tp11
a(F0.27211111111111114
F0.273
F0.287
tp12
a(F0.3473333333333333
F0.332
F0.375
tp13
a(F0.4043333333333333
F0.396
F0.441
tp14
a(F0.5107777777777778
F0.475
F0.546
tp15
a(F0.5885555555555556
F0.542
F0.624
tp16
a(F0.628
F0.582
F0.669
tp17
a(F0.6562222222222223
F0.627
F0.708
tp18
a(F0.6845555555555556
F0.643
F0.727
tp19
a(F0.7135555555555556
F0.668
F0.753
tp20
a(F0.7374444444444445
F0.703
F0.77
tp21
a(F0.7587777777777778
F0.726
F0.793
tp22
a(F0.7786666666666666
F0.749
F0.823
tp23
a(F0.7938888888888889
F0.762
F0.846
tp24
a(F0.8064444444444444
F0.781
F0.863
tp25
a(F0.8164444444444444
F0.799
F0.869
tp26
a(F0.8251111111111111
F0.805
F0.874
tp27
a(F0.83
F0.818
F0.877
tp28
a(F0.8351111111111111
F0.822
F0.88
tp29
a(F0.8412222222222222
F0.83
F0.883
tp30
a(F0.8475555555555555
F0.837
F0.888
tp31
a(F0.8523333333333334
F0.84
F0.893
tp32
a(F0.8556666666666667
F0.844
F0.893
tp33
a(F0.8595555555555555
F0.846
F0.896
tp34
a(F0.8623333333333333
F0.852
F0.901
tp35
a(F0.8648888888888889
F0.854
F0.903
tp36
a(F0.867
F0.856
F0.906
tp37
a(F0.8687777777777778
F0.862
F0.907
tp38
a(F0.8715555555555555
F0.864
F0.908
tp39
a(F0.873
F0.863
F0.91
tp40
a(F0.8752222222222222
F0.864
F0.91
tp41
a(F0.8768888888888889
F0.864
F0.91
tp42
a(F0.8785555555555555
F0.866
F0.909
tp43
a(F0.8801111111111111
F0.865
F0.91
tp44
a(F0.8813333333333333
F0.862
F0.912
tp45
a(F0.8821111111111111
F0.864
F0.916
tp46
a(F0.8828888888888888
F0.865
F0.915
tp47
a(F0.8846666666666667
F0.868
F0.916
tp48
a(F0.8857777777777778
F0.868
F0.917
tp49
a(F0.8868888888888888
F0.867
F0.916
tp50
a(F0.8878888888888888
F0.866
F0.917
tp51
a(F0.8888888888888888
F0.868
F0.919
tp52
a(F0.8895555555555555
F0.87
F0.919
tp53
a(F0.8897777777777778
F0.87
F0.918
tp54
a(F0.8904444444444445
F0.87
F0.916
tp55
a(F0.8911111111111111
F0.871
F0.917
tp56
a(F0.8924444444444445
F0.871
F0.918
tp57
a(F0.8926666666666667
F0.872
F0.919
tp58
a(F0.8927777777777778
F0.873
F0.921
tp59
a(F0.8932222222222223
F0.872
F0.921
tp60
a(F0.8937777777777778
F0.873
F0.921
tp61
a(F0.8952222222222223
F0.873
F0.921
tp62
a(F0.8957777777777778
F0.874
F0.921
tp63
a(F0.8964444444444445
F0.875
F0.921
tp64
a(F0.8973333333333333
F0.875
F0.921
tp65
a(F0.8977777777777778
F0.875
F0.921
tp66
a(F0.8982222222222223
F0.878
F0.921
tp67
a(F0.899
F0.877
F0.921
tp68
a(F0.9
F0.878
F0.92
tp69
a(F0.9004444444444445
F0.879
F0.921
tp70
a(F0.9006666666666666
F0.879
F0.923
tp71
a(F0.9008888888888889
F0.88
F0.923
tp72
a(F0.9013333333333333
F0.881
F0.922
tp73
a(F0.9017777777777778
F0.881
F0.923
tp74
a(F0.9024444444444445
F0.881
F0.923
tp75
a(F0.9025555555555556
F0.882
F0.923
tp76
a(F0.9034444444444445
F0.882
F0.923
tp77
a(F0.9038888888888889
F0.882
F0.923
tp78
a(F0.9041111111111111
F0.882
F0.922
tp79
a(F0.9046666666666666
F0.882
F0.924
tp80
a(F0.9052222222222223
F0.882
F0.924
tp81
a(F0.9058888888888889
F0.882
F0.925
tp82
a(F0.9063333333333333
F0.882
F0.925
tp83
a(F0.9072222222222223
F0.882
F0.924
tp84
a(F0.9074444444444445
F0.882
F0.924
tp85
a(F0.9078888888888889
F0.883
F0.925
tp86
a(F0.9081111111111111
F0.885
F0.925
tp87
a(F0.9083333333333333
F0.886
F0.926
tp88
a(F0.9086666666666666
F0.886
F0.925
tp89
a(F0.9087777777777778
F0.887
F0.927
tp90
a(F0.9094444444444445
F0.887
F0.927
tp91
a(F0.9096666666666666
F0.886
F0.928
tp92
a(F0.91
F0.886
F0.928
tp93
a(F0.9106666666666666
F0.886
F0.928
tp94
a(F0.9108888888888889
F0.886
F0.928
tp95
a(F0.9113333333333333
F0.887
F0.928
tp96
a(F0.9121111111111111
F0.887
F0.929
tp97
a(F0.9126666666666666
F0.887
F0.93
tp98
a(F0.9128888888888889
F0.887
F0.93
tp99
a(F0.9135555555555556
F0.887
F0.93
tp100
a(F0.9144444444444444
F0.887
F0.93
tp101
a.