(lp0
(F0.10177777777777777
F0.114
F0.104
tp1
a(F0.8822222222222222
F0.863
F0.911
tp2
a(F0.9061111111111111
F0.892
F0.925
tp3
a(F0.9187777777777778
F0.899
F0.934
tp4
a(F0.9222222222222223
F0.909
F0.937
tp5
a(F0.9253333333333333
F0.906
F0.93
tp6
a(F0.9298888888888889
F0.904
F0.94
tp7
a(F0.9386666666666666
F0.915
F0.943
tp8
a(F0.9435555555555556
F0.925
F0.95
tp9
a(F0.9336666666666666
F0.896
F0.936
tp10
a(F0.9432222222222222
F0.916
F0.948
tp11
a(F0.943
F0.924
F0.95
tp12
a(F0.9461111111111111
F0.923
F0.944
tp13
a(F0.9381111111111111
F0.915
F0.938
tp14
a(F0.9362222222222222
F0.905
F0.944
tp15
a(F0.9393333333333334
F0.903
F0.929
tp16
a(F0.9468888888888889
F0.907
F0.946
tp17
a(F0.944
F0.911
F0.945
tp18
a(F0.9525555555555556
F0.919
F0.949
tp19
a(F0.9465555555555556
F0.913
F0.937
tp20
a(F0.9495555555555556
F0.925
F0.935
tp21
a(F0.9541111111111111
F0.917
F0.949
tp22
a(F0.9526666666666667
F0.911
F0.948
tp23
a(F0.9497777777777778
F0.92
F0.945
tp24
a(F0.9557777777777777
F0.914
F0.948
tp25
a(F0.9536666666666667
F0.923
F0.956
tp26
a(F0.9563333333333334
F0.915
F0.951
tp27
a(F0.9605555555555556
F0.918
F0.948
tp28
a(F0.9567777777777777
F0.909
F0.938
tp29
a(F0.9595555555555556
F0.919
F0.95
tp30
a(F0.9503333333333334
F0.915
F0.95
tp31
a(F0.9581111111111111
F0.925
F0.95
tp32
a(F0.9592222222222222
F0.925
F0.953
tp33
a(F0.9536666666666667
F0.915
F0.945
tp34
a(F0.959
F0.924
F0.945
tp35
a(F0.9546666666666667
F0.906
F0.952
tp36
a(F0.9556666666666667
F0.911
F0.943
tp37
a(F0.9568888888888889
F0.918
F0.951
tp38
a(F0.9577777777777777
F0.923
F0.949
tp39
a(F0.9543333333333334
F0.917
F0.937
tp40
a(F0.9578888888888889
F0.925
F0.944
tp41
a(F0.9623333333333334
F0.924
F0.95
tp42
a(F0.9628888888888889
F0.922
F0.952
tp43
a(F0.9605555555555556
F0.916
F0.949
tp44
a(F0.9603333333333334
F0.918
F0.948
tp45
a(F0.9636666666666667
F0.922
F0.948
tp46
a(F0.9621111111111111
F0.914
F0.947
tp47
a(F0.9624444444444444
F0.923
F0.948
tp48
a(F0.9602222222222222
F0.916
F0.946
tp49
a(F0.9644444444444444
F0.926
F0.953
tp50
a(F0.9636666666666667
F0.918
F0.953
tp51
a(F0.9614444444444444
F0.924
F0.948
tp52
a(F0.9637777777777777
F0.925
F0.951
tp53
a(F0.9586666666666667
F0.917
F0.942
tp54
a(F0.9593333333333334
F0.912
F0.958
tp55
a(F0.9608888888888889
F0.912
F0.951
tp56
a(F0.9593333333333334
F0.916
F0.953
tp57
a(F0.9602222222222222
F0.924
F0.955
tp58
a(F0.9652222222222222
F0.922
F0.951
tp59
a(F0.9645555555555556
F0.918
F0.94
tp60
a(F0.9602222222222222
F0.918
F0.947
tp61
a(F0.9651111111111111
F0.922
F0.949
tp62
a(F0.9653333333333334
F0.924
F0.954
tp63
a(F0.965
F0.923
F0.947
tp64
a(F0.9661111111111111
F0.92
F0.942
tp65
a(F0.9678888888888889
F0.919
F0.95
tp66
a(F0.9685555555555555
F0.921
F0.957
tp67
a(F0.9675555555555555
F0.92
F0.951
tp68
a(F0.9685555555555555
F0.925
F0.952
tp69
a(F0.9662222222222222
F0.926
F0.945
tp70
a(F0.967
F0.914
F0.952
tp71
a(F0.9615555555555556
F0.923
F0.946
tp72
a(F0.9603333333333334
F0.917
F0.948
tp73
a(F0.9648888888888889
F0.921
F0.941
tp74
a(F0.9697777777777777
F0.921
F0.953
tp75
a(F0.968
F0.92
F0.951
tp76
a(F0.9671111111111111
F0.922
F0.948
tp77
a(F0.9693333333333334
F0.92
F0.946
tp78
a(F0.9678888888888889
F0.924
F0.95
tp79
a(F0.9673333333333334
F0.917
F0.943
tp80
a(F0.9667777777777777
F0.912
F0.941
tp81
a(F0.962
F0.914
F0.941
tp82
a(F0.9694444444444444
F0.911
F0.949
tp83
a(F0.9696666666666667
F0.918
F0.944
tp84
a(F0.9697777777777777
F0.925
F0.935
tp85
a(F0.97
F0.914
F0.951
tp86
a(F0.9715555555555555
F0.924
F0.953
tp87
a(F0.971
F0.918
F0.948
tp88
a(F0.9735555555555555
F0.924
F0.952
tp89
a(F0.9673333333333334
F0.921
F0.943
tp90
a(F0.9705555555555555
F0.92
F0.949
tp91
a(F0.9708888888888889
F0.919
F0.947
tp92
a(F0.9707777777777777
F0.925
F0.946
tp93
a(F0.965
F0.921
F0.948
tp94
a(F0.962
F0.917
F0.943
tp95
a(F0.9713333333333334
F0.926
F0.945
tp96
a(F0.9706666666666667
F0.916
F0.949
tp97
a(F0.9717777777777777
F0.923
F0.947
tp98
a(F0.9698888888888889
F0.916
F0.952
tp99
a(F0.9673333333333334
F0.916
F0.943
tp100
a(F0.973
F0.925
F0.946
tp101
a.