(lp0
(F0.12022222222222222
F0.114
F0.122
tp1
a(F0.8453333333333334
F0.826
F0.885
tp2
a(F0.8575555555555555
F0.838
F0.9
tp3
a(F0.8634444444444445
F0.851
F0.907
tp4
a(F0.8676666666666667
F0.853
F0.908
tp5
a(F0.8715555555555555
F0.854
F0.909
tp6
a(F0.874
F0.857
F0.909
tp7
a(F0.8751111111111111
F0.86
F0.91
tp8
a(F0.8765555555555555
F0.862
F0.911
tp9
a(F0.8776666666666667
F0.865
F0.911
tp10
a(F0.8797777777777778
F0.866
F0.913
tp11
a(F0.8808888888888889
F0.866
F0.913
tp12
a(F0.8822222222222222
F0.866
F0.914
tp13
a(F0.883
F0.866
F0.915
tp14
a(F0.8833333333333333
F0.866
F0.914
tp15
a(F0.8838888888888888
F0.866
F0.913
tp16
a(F0.8848888888888888
F0.867
F0.912
tp17
a(F0.886
F0.867
F0.913
tp18
a(F0.8867777777777778
F0.867
F0.914
tp19
a(F0.8874444444444445
F0.866
F0.915
tp20
a(F0.8875555555555555
F0.867
F0.915
tp21
a(F0.888
F0.867
F0.916
tp22
a(F0.8881111111111111
F0.867
F0.916
tp23
a(F0.8884444444444445
F0.867
F0.917
tp24
a(F0.889
F0.868
F0.917
tp25
a(F0.8893333333333333
F0.869
F0.917
tp26
a(F0.8895555555555555
F0.869
F0.917
tp27
a(F0.8902222222222222
F0.869
F0.917
tp28
a(F0.8903333333333333
F0.869
F0.917
tp29
a(F0.8906666666666667
F0.869
F0.917
tp30
a(F0.8906666666666667
F0.869
F0.917
tp31
a(F0.8908888888888888
F0.869
F0.917
tp32
a(F0.8907777777777778
F0.869
F0.917
tp33
a(F0.891
F0.869
F0.917
tp34
a(F0.8913333333333333
F0.868
F0.915
tp35
a(F0.8912222222222222
F0.868
F0.916
tp36
a(F0.8914444444444445
F0.868
F0.917
tp37
a(F0.8918888888888888
F0.868
F0.917
tp38
a(F0.8922222222222222
F0.868
F0.917
tp39
a(F0.8928888888888888
F0.868
F0.917
tp40
a(F0.893
F0.868
F0.917
tp41
a(F0.8928888888888888
F0.868
F0.918
tp42
a(F0.8931111111111111
F0.869
F0.917
tp43
a(F0.8931111111111111
F0.869
F0.917
tp44
a(F0.8935555555555555
F0.869
F0.917
tp45
a(F0.8936666666666667
F0.869
F0.917
tp46
a(F0.8936666666666667
F0.869
F0.917
tp47
a(F0.8938888888888888
F0.869
F0.917
tp48
a(F0.894
F0.871
F0.917
tp49
a(F0.8938888888888888
F0.871
F0.919
tp50
a(F0.8942222222222223
F0.871
F0.919
tp51
a(F0.8942222222222223
F0.872
F0.919
tp52
a(F0.8943333333333333
F0.872
F0.919
tp53
a(F0.8945555555555555
F0.872
F0.919
tp54
a(F0.8948888888888888
F0.872
F0.919
tp55
a(F0.895
F0.871
F0.918
tp56
a(F0.8951111111111111
F0.871
F0.918
tp57
a(F0.8952222222222223
F0.871
F0.918
tp58
a(F0.8951111111111111
F0.871
F0.919
tp59
a(F0.8951111111111111
F0.871
F0.919
tp60
a(F0.8952222222222223
F0.871
F0.919
tp61
a(F0.895
F0.871
F0.92
tp62
a(F0.8951111111111111
F0.871
F0.92
tp63
a(F0.8951111111111111
F0.871
F0.92
tp64
a(F0.8952222222222223
F0.871
F0.92
tp65
a(F0.8953333333333333
F0.871
F0.92
tp66
a(F0.8956666666666667
F0.871
F0.92
tp67
a(F0.8958888888888888
F0.871
F0.92
tp68
a(F0.8957777777777778
F0.872
F0.92
tp69
a(F0.896
F0.872
F0.92
tp70
a(F0.8961111111111111
F0.873
F0.919
tp71
a(F0.8962222222222223
F0.873
F0.919
tp72
a(F0.8961111111111111
F0.873
F0.919
tp73
a(F0.8965555555555556
F0.873
F0.918
tp74
a(F0.8966666666666666
F0.873
F0.918
tp75
a(F0.8967777777777778
F0.873
F0.918
tp76
a(F0.8968888888888888
F0.873
F0.918
tp77
a(F0.897
F0.873
F0.917
tp78
a(F0.8971111111111111
F0.873
F0.917
tp79
a(F0.8973333333333333
F0.874
F0.917
tp80
a(F0.8974444444444445
F0.874
F0.917
tp81
a(F0.8975555555555556
F0.874
F0.917
tp82
a(F0.8975555555555556
F0.875
F0.917
tp83
a(F0.8976666666666666
F0.875
F0.917
tp84
a(F0.8977777777777778
F0.875
F0.916
tp85
a(F0.8978888888888888
F0.875
F0.916
tp86
a(F0.898
F0.875
F0.916
tp87
a(F0.8981111111111111
F0.875
F0.916
tp88
a(F0.8981111111111111
F0.875
F0.916
tp89
a(F0.8983333333333333
F0.875
F0.916
tp90
a(F0.8984444444444445
F0.875
F0.916
tp91
a(F0.8984444444444445
F0.875
F0.916
tp92
a(F0.8985555555555556
F0.875
F0.916
tp93
a(F0.8985555555555556
F0.876
F0.916
tp94
a(F0.8985555555555556
F0.876
F0.916
tp95
a(F0.8987777777777778
F0.876
F0.916
tp96
a(F0.8987777777777778
F0.876
F0.916
tp97
a(F0.8987777777777778
F0.876
F0.916
tp98
a(F0.899
F0.876
F0.915
tp99
a(F0.899
F0.876
F0.915
tp100
a(F0.899
F0.876
F0.915
tp101
a.