(lp0
(F0.09955555555555555
F0.099
F0.086
tp1
a(F0.32522222222222225
F0.309
F0.346
tp2
a(F0.8007777777777778
F0.769
F0.844
tp3
a(F0.864
F0.844
F0.9
tp4
a(F0.8854444444444445
F0.863
F0.913
tp5
a(F0.8958888888888888
F0.871
F0.916
tp6
a(F0.9018888888888889
F0.879
F0.919
tp7
a(F0.9054444444444445
F0.884
F0.921
tp8
a(F0.909
F0.887
F0.922
tp9
a(F0.9118888888888889
F0.888
F0.926
tp10
a(F0.9137777777777778
F0.888
F0.925
tp11
a(F0.915
F0.888
F0.926
tp12
a(F0.9173333333333333
F0.89
F0.926
tp13
a(F0.9194444444444444
F0.892
F0.926
tp14
a(F0.921
F0.893
F0.925
tp15
a(F0.922
F0.893
F0.927
tp16
a(F0.9231111111111111
F0.895
F0.928
tp17
a(F0.9246666666666666
F0.894
F0.928
tp18
a(F0.9252222222222222
F0.895
F0.93
tp19
a(F0.926
F0.895
F0.93
tp20
a(F0.9272222222222222
F0.894
F0.93
tp21
a(F0.9282222222222222
F0.894
F0.93
tp22
a(F0.9281111111111111
F0.896
F0.932
tp23
a(F0.9285555555555556
F0.897
F0.932
tp24
a(F0.9296666666666666
F0.899
F0.931
tp25
a(F0.9297777777777778
F0.899
F0.931
tp26
a(F0.9302222222222222
F0.899
F0.93
tp27
a(F0.9307777777777778
F0.898
F0.93
tp28
a(F0.9311111111111111
F0.898
F0.929
tp29
a(F0.9314444444444444
F0.899
F0.926
tp30
a(F0.9325555555555556
F0.899
F0.926
tp31
a(F0.9323333333333333
F0.897
F0.926
tp32
a(F0.933
F0.898
F0.926
tp33
a(F0.9338888888888889
F0.9
F0.926
tp34
a(F0.9338888888888889
F0.9
F0.925
tp35
a(F0.9346666666666666
F0.899
F0.925
tp36
a(F0.9346666666666666
F0.899
F0.925
tp37
a(F0.9352222222222222
F0.9
F0.926
tp38
a(F0.9358888888888889
F0.899
F0.926
tp39
a(F0.9357777777777778
F0.899
F0.925
tp40
a(F0.936
F0.899
F0.925
tp41
a(F0.9366666666666666
F0.899
F0.925
tp42
a(F0.9366666666666666
F0.899
F0.925
tp43
a(F0.9372222222222222
F0.9
F0.925
tp44
a(F0.9375555555555556
F0.899
F0.925
tp45
a(F0.9375555555555556
F0.902
F0.925
tp46
a(F0.9375555555555556
F0.902
F0.925
tp47
a(F0.9381111111111111
F0.902
F0.925
tp48
a(F0.9385555555555556
F0.901
F0.925
tp49
a(F0.9386666666666666
F0.901
F0.923
tp50
a(F0.9388888888888889
F0.901
F0.923
tp51
a(F0.9392222222222222
F0.901
F0.924
tp52
a(F0.9395555555555556
F0.902
F0.925
tp53
a(F0.9398888888888889
F0.902
F0.926
tp54
a(F0.9401111111111111
F0.904
F0.926
tp55
a(F0.9402222222222222
F0.904
F0.927
tp56
a(F0.9406666666666667
F0.904
F0.927
tp57
a(F0.9406666666666667
F0.905
F0.928
tp58
a(F0.9408888888888889
F0.905
F0.928
tp59
a(F0.941
F0.905
F0.928
tp60
a(F0.9413333333333334
F0.906
F0.927
tp61
a(F0.9414444444444444
F0.906
F0.927
tp62
a(F0.9417777777777778
F0.907
F0.927
tp63
a(F0.9418888888888889
F0.908
F0.927
tp64
a(F0.9421111111111111
F0.908
F0.927
tp65
a(F0.9423333333333334
F0.908
F0.926
tp66
a(F0.9423333333333334
F0.909
F0.927
tp67
a(F0.9423333333333334
F0.909
F0.927
tp68
a(F0.9423333333333334
F0.909
F0.926
tp69
a(F0.9428888888888889
F0.909
F0.925
tp70
a(F0.943
F0.909
F0.925
tp71
a(F0.9433333333333334
F0.909
F0.925
tp72
a(F0.9433333333333334
F0.909
F0.924
tp73
a(F0.9434444444444444
F0.907
F0.924
tp74
a(F0.9433333333333334
F0.906
F0.923
tp75
a(F0.9434444444444444
F0.906
F0.923
tp76
a(F0.9437777777777778
F0.906
F0.923
tp77
a(F0.9441111111111111
F0.907
F0.924
tp78
a(F0.9441111111111111
F0.906
F0.923
tp79
a(F0.9441111111111111
F0.907
F0.924
tp80
a(F0.9443333333333334
F0.906
F0.924
tp81
a(F0.9445555555555556
F0.905
F0.924
tp82
a(F0.9445555555555556
F0.905
F0.924
tp83
a(F0.9445555555555556
F0.905
F0.923
tp84
a(F0.9447777777777778
F0.905
F0.922
tp85
a(F0.945
F0.905
F0.922
tp86
a(F0.9452222222222222
F0.904
F0.922
tp87
a(F0.9453333333333334
F0.904
F0.922
tp88
a(F0.9454444444444444
F0.904
F0.922
tp89
a(F0.9454444444444444
F0.904
F0.921
tp90
a(F0.9458888888888889
F0.904
F0.921
tp91
a(F0.946
F0.904
F0.922
tp92
a(F0.9462222222222222
F0.904
F0.922
tp93
a(F0.9462222222222222
F0.904
F0.922
tp94
a(F0.9461111111111111
F0.904
F0.922
tp95
a(F0.946
F0.904
F0.922
tp96
a(F0.946
F0.904
F0.922
tp97
a(F0.946
F0.904
F0.923
tp98
a(F0.9461111111111111
F0.906
F0.923
tp99
a(F0.946
F0.905
F0.923
tp100
a(F0.9462222222222222
F0.905
F0.923
tp101
a.