(lp0
(F0.088
F0.116
F0.095
tp1
a(F0.2936666666666667
F0.291
F0.312
tp2
a(F0.7186666666666667
F0.688
F0.749
tp3
a(F0.8341111111111111
F0.824
F0.881
tp4
a(F0.8666666666666667
F0.858
F0.907
tp5
a(F0.8813333333333333
F0.872
F0.913
tp6
a(F0.8905555555555555
F0.875
F0.919
tp7
a(F0.8958888888888888
F0.877
F0.922
tp8
a(F0.9023333333333333
F0.881
F0.923
tp9
a(F0.9067777777777778
F0.887
F0.926
tp10
a(F0.9101111111111111
F0.887
F0.927
tp11
a(F0.9142222222222223
F0.893
F0.933
tp12
a(F0.9167777777777778
F0.896
F0.938
tp13
a(F0.9187777777777778
F0.897
F0.938
tp14
a(F0.9205555555555556
F0.897
F0.938
tp15
a(F0.9221111111111111
F0.901
F0.94
tp16
a(F0.9244444444444444
F0.904
F0.939
tp17
a(F0.9263333333333333
F0.903
F0.941
tp18
a(F0.9277777777777778
F0.904
F0.94
tp19
a(F0.929
F0.905
F0.943
tp20
a(F0.93
F0.906
F0.945
tp21
a(F0.9307777777777778
F0.907
F0.944
tp22
a(F0.9317777777777778
F0.907
F0.944
tp23
a(F0.933
F0.911
F0.944
tp24
a(F0.9343333333333333
F0.911
F0.943
tp25
a(F0.9352222222222222
F0.912
F0.944
tp26
a(F0.9363333333333334
F0.915
F0.944
tp27
a(F0.9378888888888889
F0.915
F0.945
tp28
a(F0.9393333333333334
F0.915
F0.946
tp29
a(F0.9402222222222222
F0.914
F0.948
tp30
a(F0.9413333333333334
F0.915
F0.948
tp31
a(F0.942
F0.915
F0.948
tp32
a(F0.9427777777777778
F0.916
F0.948
tp33
a(F0.9434444444444444
F0.916
F0.949
tp34
a(F0.9443333333333334
F0.917
F0.949
tp35
a(F0.9448888888888889
F0.917
F0.949
tp36
a(F0.9456666666666667
F0.919
F0.949
tp37
a(F0.946
F0.92
F0.95
tp38
a(F0.947
F0.921
F0.951
tp39
a(F0.9474444444444444
F0.922
F0.952
tp40
a(F0.9482222222222222
F0.922
F0.952
tp41
a(F0.949
F0.922
F0.952
tp42
a(F0.9502222222222222
F0.923
F0.952
tp43
a(F0.9508888888888889
F0.923
F0.952
tp44
a(F0.9514444444444444
F0.924
F0.952
tp45
a(F0.9517777777777777
F0.927
F0.952
tp46
a(F0.952
F0.928
F0.952
tp47
a(F0.9527777777777777
F0.929
F0.952
tp48
a(F0.9531111111111111
F0.929
F0.952
tp49
a(F0.9534444444444444
F0.927
F0.951
tp50
a(F0.9538888888888889
F0.927
F0.951
tp51
a(F0.954
F0.926
F0.951
tp52
a(F0.9548888888888889
F0.926
F0.951
tp53
a(F0.9551111111111111
F0.927
F0.951
tp54
a(F0.9557777777777777
F0.926
F0.951
tp55
a(F0.9562222222222222
F0.927
F0.952
tp56
a(F0.9566666666666667
F0.927
F0.952
tp57
a(F0.9567777777777777
F0.927
F0.952
tp58
a(F0.9571111111111111
F0.928
F0.952
tp59
a(F0.9572222222222222
F0.928
F0.952
tp60
a(F0.9574444444444444
F0.928
F0.951
tp61
a(F0.9577777777777777
F0.928
F0.951
tp62
a(F0.9581111111111111
F0.929
F0.951
tp63
a(F0.9587777777777777
F0.929
F0.951
tp64
a(F0.9592222222222222
F0.929
F0.951
tp65
a(F0.9592222222222222
F0.929
F0.951
tp66
a(F0.9594444444444444
F0.929
F0.95
tp67
a(F0.96
F0.931
F0.95
tp68
a(F0.9602222222222222
F0.931
F0.95
tp69
a(F0.9605555555555556
F0.931
F0.95
tp70
a(F0.9606666666666667
F0.93
F0.95
tp71
a(F0.9607777777777777
F0.93
F0.95
tp72
a(F0.961
F0.929
F0.951
tp73
a(F0.961
F0.93
F0.951
tp74
a(F0.9613333333333334
F0.931
F0.95
tp75
a(F0.9617777777777777
F0.932
F0.949
tp76
a(F0.9621111111111111
F0.931
F0.949
tp77
a(F0.9625555555555556
F0.932
F0.949
tp78
a(F0.9628888888888889
F0.933
F0.949
tp79
a(F0.9633333333333334
F0.933
F0.949
tp80
a(F0.9637777777777777
F0.933
F0.949
tp81
a(F0.9638888888888889
F0.933
F0.949
tp82
a(F0.964
F0.932
F0.949
tp83
a(F0.9641111111111111
F0.932
F0.949
tp84
a(F0.9642222222222222
F0.931
F0.949
tp85
a(F0.9644444444444444
F0.931
F0.95
tp86
a(F0.9648888888888889
F0.931
F0.95
tp87
a(F0.9651111111111111
F0.932
F0.95
tp88
a(F0.9652222222222222
F0.932
F0.951
tp89
a(F0.9655555555555555
F0.933
F0.951
tp90
a(F0.9658888888888889
F0.933
F0.952
tp91
a(F0.9661111111111111
F0.933
F0.952
tp92
a(F0.9664444444444444
F0.934
F0.952
tp93
a(F0.9666666666666667
F0.934
F0.954
tp94
a(F0.9667777777777777
F0.934
F0.954
tp95
a(F0.967
F0.934
F0.952
tp96
a(F0.9673333333333334
F0.934
F0.952
tp97
a(F0.9674444444444444
F0.936
F0.953
tp98
a(F0.9677777777777777
F0.936
F0.953
tp99
a(F0.9678888888888889
F0.936
F0.954
tp100
a(F0.9682222222222222
F0.936
F0.954
tp101
a.