(lp0
(F0.09022222222222222
F0.103
F0.099
tp1
a(F0.8668888888888889
F0.855
F0.907
tp2
a(F0.8763333333333333
F0.858
F0.91
tp3
a(F0.8812222222222222
F0.861
F0.908
tp4
a(F0.8831111111111111
F0.859
F0.906
tp5
a(F0.8844444444444445
F0.862
F0.905
tp6
a(F0.8853333333333333
F0.865
F0.906
tp7
a(F0.8855555555555555
F0.864
F0.906
tp8
a(F0.8864444444444445
F0.864
F0.907
tp9
a(F0.8876666666666667
F0.864
F0.905
tp10
a(F0.8884444444444445
F0.865
F0.904
tp11
a(F0.8892222222222222
F0.865
F0.906
tp12
a(F0.8893333333333333
F0.868
F0.907
tp13
a(F0.89
F0.868
F0.909
tp14
a(F0.8907777777777778
F0.867
F0.909
tp15
a(F0.8915555555555555
F0.867
F0.908
tp16
a(F0.891
F0.868
F0.908
tp17
a(F0.8915555555555555
F0.868
F0.908
tp18
a(F0.8918888888888888
F0.867
F0.909
tp19
a(F0.8918888888888888
F0.867
F0.91
tp20
a(F0.8925555555555555
F0.868
F0.911
tp21
a(F0.8926666666666667
F0.868
F0.911
tp22
a(F0.8926666666666667
F0.868
F0.911
tp23
a(F0.8925555555555555
F0.868
F0.911
tp24
a(F0.8925555555555555
F0.868
F0.911
tp25
a(F0.893
F0.867
F0.913
tp26
a(F0.8931111111111111
F0.868
F0.913
tp27
a(F0.8924444444444445
F0.867
F0.914
tp28
a(F0.8928888888888888
F0.867
F0.914
tp29
a(F0.893
F0.868
F0.913
tp30
a(F0.8934444444444445
F0.869
F0.913
tp31
a(F0.8934444444444445
F0.869
F0.913
tp32
a(F0.8933333333333333
F0.869
F0.912
tp33
a(F0.8933333333333333
F0.869
F0.912
tp34
a(F0.8935555555555555
F0.869
F0.911
tp35
a(F0.894
F0.869
F0.911
tp36
a(F0.8944444444444445
F0.87
F0.91
tp37
a(F0.8948888888888888
F0.871
F0.909
tp38
a(F0.8948888888888888
F0.873
F0.909
tp39
a(F0.8951111111111111
F0.873
F0.909
tp40
a(F0.8947777777777778
F0.873
F0.909
tp41
a(F0.8952222222222223
F0.872
F0.908
tp42
a(F0.8952222222222223
F0.873
F0.908
tp43
a(F0.8953333333333333
F0.873
F0.91
tp44
a(F0.8953333333333333
F0.874
F0.911
tp45
a(F0.8952222222222223
F0.875
F0.912
tp46
a(F0.895
F0.875
F0.912
tp47
a(F0.8951111111111111
F0.876
F0.912
tp48
a(F0.8952222222222223
F0.876
F0.912
tp49
a(F0.8955555555555555
F0.878
F0.912
tp50
a(F0.8956666666666667
F0.878
F0.912
tp51
a(F0.896
F0.879
F0.912
tp52
a(F0.8958888888888888
F0.879
F0.912
tp53
a(F0.8958888888888888
F0.879
F0.912
tp54
a(F0.8963333333333333
F0.879
F0.912
tp55
a(F0.8964444444444445
F0.879
F0.912
tp56
a(F0.8967777777777778
F0.879
F0.911
tp57
a(F0.8968888888888888
F0.878
F0.91
tp58
a(F0.8968888888888888
F0.879
F0.91
tp59
a(F0.8971111111111111
F0.879
F0.91
tp60
a(F0.8971111111111111
F0.879
F0.909
tp61
a(F0.8973333333333333
F0.88
F0.908
tp62
a(F0.8973333333333333
F0.88
F0.907
tp63
a(F0.8973333333333333
F0.88
F0.907
tp64
a(F0.8977777777777778
F0.88
F0.907
tp65
a(F0.8977777777777778
F0.88
F0.908
tp66
a(F0.8977777777777778
F0.879
F0.908
tp67
a(F0.8977777777777778
F0.879
F0.908
tp68
a(F0.8976666666666666
F0.879
F0.908
tp69
a(F0.8976666666666666
F0.878
F0.908
tp70
a(F0.8974444444444445
F0.877
F0.908
tp71
a(F0.8972222222222223
F0.876
F0.908
tp72
a(F0.8974444444444445
F0.876
F0.908
tp73
a(F0.8974444444444445
F0.876
F0.907
tp74
a(F0.8974444444444445
F0.876
F0.907
tp75
a(F0.8974444444444445
F0.876
F0.907
tp76
a(F0.8973333333333333
F0.876
F0.907
tp77
a(F0.8972222222222223
F0.875
F0.907
tp78
a(F0.8974444444444445
F0.876
F0.907
tp79
a(F0.8974444444444445
F0.876
F0.908
tp80
a(F0.8977777777777778
F0.877
F0.908
tp81
a(F0.8976666666666666
F0.877
F0.908
tp82
a(F0.8975555555555556
F0.877
F0.908
tp83
a(F0.8977777777777778
F0.877
F0.908
tp84
a(F0.8977777777777778
F0.878
F0.908
tp85
a(F0.8977777777777778
F0.878
F0.908
tp86
a(F0.898
F0.878
F0.908
tp87
a(F0.8981111111111111
F0.878
F0.908
tp88
a(F0.8981111111111111
F0.878
F0.909
tp89
a(F0.8978888888888888
F0.878
F0.909
tp90
a(F0.898
F0.878
F0.909
tp91
a(F0.8978888888888888
F0.878
F0.909
tp92
a(F0.8981111111111111
F0.878
F0.909
tp93
a(F0.8982222222222223
F0.878
F0.909
tp94
a(F0.8983333333333333
F0.878
F0.91
tp95
a(F0.8983333333333333
F0.878
F0.91
tp96
a(F0.8982222222222223
F0.878
F0.91
tp97
a(F0.8982222222222223
F0.878
F0.91
tp98
a(F0.8982222222222223
F0.878
F0.91
tp99
a(F0.8982222222222223
F0.878
F0.911
tp100
a(F0.8982222222222223
F0.878
F0.911
tp101
a.