(lp0
(F0.11477777777777778
F0.143
F0.111
tp1
a(F0.8623333333333333
F0.841
F0.89
tp2
a(F0.8713333333333333
F0.847
F0.892
tp3
a(F0.8707777777777778
F0.846
F0.892
tp4
a(F0.874
F0.85
F0.898
tp5
a(F0.879
F0.853
F0.9
tp6
a(F0.8821111111111111
F0.859
F0.9
tp7
a(F0.8821111111111111
F0.857
F0.905
tp8
a(F0.8794444444444445
F0.852
F0.899
tp9
a(F0.8798888888888889
F0.854
F0.893
tp10
a(F0.881
F0.857
F0.897
tp11
a(F0.8815555555555555
F0.856
F0.9
tp12
a(F0.8834444444444445
F0.856
F0.899
tp13
a(F0.8841111111111111
F0.855
F0.899
tp14
a(F0.8838888888888888
F0.857
F0.902
tp15
a(F0.8838888888888888
F0.858
F0.903
tp16
a(F0.8846666666666667
F0.857
F0.903
tp17
a(F0.8856666666666667
F0.857
F0.902
tp18
a(F0.8868888888888888
F0.859
F0.902
tp19
a(F0.8872222222222222
F0.859
F0.905
tp20
a(F0.8868888888888888
F0.859
F0.904
tp21
a(F0.8873333333333333
F0.861
F0.902
tp22
a(F0.889
F0.864
F0.904
tp23
a(F0.8898888888888888
F0.867
F0.906
tp24
a(F0.8903333333333333
F0.868
F0.905
tp25
a(F0.8903333333333333
F0.87
F0.906
tp26
a(F0.8917777777777778
F0.87
F0.907
tp27
a(F0.8925555555555555
F0.871
F0.909
tp28
a(F0.8925555555555555
F0.872
F0.911
tp29
a(F0.8932222222222223
F0.876
F0.91
tp30
a(F0.8928888888888888
F0.875
F0.909
tp31
a(F0.8923333333333333
F0.877
F0.909
tp32
a(F0.8923333333333333
F0.876
F0.906
tp33
a(F0.8914444444444445
F0.871
F0.905
tp34
a(F0.8921111111111111
F0.869
F0.903
tp35
a(F0.8918888888888888
F0.868
F0.904
tp36
a(F0.891
F0.868
F0.904
tp37
a(F0.8907777777777778
F0.87
F0.904
tp38
a(F0.8902222222222222
F0.869
F0.903
tp39
a(F0.8898888888888888
F0.869
F0.904
tp40
a(F0.8901111111111111
F0.867
F0.903
tp41
a(F0.8905555555555555
F0.868
F0.903
tp42
a(F0.8905555555555555
F0.868
F0.904
tp43
a(F0.8912222222222222
F0.868
F0.901
tp44
a(F0.8913333333333333
F0.869
F0.901
tp45
a(F0.8916666666666667
F0.868
F0.901
tp46
a(F0.8916666666666667
F0.865
F0.902
tp47
a(F0.891
F0.866
F0.903
tp48
a(F0.8907777777777778
F0.866
F0.902
tp49
a(F0.891
F0.866
F0.904
tp50
a(F0.8906666666666667
F0.861
F0.904
tp51
a(F0.8906666666666667
F0.864
F0.904
tp52
a(F0.8905555555555555
F0.865
F0.905
tp53
a(F0.89
F0.865
F0.906
tp54
a(F0.8904444444444445
F0.865
F0.906
tp55
a(F0.8901111111111111
F0.866
F0.907
tp56
a(F0.8898888888888888
F0.867
F0.907
tp57
a(F0.8912222222222222
F0.868
F0.91
tp58
a(F0.8902222222222222
F0.861
F0.909
tp59
a(F0.8921111111111111
F0.866
F0.91
tp60
a(F0.8914444444444445
F0.866
F0.908
tp61
a(F0.8915555555555555
F0.861
F0.909
tp62
a(F0.8922222222222222
F0.866
F0.91
tp63
a(F0.8917777777777778
F0.863
F0.91
tp64
a(F0.8936666666666667
F0.868
F0.913
tp65
a(F0.8917777777777778
F0.864
F0.912
tp66
a(F0.8922222222222222
F0.866
F0.912
tp67
a(F0.8918888888888888
F0.867
F0.913
tp68
a(F0.8926666666666667
F0.867
F0.911
tp69
a(F0.8936666666666667
F0.871
F0.911
tp70
a(F0.8934444444444445
F0.87
F0.911
tp71
a(F0.893
F0.868
F0.911
tp72
a(F0.8933333333333333
F0.869
F0.911
tp73
a(F0.8945555555555555
F0.87
F0.91
tp74
a(F0.8926666666666667
F0.867
F0.911
tp75
a(F0.8934444444444445
F0.869
F0.912
tp76
a(F0.8928888888888888
F0.868
F0.912
tp77
a(F0.8931111111111111
F0.866
F0.912
tp78
a(F0.893
F0.868
F0.912
tp79
a(F0.8928888888888888
F0.866
F0.912
tp80
a(F0.8932222222222223
F0.867
F0.912
tp81
a(F0.893
F0.869
F0.912
tp82
a(F0.8933333333333333
F0.867
F0.911
tp83
a(F0.8936666666666667
F0.87
F0.912
tp84
a(F0.8937777777777778
F0.87
F0.911
tp85
a(F0.8936666666666667
F0.87
F0.911
tp86
a(F0.8931111111111111
F0.87
F0.911
tp87
a(F0.8928888888888888
F0.87
F0.911
tp88
a(F0.893
F0.869
F0.911
tp89
a(F0.8927777777777778
F0.867
F0.911
tp90
a(F0.8927777777777778
F0.868
F0.91
tp91
a(F0.8927777777777778
F0.868
F0.91
tp92
a(F0.8924444444444445
F0.868
F0.91
tp93
a(F0.8925555555555555
F0.869
F0.91
tp94
a(F0.8921111111111111
F0.869
F0.911
tp95
a(F0.8924444444444445
F0.869
F0.91
tp96
a(F0.8927777777777778
F0.869
F0.91
tp97
a(F0.8922222222222222
F0.869
F0.911
tp98
a(F0.8918888888888888
F0.869
F0.911
tp99
a(F0.8916666666666667
F0.866
F0.911
tp100
a(F0.8916666666666667
F0.866
F0.911
tp101
a.