(lp0
(F0.10055555555555555
F0.103
F0.094
tp1
a(F0.8976666666666666
F0.885
F0.914
tp2
a(F0.9142222222222223
F0.904
F0.917
tp3
a(F0.9281111111111111
F0.916
F0.933
tp4
a(F0.9306666666666666
F0.918
F0.933
tp5
a(F0.9365555555555556
F0.923
F0.937
tp6
a(F0.9411111111111111
F0.927
F0.94
tp7
a(F0.9437777777777778
F0.926
F0.934
tp8
a(F0.9462222222222222
F0.929
F0.941
tp9
a(F0.9475555555555556
F0.93
F0.937
tp10
a(F0.946
F0.926
F0.935
tp11
a(F0.9508888888888889
F0.923
F0.934
tp12
a(F0.951
F0.926
F0.94
tp13
a(F0.9535555555555556
F0.929
F0.935
tp14
a(F0.9568888888888889
F0.925
F0.937
tp15
a(F0.9593333333333334
F0.925
F0.946
tp16
a(F0.9591111111111111
F0.934
F0.939
tp17
a(F0.958
F0.933
F0.941
tp18
a(F0.9594444444444444
F0.932
F0.942
tp19
a(F0.9605555555555556
F0.934
F0.942
tp20
a(F0.9605555555555556
F0.925
F0.945
tp21
a(F0.9622222222222222
F0.936
F0.945
tp22
a(F0.9615555555555556
F0.927
F0.94
tp23
a(F0.9651111111111111
F0.929
F0.946
tp24
a(F0.9633333333333334
F0.927
F0.943
tp25
a(F0.9642222222222222
F0.926
F0.944
tp26
a(F0.9647777777777777
F0.93
F0.948
tp27
a(F0.9607777777777777
F0.928
F0.938
tp28
a(F0.9656666666666667
F0.931
F0.942
tp29
a(F0.9663333333333334
F0.927
F0.94
tp30
a(F0.9656666666666667
F0.932
F0.943
tp31
a(F0.964
F0.93
F0.937
tp32
a(F0.968
F0.933
F0.941
tp33
a(F0.9682222222222222
F0.933
F0.94
tp34
a(F0.968
F0.931
F0.943
tp35
a(F0.9667777777777777
F0.932
F0.943
tp36
a(F0.9651111111111111
F0.929
F0.942
tp37
a(F0.9636666666666667
F0.921
F0.944
tp38
a(F0.9683333333333334
F0.926
F0.942
tp39
a(F0.9702222222222222
F0.931
F0.938
tp40
a(F0.9695555555555555
F0.93
F0.938
tp41
a(F0.967
F0.928
F0.934
tp42
a(F0.9676666666666667
F0.934
F0.94
tp43
a(F0.9688888888888889
F0.934
F0.941
tp44
a(F0.9664444444444444
F0.933
F0.94
tp45
a(F0.9618888888888889
F0.931
F0.941
tp46
a(F0.97
F0.936
F0.942
tp47
a(F0.9683333333333334
F0.933
F0.937
tp48
a(F0.9682222222222222
F0.932
F0.939
tp49
a(F0.9694444444444444
F0.929
F0.94
tp50
a(F0.9702222222222222
F0.932
F0.941
tp51
a(F0.969
F0.934
F0.939
tp52
a(F0.9726666666666667
F0.931
F0.948
tp53
a(F0.9708888888888889
F0.933
F0.941
tp54
a(F0.9678888888888889
F0.93
F0.945
tp55
a(F0.9686666666666667
F0.93
F0.942
tp56
a(F0.9701111111111111
F0.928
F0.94
tp57
a(F0.971
F0.93
F0.94
tp58
a(F0.9714444444444444
F0.932
F0.943
tp59
a(F0.9723333333333334
F0.931
F0.937
tp60
a(F0.9721111111111111
F0.928
F0.936
tp61
a(F0.9687777777777777
F0.928
F0.936
tp62
a(F0.9714444444444444
F0.929
F0.943
tp63
a(F0.9691111111111111
F0.932
F0.944
tp64
a(F0.969
F0.924
F0.94
tp65
a(F0.9733333333333334
F0.932
F0.939
tp66
a(F0.9703333333333334
F0.928
F0.941
tp67
a(F0.9717777777777777
F0.926
F0.948
tp68
a(F0.9707777777777777
F0.922
F0.943
tp69
a(F0.9732222222222222
F0.927
F0.938
tp70
a(F0.9742222222222222
F0.926
F0.942
tp71
a(F0.9711111111111111
F0.926
F0.938
tp72
a(F0.9731111111111111
F0.929
F0.942
tp73
a(F0.9724444444444444
F0.93
F0.943
tp74
a(F0.9733333333333334
F0.929
F0.943
tp75
a(F0.9743333333333334
F0.93
F0.943
tp76
a(F0.9722222222222222
F0.927
F0.945
tp77
a(F0.9756666666666667
F0.929
F0.943
tp78
a(F0.9757777777777777
F0.925
F0.941
tp79
a(F0.9722222222222222
F0.922
F0.946
tp80
a(F0.9738888888888889
F0.925
F0.94
tp81
a(F0.9731111111111111
F0.927
F0.939
tp82
a(F0.9746666666666667
F0.929
F0.942
tp83
a(F0.9746666666666667
F0.924
F0.939
tp84
a(F0.9744444444444444
F0.928
F0.942
tp85
a(F0.9762222222222222
F0.924
F0.939
tp86
a(F0.976
F0.922
F0.943
tp87
a(F0.9747777777777777
F0.925
F0.935
tp88
a(F0.9775555555555555
F0.927
F0.942
tp89
a(F0.9768888888888889
F0.923
F0.941
tp90
a(F0.9767777777777777
F0.925
F0.938
tp91
a(F0.9765555555555555
F0.922
F0.938
tp92
a(F0.9774444444444444
F0.926
F0.941
tp93
a(F0.9746666666666667
F0.923
F0.94
tp94
a(F0.9762222222222222
F0.923
F0.935
tp95
a(F0.9757777777777777
F0.924
F0.942
tp96
a(F0.9756666666666667
F0.924
F0.94
tp97
a(F0.9768888888888889
F0.927
F0.945
tp98
a(F0.9761111111111112
F0.924
F0.945
tp99
a(F0.9787777777777777
F0.925
F0.944
tp100
a(F0.9774444444444444
F0.922
F0.941
tp101
a.