(lp0
(F0.10177777777777777
F0.097
F0.111
tp1
a(F0.11444444444444445
F0.09
F0.117
tp2
a(F0.11444444444444445
F0.09
F0.117
tp3
a(F0.11444444444444445
F0.09
F0.117
tp4
a(F0.11444444444444445
F0.09
F0.117
tp5
a(F0.11444444444444445
F0.09
F0.117
tp6
a(F0.11511111111111111
F0.09
F0.119
tp7
a(F0.20233333333333334
F0.187
F0.208
tp8
a(F0.21155555555555555
F0.193
F0.212
tp9
a(F0.21233333333333335
F0.194
F0.212
tp10
a(F0.21244444444444444
F0.193
F0.212
tp11
a(F0.23255555555555554
F0.216
F0.245
tp12
a(F0.31355555555555553
F0.301
F0.325
tp13
a(F0.3728888888888889
F0.365
F0.393
tp14
a(F0.43855555555555553
F0.419
F0.468
tp15
a(F0.5175555555555555
F0.473
F0.539
tp16
a(F0.5691111111111111
F0.53
F0.597
tp17
a(F0.6106666666666667
F0.566
F0.651
tp18
a(F0.6425555555555555
F0.606
F0.679
tp19
a(F0.6677777777777778
F0.626
F0.698
tp20
a(F0.6881111111111111
F0.65
F0.723
tp21
a(F0.7103333333333334
F0.669
F0.744
tp22
a(F0.7272222222222222
F0.683
F0.758
tp23
a(F0.7443333333333333
F0.703
F0.775
tp24
a(F0.7633333333333333
F0.719
F0.789
tp25
a(F0.7826666666666666
F0.74
F0.805
tp26
a(F0.7956666666666666
F0.758
F0.829
tp27
a(F0.8058888888888889
F0.768
F0.841
tp28
a(F0.8155555555555556
F0.785
F0.855
tp29
a(F0.8243333333333334
F0.797
F0.863
tp30
a(F0.831
F0.795
F0.87
tp31
a(F0.836
F0.806
F0.874
tp32
a(F0.8426666666666667
F0.814
F0.878
tp33
a(F0.8481111111111111
F0.815
F0.885
tp34
a(F0.8521111111111112
F0.822
F0.892
tp35
a(F0.8556666666666667
F0.826
F0.894
tp36
a(F0.8596666666666667
F0.834
F0.896
tp37
a(F0.8638888888888889
F0.837
F0.897
tp38
a(F0.8665555555555555
F0.842
F0.901
tp39
a(F0.8688888888888889
F0.843
F0.903
tp40
a(F0.8712222222222222
F0.847
F0.902
tp41
a(F0.8741111111111111
F0.85
F0.906
tp42
a(F0.8762222222222222
F0.853
F0.909
tp43
a(F0.8775555555555555
F0.855
F0.909
tp44
a(F0.8797777777777778
F0.855
F0.91
tp45
a(F0.8818888888888889
F0.853
F0.911
tp46
a(F0.8828888888888888
F0.854
F0.913
tp47
a(F0.8842222222222222
F0.855
F0.914
tp48
a(F0.8856666666666667
F0.856
F0.915
tp49
a(F0.8863333333333333
F0.858
F0.914
tp50
a(F0.8874444444444445
F0.858
F0.915
tp51
a(F0.8887777777777778
F0.862
F0.915
tp52
a(F0.8896666666666667
F0.863
F0.915
tp53
a(F0.8914444444444445
F0.864
F0.916
tp54
a(F0.893
F0.864
F0.917
tp55
a(F0.893
F0.864
F0.917
tp56
a(F0.8938888888888888
F0.865
F0.918
tp57
a(F0.8945555555555555
F0.867
F0.92
tp58
a(F0.8947777777777778
F0.867
F0.92
tp59
a(F0.8955555555555555
F0.867
F0.918
tp60
a(F0.8963333333333333
F0.868
F0.919
tp61
a(F0.8972222222222223
F0.868
F0.92
tp62
a(F0.8975555555555556
F0.867
F0.919
tp63
a(F0.8985555555555556
F0.867
F0.92
tp64
a(F0.8992222222222223
F0.869
F0.92
tp65
a(F0.8998888888888888
F0.87
F0.92
tp66
a(F0.9003333333333333
F0.87
F0.92
tp67
a(F0.9008888888888889
F0.87
F0.92
tp68
a(F0.9012222222222223
F0.87
F0.921
tp69
a(F0.9013333333333333
F0.87
F0.922
tp70
a(F0.9016666666666666
F0.87
F0.922
tp71
a(F0.9017777777777778
F0.872
F0.922
tp72
a(F0.9022222222222223
F0.872
F0.922
tp73
a(F0.9026666666666666
F0.872
F0.922
tp74
a(F0.9032222222222223
F0.873
F0.922
tp75
a(F0.9034444444444445
F0.873
F0.924
tp76
a(F0.9041111111111111
F0.874
F0.925
tp77
a(F0.9041111111111111
F0.873
F0.925
tp78
a(F0.9046666666666666
F0.873
F0.926
tp79
a(F0.9051111111111111
F0.873
F0.926
tp80
a(F0.9052222222222223
F0.873
F0.926
tp81
a(F0.9055555555555556
F0.873
F0.926
tp82
a(F0.9062222222222223
F0.873
F0.928
tp83
a(F0.9065555555555556
F0.873
F0.928
tp84
a(F0.9066666666666666
F0.874
F0.928
tp85
a(F0.9074444444444445
F0.874
F0.928
tp86
a(F0.9078888888888889
F0.874
F0.928
tp87
a(F0.9078888888888889
F0.874
F0.928
tp88
a(F0.9081111111111111
F0.874
F0.928
tp89
a(F0.9083333333333333
F0.876
F0.927
tp90
a(F0.9087777777777778
F0.877
F0.927
tp91
a(F0.9098888888888889
F0.877
F0.927
tp92
a(F0.9098888888888889
F0.876
F0.927
tp93
a(F0.9103333333333333
F0.876
F0.927
tp94
a(F0.9108888888888889
F0.876
F0.927
tp95
a(F0.9112222222222223
F0.876
F0.927
tp96
a(F0.9111111111111111
F0.876
F0.927
tp97
a(F0.9113333333333333
F0.875
F0.927
tp98
a(F0.9112222222222223
F0.875
F0.925
tp99
a(F0.9113333333333333
F0.875
F0.925
tp100
a(F0.9117777777777778
F0.875
F0.925
tp101
a.