(lp0
(F0.09577777777777778
F0.072
F0.104
tp1
a(F0.23155555555555554
F0.216
F0.237
tp2
a(F0.7055555555555556
F0.668
F0.745
tp3
a(F0.8382222222222222
F0.826
F0.866
tp4
a(F0.8732222222222222
F0.855
F0.897
tp5
a(F0.8873333333333333
F0.864
F0.91
tp6
a(F0.892
F0.87
F0.916
tp7
a(F0.8955555555555555
F0.877
F0.925
tp8
a(F0.9
F0.88
F0.928
tp9
a(F0.9031111111111111
F0.881
F0.927
tp10
a(F0.9054444444444445
F0.884
F0.927
tp11
a(F0.909
F0.888
F0.927
tp12
a(F0.9114444444444444
F0.889
F0.926
tp13
a(F0.9145555555555556
F0.891
F0.924
tp14
a(F0.9174444444444444
F0.894
F0.928
tp15
a(F0.9195555555555556
F0.896
F0.93
tp16
a(F0.9208888888888889
F0.898
F0.933
tp17
a(F0.9224444444444444
F0.899
F0.933
tp18
a(F0.9245555555555556
F0.902
F0.933
tp19
a(F0.9254444444444444
F0.903
F0.933
tp20
a(F0.9261111111111111
F0.903
F0.935
tp21
a(F0.9272222222222222
F0.905
F0.934
tp22
a(F0.9283333333333333
F0.906
F0.934
tp23
a(F0.9293333333333333
F0.906
F0.934
tp24
a(F0.9298888888888889
F0.906
F0.934
tp25
a(F0.9305555555555556
F0.905
F0.933
tp26
a(F0.9314444444444444
F0.907
F0.932
tp27
a(F0.9322222222222222
F0.908
F0.933
tp28
a(F0.9327777777777778
F0.907
F0.933
tp29
a(F0.9336666666666666
F0.905
F0.933
tp30
a(F0.9343333333333333
F0.909
F0.934
tp31
a(F0.9348888888888889
F0.91
F0.935
tp32
a(F0.9352222222222222
F0.91
F0.936
tp33
a(F0.936
F0.911
F0.935
tp34
a(F0.9367777777777778
F0.911
F0.934
tp35
a(F0.9374444444444444
F0.91
F0.933
tp36
a(F0.9374444444444444
F0.909
F0.933
tp37
a(F0.9378888888888889
F0.91
F0.932
tp38
a(F0.9383333333333334
F0.91
F0.932
tp39
a(F0.9385555555555556
F0.908
F0.932
tp40
a(F0.939
F0.908
F0.933
tp41
a(F0.9391111111111111
F0.909
F0.933
tp42
a(F0.939
F0.909
F0.934
tp43
a(F0.9395555555555556
F0.909
F0.933
tp44
a(F0.9398888888888889
F0.909
F0.934
tp45
a(F0.9407777777777778
F0.91
F0.934
tp46
a(F0.9411111111111111
F0.911
F0.934
tp47
a(F0.9415555555555556
F0.911
F0.934
tp48
a(F0.9415555555555556
F0.912
F0.934
tp49
a(F0.9417777777777778
F0.913
F0.934
tp50
a(F0.942
F0.914
F0.936
tp51
a(F0.9421111111111111
F0.914
F0.937
tp52
a(F0.943
F0.913
F0.937
tp53
a(F0.9435555555555556
F0.913
F0.937
tp54
a(F0.944
F0.912
F0.937
tp55
a(F0.9441111111111111
F0.912
F0.937
tp56
a(F0.9445555555555556
F0.912
F0.938
tp57
a(F0.9443333333333334
F0.912
F0.938
tp58
a(F0.9446666666666667
F0.913
F0.938
tp59
a(F0.9452222222222222
F0.913
F0.938
tp60
a(F0.9458888888888889
F0.913
F0.938
tp61
a(F0.946
F0.914
F0.938
tp62
a(F0.9461111111111111
F0.914
F0.938
tp63
a(F0.9466666666666667
F0.915
F0.939
tp64
a(F0.947
F0.915
F0.939
tp65
a(F0.9471111111111111
F0.915
F0.939
tp66
a(F0.9474444444444444
F0.913
F0.94
tp67
a(F0.9474444444444444
F0.914
F0.94
tp68
a(F0.9477777777777778
F0.913
F0.941
tp69
a(F0.9481111111111111
F0.913
F0.941
tp70
a(F0.9482222222222222
F0.913
F0.941
tp71
a(F0.9485555555555556
F0.913
F0.941
tp72
a(F0.9485555555555556
F0.914
F0.941
tp73
a(F0.9485555555555556
F0.914
F0.941
tp74
a(F0.9486666666666667
F0.914
F0.941
tp75
a(F0.9487777777777778
F0.915
F0.941
tp76
a(F0.9488888888888889
F0.916
F0.941
tp77
a(F0.949
F0.916
F0.941
tp78
a(F0.9488888888888889
F0.916
F0.941
tp79
a(F0.949
F0.916
F0.941
tp80
a(F0.9492222222222222
F0.919
F0.941
tp81
a(F0.9493333333333334
F0.919
F0.941
tp82
a(F0.9493333333333334
F0.918
F0.94
tp83
a(F0.9493333333333334
F0.918
F0.941
tp84
a(F0.9495555555555556
F0.918
F0.942
tp85
a(F0.9496666666666667
F0.918
F0.942
tp86
a(F0.9496666666666667
F0.918
F0.942
tp87
a(F0.9496666666666667
F0.917
F0.942
tp88
a(F0.9496666666666667
F0.916
F0.943
tp89
a(F0.9497777777777778
F0.917
F0.943
tp90
a(F0.9498888888888889
F0.917
F0.943
tp91
a(F0.9497777777777778
F0.917
F0.943
tp92
a(F0.9498888888888889
F0.918
F0.944
tp93
a(F0.95
F0.917
F0.944
tp94
a(F0.9503333333333334
F0.917
F0.944
tp95
a(F0.9503333333333334
F0.916
F0.944
tp96
a(F0.9504444444444444
F0.917
F0.944
tp97
a(F0.9505555555555556
F0.917
F0.944
tp98
a(F0.9506666666666667
F0.916
F0.944
tp99
a(F0.9505555555555556
F0.916
F0.944
tp100
a(F0.9506666666666667
F0.916
F0.944
tp101
a.