(lp0
(F0.077
F0.078
F0.08
tp1
a(F0.611
F0.588
F0.647
tp2
a(F0.5671111111111111
F0.533
F0.597
tp3
a(F0.5717777777777778
F0.542
F0.608
tp4
a(F0.5956666666666667
F0.565
F0.634
tp5
a(F0.6178888888888889
F0.586
F0.659
tp6
a(F0.6331111111111111
F0.598
F0.673
tp7
a(F0.6498888888888888
F0.617
F0.69
tp8
a(F0.6668888888888889
F0.642
F0.714
tp9
a(F0.6823333333333333
F0.659
F0.729
tp10
a(F0.6968888888888889
F0.679
F0.748
tp11
a(F0.713
F0.692
F0.759
tp12
a(F0.7244444444444444
F0.702
F0.771
tp13
a(F0.7344444444444445
F0.715
F0.781
tp14
a(F0.7456666666666667
F0.728
F0.794
tp15
a(F0.7581111111111111
F0.738
F0.805
tp16
a(F0.7698888888888888
F0.746
F0.816
tp17
a(F0.7773333333333333
F0.761
F0.825
tp18
a(F0.7854444444444444
F0.771
F0.838
tp19
a(F0.7952222222222223
F0.774
F0.85
tp20
a(F0.8027777777777778
F0.777
F0.855
tp21
a(F0.8082222222222222
F0.788
F0.86
tp22
a(F0.8124444444444444
F0.794
F0.865
tp23
a(F0.8176666666666667
F0.796
F0.867
tp24
a(F0.8204444444444444
F0.8
F0.871
tp25
a(F0.8236666666666667
F0.801
F0.874
tp26
a(F0.8262222222222222
F0.802
F0.878
tp27
a(F0.8288888888888889
F0.804
F0.879
tp28
a(F0.8304444444444444
F0.808
F0.88
tp29
a(F0.8331111111111111
F0.811
F0.882
tp30
a(F0.835
F0.812
F0.883
tp31
a(F0.8365555555555556
F0.815
F0.883
tp32
a(F0.8377777777777777
F0.816
F0.883
tp33
a(F0.8385555555555556
F0.818
F0.885
tp34
a(F0.8384444444444444
F0.819
F0.885
tp35
a(F0.8394444444444444
F0.819
F0.886
tp36
a(F0.8402222222222222
F0.821
F0.887
tp37
a(F0.8407777777777777
F0.821
F0.887
tp38
a(F0.8414444444444444
F0.823
F0.888
tp39
a(F0.8424444444444444
F0.825
F0.888
tp40
a(F0.8428888888888889
F0.826
F0.889
tp41
a(F0.8431111111111111
F0.827
F0.89
tp42
a(F0.8436666666666667
F0.828
F0.89
tp43
a(F0.8441111111111111
F0.829
F0.89
tp44
a(F0.8445555555555555
F0.829
F0.891
tp45
a(F0.8448888888888889
F0.829
F0.891
tp46
a(F0.8457777777777777
F0.83
F0.892
tp47
a(F0.846
F0.831
F0.893
tp48
a(F0.8465555555555555
F0.83
F0.893
tp49
a(F0.8478888888888889
F0.831
F0.893
tp50
a(F0.8482222222222222
F0.832
F0.893
tp51
a(F0.8488888888888889
F0.834
F0.892
tp52
a(F0.8493333333333334
F0.835
F0.892
tp53
a(F0.8494444444444444
F0.835
F0.892
tp54
a(F0.85
F0.835
F0.891
tp55
a(F0.8501111111111112
F0.835
F0.891
tp56
a(F0.8501111111111112
F0.835
F0.891
tp57
a(F0.8502222222222222
F0.835
F0.891
tp58
a(F0.8502222222222222
F0.835
F0.892
tp59
a(F0.8505555555555555
F0.836
F0.892
tp60
a(F0.8515555555555555
F0.837
F0.892
tp61
a(F0.852
F0.837
F0.892
tp62
a(F0.8525555555555555
F0.837
F0.892
tp63
a(F0.8528888888888889
F0.837
F0.892
tp64
a(F0.8531111111111112
F0.837
F0.893
tp65
a(F0.8537777777777777
F0.837
F0.894
tp66
a(F0.8537777777777777
F0.837
F0.893
tp67
a(F0.8543333333333333
F0.837
F0.896
tp68
a(F0.8545555555555555
F0.837
F0.896
tp69
a(F0.8546666666666667
F0.838
F0.895
tp70
a(F0.8548888888888889
F0.838
F0.895
tp71
a(F0.8547777777777777
F0.839
F0.895
tp72
a(F0.855
F0.84
F0.895
tp73
a(F0.8553333333333333
F0.841
F0.895
tp74
a(F0.8555555555555555
F0.841
F0.895
tp75
a(F0.8562222222222222
F0.841
F0.895
tp76
a(F0.8561111111111112
F0.842
F0.896
tp77
a(F0.8566666666666667
F0.842
F0.896
tp78
a(F0.8571111111111112
F0.842
F0.897
tp79
a(F0.8571111111111112
F0.841
F0.897
tp80
a(F0.8576666666666667
F0.841
F0.897
tp81
a(F0.858
F0.841
F0.897
tp82
a(F0.8581111111111112
F0.841
F0.897
tp83
a(F0.8581111111111112
F0.841
F0.897
tp84
a(F0.8582222222222222
F0.841
F0.897
tp85
a(F0.8582222222222222
F0.841
F0.897
tp86
a(F0.8582222222222222
F0.841
F0.897
tp87
a(F0.8581111111111112
F0.843
F0.897
tp88
a(F0.8583333333333333
F0.843
F0.897
tp89
a(F0.8585555555555555
F0.843
F0.897
tp90
a(F0.8588888888888889
F0.843
F0.897
tp91
a(F0.8588888888888889
F0.844
F0.896
tp92
a(F0.8591111111111112
F0.845
F0.896
tp93
a(F0.8594444444444445
F0.844
F0.896
tp94
a(F0.8597777777777778
F0.845
F0.896
tp95
a(F0.8601111111111112
F0.846
F0.896
tp96
a(F0.8602222222222222
F0.845
F0.896
tp97
a(F0.8605555555555555
F0.845
F0.896
tp98
a(F0.8606666666666667
F0.845
F0.896
tp99
a(F0.861
F0.846
F0.896
tp100
a(F0.8608888888888889
F0.846
F0.897
tp101
a.