(lp0
(F0.09811111111111111
F0.106
F0.087
tp1
a(F0.8632222222222222
F0.846
F0.89
tp2
a(F0.8992222222222223
F0.877
F0.917
tp3
a(F0.9087777777777778
F0.894
F0.913
tp4
a(F0.9121111111111111
F0.892
F0.923
tp5
a(F0.9146666666666666
F0.885
F0.921
tp6
a(F0.9176666666666666
F0.889
F0.923
tp7
a(F0.9205555555555556
F0.89
F0.925
tp8
a(F0.9218888888888889
F0.892
F0.927
tp9
a(F0.9217777777777778
F0.897
F0.927
tp10
a(F0.9258888888888889
F0.896
F0.931
tp11
a(F0.9261111111111111
F0.895
F0.932
tp12
a(F0.9292222222222222
F0.896
F0.928
tp13
a(F0.9287777777777778
F0.897
F0.933
tp14
a(F0.9305555555555556
F0.895
F0.933
tp15
a(F0.9337777777777778
F0.898
F0.932
tp16
a(F0.9336666666666666
F0.9
F0.934
tp17
a(F0.9301111111111111
F0.897
F0.931
tp18
a(F0.9303333333333333
F0.9
F0.927
tp19
a(F0.9304444444444444
F0.892
F0.929
tp20
a(F0.9308888888888889
F0.896
F0.927
tp21
a(F0.9327777777777778
F0.894
F0.926
tp22
a(F0.9334444444444444
F0.891
F0.924
tp23
a(F0.9348888888888889
F0.895
F0.924
tp24
a(F0.9325555555555556
F0.899
F0.929
tp25
a(F0.9353333333333333
F0.892
F0.923
tp26
a(F0.9348888888888889
F0.892
F0.923
tp27
a(F0.9383333333333334
F0.897
F0.924
tp28
a(F0.9373333333333334
F0.904
F0.926
tp29
a(F0.937
F0.903
F0.926
tp30
a(F0.9385555555555556
F0.894
F0.926
tp31
a(F0.9388888888888889
F0.897
F0.923
tp32
a(F0.9348888888888889
F0.897
F0.924
tp33
a(F0.9368888888888889
F0.899
F0.929
tp34
a(F0.9334444444444444
F0.896
F0.931
tp35
a(F0.9384444444444444
F0.895
F0.928
tp36
a(F0.9353333333333333
F0.892
F0.919
tp37
a(F0.9367777777777778
F0.89
F0.927
tp38
a(F0.9371111111111111
F0.89
F0.93
tp39
a(F0.9375555555555556
F0.897
F0.925
tp40
a(F0.9352222222222222
F0.89
F0.924
tp41
a(F0.9398888888888889
F0.893
F0.929
tp42
a(F0.9384444444444444
F0.898
F0.924
tp43
a(F0.942
F0.897
F0.933
tp44
a(F0.9413333333333334
F0.895
F0.933
tp45
a(F0.9365555555555556
F0.889
F0.927
tp46
a(F0.9372222222222222
F0.895
F0.926
tp47
a(F0.9396666666666667
F0.896
F0.926
tp48
a(F0.9395555555555556
F0.888
F0.924
tp49
a(F0.9431111111111111
F0.898
F0.93
tp50
a(F0.9416666666666667
F0.898
F0.929
tp51
a(F0.9303333333333333
F0.886
F0.92
tp52
a(F0.938
F0.899
F0.93
tp53
a(F0.9401111111111111
F0.893
F0.917
tp54
a(F0.9373333333333334
F0.893
F0.92
tp55
a(F0.9394444444444444
F0.898
F0.934
tp56
a(F0.9267777777777778
F0.893
F0.923
tp57
a(F0.9338888888888889
F0.886
F0.917
tp58
a(F0.9388888888888889
F0.897
F0.925
tp59
a(F0.9425555555555556
F0.896
F0.93
tp60
a(F0.9442222222222222
F0.901
F0.935
tp61
a(F0.9368888888888889
F0.891
F0.923
tp62
a(F0.9395555555555556
F0.897
F0.923
tp63
a(F0.9415555555555556
F0.894
F0.926
tp64
a(F0.9406666666666667
F0.891
F0.929
tp65
a(F0.938
F0.888
F0.923
tp66
a(F0.9425555555555556
F0.896
F0.927
tp67
a(F0.9457777777777778
F0.897
F0.926
tp68
a(F0.9398888888888889
F0.893
F0.918
tp69
a(F0.9424444444444444
F0.892
F0.926
tp70
a(F0.9398888888888889
F0.887
F0.922
tp71
a(F0.945
F0.894
F0.923
tp72
a(F0.942
F0.896
F0.926
tp73
a(F0.9427777777777778
F0.891
F0.917
tp74
a(F0.9432222222222222
F0.894
F0.924
tp75
a(F0.9426666666666667
F0.893
F0.926
tp76
a(F0.9376666666666666
F0.893
F0.925
tp77
a(F0.9446666666666667
F0.893
F0.929
tp78
a(F0.9463333333333334
F0.89
F0.925
tp79
a(F0.9408888888888889
F0.89
F0.924
tp80
a(F0.9444444444444444
F0.897
F0.928
tp81
a(F0.9415555555555556
F0.889
F0.933
tp82
a(F0.9425555555555556
F0.89
F0.925
tp83
a(F0.9432222222222222
F0.892
F0.926
tp84
a(F0.9457777777777778
F0.887
F0.929
tp85
a(F0.9444444444444444
F0.889
F0.921
tp86
a(F0.9431111111111111
F0.896
F0.919
tp87
a(F0.9462222222222222
F0.895
F0.931
tp88
a(F0.9454444444444444
F0.894
F0.926
tp89
a(F0.9357777777777778
F0.882
F0.922
tp90
a(F0.9433333333333334
F0.894
F0.92
tp91
a(F0.9398888888888889
F0.896
F0.919
tp92
a(F0.9455555555555556
F0.891
F0.926
tp93
a(F0.9431111111111111
F0.89
F0.925
tp94
a(F0.9421111111111111
F0.901
F0.928
tp95
a(F0.9478888888888889
F0.89
F0.928
tp96
a(F0.945
F0.894
F0.926
tp97
a(F0.9462222222222222
F0.896
F0.92
tp98
a(F0.943
F0.896
F0.922
tp99
a(F0.9448888888888889
F0.898
F0.923
tp100
a(F0.9473333333333334
F0.899
F0.924
tp101
a.