(lp0
(F0.10055555555555555
F0.103
F0.094
tp1
a(F0.8838888888888888
F0.865
F0.908
tp2
a(F0.915
F0.894
F0.922
tp3
a(F0.9208888888888889
F0.901
F0.924
tp4
a(F0.9277777777777778
F0.902
F0.939
tp5
a(F0.9301111111111111
F0.909
F0.939
tp6
a(F0.9326666666666666
F0.903
F0.938
tp7
a(F0.9328888888888889
F0.901
F0.942
tp8
a(F0.9327777777777778
F0.898
F0.933
tp9
a(F0.9357777777777778
F0.902
F0.936
tp10
a(F0.9397777777777778
F0.896
F0.939
tp11
a(F0.9448888888888889
F0.905
F0.942
tp12
a(F0.9422222222222222
F0.906
F0.94
tp13
a(F0.9412222222222222
F0.905
F0.941
tp14
a(F0.9433333333333334
F0.912
F0.944
tp15
a(F0.9444444444444444
F0.915
F0.943
tp16
a(F0.9475555555555556
F0.916
F0.945
tp17
a(F0.9508888888888889
F0.918
F0.951
tp18
a(F0.9485555555555556
F0.916
F0.949
tp19
a(F0.9473333333333334
F0.915
F0.95
tp20
a(F0.9432222222222222
F0.917
F0.947
tp21
a(F0.9452222222222222
F0.914
F0.943
tp22
a(F0.9386666666666666
F0.907
F0.943
tp23
a(F0.9434444444444444
F0.909
F0.941
tp24
a(F0.9463333333333334
F0.911
F0.945
tp25
a(F0.946
F0.914
F0.945
tp26
a(F0.9424444444444444
F0.903
F0.946
tp27
a(F0.9413333333333334
F0.904
F0.946
tp28
a(F0.9383333333333334
F0.892
F0.947
tp29
a(F0.9486666666666667
F0.906
F0.95
tp30
a(F0.9484444444444444
F0.917
F0.946
tp31
a(F0.95
F0.909
F0.95
tp32
a(F0.947
F0.915
F0.947
tp33
a(F0.9438888888888889
F0.91
F0.945
tp34
a(F0.9491111111111111
F0.909
F0.949
tp35
a(F0.9438888888888889
F0.909
F0.946
tp36
a(F0.9441111111111111
F0.907
F0.946
tp37
a(F0.9447777777777778
F0.904
F0.942
tp38
a(F0.9537777777777777
F0.911
F0.947
tp39
a(F0.9547777777777777
F0.909
F0.949
tp40
a(F0.9552222222222222
F0.911
F0.947
tp41
a(F0.951
F0.914
F0.945
tp42
a(F0.9501111111111111
F0.915
F0.946
tp43
a(F0.957
F0.923
F0.953
tp44
a(F0.9566666666666667
F0.913
F0.951
tp45
a(F0.9526666666666667
F0.913
F0.949
tp46
a(F0.9556666666666667
F0.918
F0.953
tp47
a(F0.9502222222222222
F0.918
F0.948
tp48
a(F0.9594444444444444
F0.917
F0.951
tp49
a(F0.9418888888888889
F0.898
F0.942
tp50
a(F0.9585555555555556
F0.921
F0.952
tp51
a(F0.9593333333333334
F0.919
F0.953
tp52
a(F0.9608888888888889
F0.916
F0.952
tp53
a(F0.9597777777777777
F0.918
F0.951
tp54
a(F0.9597777777777777
F0.922
F0.951
tp55
a(F0.9634444444444444
F0.922
F0.956
tp56
a(F0.9603333333333334
F0.912
F0.951
tp57
a(F0.9632222222222222
F0.918
F0.953
tp58
a(F0.9526666666666667
F0.911
F0.948
tp59
a(F0.9633333333333334
F0.914
F0.951
tp60
a(F0.9645555555555556
F0.918
F0.952
tp61
a(F0.9613333333333334
F0.915
F0.95
tp62
a(F0.9595555555555556
F0.912
F0.949
tp63
a(F0.9591111111111111
F0.915
F0.951
tp64
a(F0.9594444444444444
F0.92
F0.947
tp65
a(F0.956
F0.915
F0.949
tp66
a(F0.9592222222222222
F0.919
F0.953
tp67
a(F0.9638888888888889
F0.921
F0.952
tp68
a(F0.9623333333333334
F0.921
F0.952
tp69
a(F0.9653333333333334
F0.919
F0.95
tp70
a(F0.9663333333333334
F0.921
F0.954
tp71
a(F0.9652222222222222
F0.925
F0.955
tp72
a(F0.9661111111111111
F0.921
F0.951
tp73
a(F0.9638888888888889
F0.919
F0.952
tp74
a(F0.9612222222222222
F0.922
F0.953
tp75
a(F0.9635555555555556
F0.921
F0.955
tp76
a(F0.9642222222222222
F0.924
F0.95
tp77
a(F0.9654444444444444
F0.921
F0.952
tp78
a(F0.9644444444444444
F0.924
F0.954
tp79
a(F0.966
F0.924
F0.954
tp80
a(F0.9527777777777777
F0.913
F0.947
tp81
a(F0.9672222222222222
F0.925
F0.952
tp82
a(F0.9666666666666667
F0.919
F0.953
tp83
a(F0.9675555555555555
F0.922
F0.95
tp84
a(F0.9693333333333334
F0.919
F0.954
tp85
a(F0.9652222222222222
F0.929
F0.951
tp86
a(F0.9638888888888889
F0.929
F0.956
tp87
a(F0.9666666666666667
F0.924
F0.95
tp88
a(F0.9681111111111111
F0.921
F0.953
tp89
a(F0.9678888888888889
F0.919
F0.951
tp90
a(F0.9657777777777777
F0.923
F0.95
tp91
a(F0.965
F0.924
F0.951
tp92
a(F0.9648888888888889
F0.925
F0.952
tp93
a(F0.9646666666666667
F0.925
F0.954
tp94
a(F0.967
F0.931
F0.95
tp95
a(F0.9651111111111111
F0.915
F0.95
tp96
a(F0.9666666666666667
F0.92
F0.953
tp97
a(F0.97
F0.918
F0.951
tp98
a(F0.9678888888888889
F0.923
F0.954
tp99
a(F0.9671111111111111
F0.923
F0.949
tp100
a(F0.9632222222222222
F0.919
F0.952
tp101
a.