(lp0
(F0.057
F0.062
F0.059
tp1
a(F0.8662222222222222
F0.848
F0.901
tp2
a(F0.8741111111111111
F0.854
F0.905
tp3
a(F0.8773333333333333
F0.855
F0.905
tp4
a(F0.882
F0.859
F0.909
tp5
a(F0.8812222222222222
F0.86
F0.907
tp6
a(F0.8823333333333333
F0.86
F0.905
tp7
a(F0.8823333333333333
F0.861
F0.904
tp8
a(F0.8822222222222222
F0.861
F0.902
tp9
a(F0.8841111111111111
F0.86
F0.902
tp10
a(F0.885
F0.859
F0.905
tp11
a(F0.8858888888888888
F0.861
F0.904
tp12
a(F0.8871111111111111
F0.86
F0.906
tp13
a(F0.8876666666666667
F0.86
F0.906
tp14
a(F0.888
F0.86
F0.906
tp15
a(F0.8892222222222222
F0.861
F0.908
tp16
a(F0.8901111111111111
F0.862
F0.907
tp17
a(F0.8903333333333333
F0.862
F0.907
tp18
a(F0.8908888888888888
F0.865
F0.908
tp19
a(F0.8913333333333333
F0.866
F0.908
tp20
a(F0.8917777777777778
F0.866
F0.907
tp21
a(F0.8923333333333333
F0.869
F0.909
tp22
a(F0.8918888888888888
F0.868
F0.909
tp23
a(F0.8925555555555555
F0.867
F0.91
tp24
a(F0.8926666666666667
F0.87
F0.91
tp25
a(F0.8922222222222222
F0.869
F0.909
tp26
a(F0.8922222222222222
F0.868
F0.908
tp27
a(F0.8921111111111111
F0.869
F0.908
tp28
a(F0.8923333333333333
F0.868
F0.909
tp29
a(F0.8924444444444445
F0.868
F0.909
tp30
a(F0.8925555555555555
F0.867
F0.908
tp31
a(F0.8927777777777778
F0.867
F0.908
tp32
a(F0.8927777777777778
F0.867
F0.908
tp33
a(F0.8927777777777778
F0.867
F0.908
tp34
a(F0.8926666666666667
F0.866
F0.908
tp35
a(F0.8924444444444445
F0.865
F0.908
tp36
a(F0.8924444444444445
F0.865
F0.908
tp37
a(F0.8917777777777778
F0.865
F0.909
tp38
a(F0.8918888888888888
F0.866
F0.909
tp39
a(F0.8918888888888888
F0.868
F0.909
tp40
a(F0.892
F0.868
F0.909
tp41
a(F0.8925555555555555
F0.868
F0.909
tp42
a(F0.8926666666666667
F0.868
F0.908
tp43
a(F0.8926666666666667
F0.869
F0.908
tp44
a(F0.8928888888888888
F0.869
F0.909
tp45
a(F0.8932222222222223
F0.87
F0.909
tp46
a(F0.8933333333333333
F0.869
F0.91
tp47
a(F0.8933333333333333
F0.869
F0.911
tp48
a(F0.8933333333333333
F0.87
F0.911
tp49
a(F0.8934444444444445
F0.87
F0.911
tp50
a(F0.8934444444444445
F0.869
F0.911
tp51
a(F0.8936666666666667
F0.87
F0.911
tp52
a(F0.8943333333333333
F0.871
F0.911
tp53
a(F0.8948888888888888
F0.871
F0.911
tp54
a(F0.8951111111111111
F0.871
F0.911
tp55
a(F0.8953333333333333
F0.871
F0.911
tp56
a(F0.8957777777777778
F0.871
F0.911
tp57
a(F0.8958888888888888
F0.872
F0.911
tp58
a(F0.8958888888888888
F0.872
F0.911
tp59
a(F0.8957777777777778
F0.872
F0.911
tp60
a(F0.8958888888888888
F0.872
F0.911
tp61
a(F0.8961111111111111
F0.872
F0.911
tp62
a(F0.8961111111111111
F0.872
F0.911
tp63
a(F0.896
F0.872
F0.911
tp64
a(F0.896
F0.873
F0.911
tp65
a(F0.8957777777777778
F0.874
F0.911
tp66
a(F0.8955555555555555
F0.875
F0.911
tp67
a(F0.896
F0.875
F0.911
tp68
a(F0.8958888888888888
F0.876
F0.911
tp69
a(F0.8958888888888888
F0.877
F0.911
tp70
a(F0.8958888888888888
F0.876
F0.911
tp71
a(F0.8958888888888888
F0.876
F0.911
tp72
a(F0.8962222222222223
F0.877
F0.91
tp73
a(F0.8964444444444445
F0.878
F0.91
tp74
a(F0.8965555555555556
F0.878
F0.908
tp75
a(F0.8967777777777778
F0.879
F0.908
tp76
a(F0.8968888888888888
F0.88
F0.908
tp77
a(F0.8967777777777778
F0.88
F0.909
tp78
a(F0.8971111111111111
F0.879
F0.909
tp79
a(F0.897
F0.878
F0.909
tp80
a(F0.8968888888888888
F0.878
F0.909
tp81
a(F0.897
F0.878
F0.908
tp82
a(F0.8968888888888888
F0.878
F0.908
tp83
a(F0.8971111111111111
F0.878
F0.91
tp84
a(F0.8968888888888888
F0.878
F0.91
tp85
a(F0.8966666666666666
F0.878
F0.91
tp86
a(F0.8968888888888888
F0.878
F0.91
tp87
a(F0.8967777777777778
F0.877
F0.91
tp88
a(F0.8967777777777778
F0.876
F0.91
tp89
a(F0.8967777777777778
F0.877
F0.91
tp90
a(F0.8968888888888888
F0.878
F0.91
tp91
a(F0.897
F0.878
F0.909
tp92
a(F0.8968888888888888
F0.878
F0.908
tp93
a(F0.8971111111111111
F0.879
F0.907
tp94
a(F0.8974444444444445
F0.878
F0.907
tp95
a(F0.8973333333333333
F0.877
F0.907
tp96
a(F0.8973333333333333
F0.877
F0.907
tp97
a(F0.8972222222222223
F0.877
F0.907
tp98
a(F0.8975555555555556
F0.877
F0.906
tp99
a(F0.8976666666666666
F0.877
F0.906
tp100
a(F0.8975555555555556
F0.877
F0.906
tp101
a.